\BOOKMARK [1][-]{section.1}{\376\377\000I\000n\000t\000r\000o\000d\000u\000c\000t\000i\000o\000n}{}% 1
\BOOKMARK [1][-]{section.2}{\376\377\000B\000a\000c\000k\000g\000r\000o\000u\000n\000d\000:\000\040\000E\000N\000S\000O\000\040\000D\000y\000n\000a\000m\000i\000c\000s\000\040\000a\000n\000d\000\040\000t\000h\000e\000\040\000E\000x\000t\000e\000n\000d\000e\000d\000\040\000R\000e\000c\000h\000a\000r\000g\000e\000\040\000O\000s\000c\000i\000l\000l\000a\000t\000o\000r}{}% 2
\BOOKMARK [2][-]{subsection.2.1}{\376\377\000E\000l\000\040\000N\000i\000\361\000o\000-\000S\000o\000u\000t\000h\000e\000r\000n\000\040\000O\000s\000c\000i\000l\000l\000a\000t\000i\000o\000n}{section.2}% 3
\BOOKMARK [2][-]{subsection.2.2}{\376\377\000C\000l\000i\000m\000a\000t\000e\000\040\000M\000o\000d\000e\000s\000\040\000a\000n\000d\000\040\000S\000t\000a\000t\000e\000\040\000V\000a\000r\000i\000a\000b\000l\000e\000s}{section.2}% 4
\BOOKMARK [2][-]{subsection.2.3}{\376\377\000T\000h\000e\000\040\000R\000e\000c\000h\000a\000r\000g\000e\000\040\000O\000s\000c\000i\000l\000l\000a\000t\000o\000r\000\040\000M\000o\000d\000e\000l}{section.2}% 5
\BOOKMARK [2][-]{subsection.2.4}{\376\377\000T\000h\000e\000\040\000E\000x\000t\000e\000n\000d\000e\000d\000\040\000R\000e\000c\000h\000a\000r\000g\000e\000\040\000O\000s\000c\000i\000l\000l\000a\000t\000o\000r\000\040\000\050\000X\000R\000O\000\051\000\040\000M\000o\000d\000e\000l}{section.2}% 6
\BOOKMARK [3][-]{subsubsection.2.4.1}{\376\377\000S\000e\000a\000s\000o\000n\000a\000l\000\040\000L\000i\000n\000e\000a\000r\000\040\000O\000p\000e\000r\000a\000t\000o\000r}{subsection.2.4}% 7
\BOOKMARK [3][-]{subsubsection.2.4.2}{\376\377\000R\000e\000c\000h\000a\000r\000g\000e\000\040\000O\000s\000c\000i\000l\000l\000a\000t\000o\000r\000\040\000N\000o\000n\000l\000i\000n\000e\000a\000r\000i\000t\000i\000e\000s}{subsection.2.4}% 8
\BOOKMARK [3][-]{subsubsection.2.4.3}{\376\377\000D\000i\000a\000g\000o\000n\000a\000l\000\040\000N\000o\000n\000l\000i\000n\000e\000a\000r\000i\000t\000i\000e\000s}{subsection.2.4}% 9
\BOOKMARK [3][-]{subsubsection.2.4.4}{\376\377\000S\000t\000o\000c\000h\000a\000s\000t\000i\000c\000\040\000F\000o\000r\000c\000i\000n\000g}{subsection.2.4}% 10
\BOOKMARK [2][-]{subsection.2.5}{\376\377\000X\000R\000O\000\040\000F\000i\000t\000t\000i\000n\000g\000\040\000P\000r\000o\000c\000e\000d\000u\000r\000e}{section.2}% 11
\BOOKMARK [2][-]{subsection.2.6}{\376\377\000L\000i\000m\000i\000t\000a\000t\000i\000o\000n\000s\000\040\000M\000o\000t\000i\000v\000a\000t\000i\000n\000g\000\040\000N\000e\000u\000r\000a\000l\000\040\000E\000x\000t\000e\000n\000s\000i\000o\000n\000s}{section.2}% 12
\BOOKMARK [1][-]{section.3}{\376\377\000N\000e\000u\000r\000a\000l\000\040\000R\000e\000s\000i\000d\000u\000a\000l\000\040\000D\000y\000n\000a\000m\000i\000c\000s}{}% 13
\BOOKMARK [2][-]{subsection.3.1}{\376\377\000M\000o\000t\000i\000v\000a\000t\000i\000o\000n\000:\000\040\000P\000h\000y\000s\000i\000c\000s\000-\000I\000n\000f\000o\000r\000m\000e\000d\000\040\000R\000e\000s\000i\000d\000u\000a\000l\000\040\000L\000e\000a\000r\000n\000i\000n\000g}{section.3}% 14
\BOOKMARK [2][-]{subsection.3.2}{\376\377\000M\000o\000d\000e\000l\000\040\000F\000o\000r\000m\000u\000l\000a\000t\000i\000o\000n}{section.3}% 15
\BOOKMARK [3][-]{subsubsection.3.2.1}{\376\377\000S\000e\000a\000s\000o\000n\000a\000l\000\040\000L\000i\000n\000e\000a\000r\000\040\000O\000p\000e\000r\000a\000t\000o\000r}{subsection.3.2}% 16
\BOOKMARK [3][-]{subsubsection.3.2.2}{\376\377\000S\000e\000a\000s\000o\000n\000a\000l\000\040\000C\000o\000n\000t\000e\000x\000t\000\040\000F\000e\000a\000t\000u\000r\000e\000s}{subsection.3.2}% 17
\BOOKMARK [3][-]{subsubsection.3.2.3}{\376\377\000N\000e\000u\000r\000a\000l\000\040\000R\000e\000s\000i\000d\000u\000a\000l\000\040\000N\000e\000t\000w\000o\000r\000k}{subsection.3.2}% 18
\BOOKMARK [3][-]{subsubsection.3.2.4}{\376\377\000N\000u\000m\000e\000r\000i\000c\000a\000l\000\040\000I\000n\000t\000e\000g\000r\000a\000t\000i\000o\000n}{subsection.3.2}% 19
\BOOKMARK [2][-]{subsection.3.3}{\376\377\000T\000r\000a\000i\000n\000i\000n\000g\000\040\000P\000r\000o\000c\000e\000d\000u\000r\000e}{section.3}% 20
\BOOKMARK [2][-]{subsection.3.4}{\376\377\000A\000l\000t\000e\000r\000n\000a\000t\000i\000v\000e\000\040\000N\000o\000n\000l\000i\000n\000e\000a\000r\000\040\000C\000o\000m\000p\000o\000n\000e\000n\000t\000s}{section.3}% 21
\BOOKMARK [3][-]{subsubsection.3.4.1}{\376\377\000G\000r\000a\000p\000h\000-\000B\000a\000s\000e\000d\000\040\000C\000o\000r\000r\000e\000c\000t\000i\000o\000n\000s}{subsection.3.4}% 22
\BOOKMARK [3][-]{subsubsection.3.4.2}{\376\377\000A\000t\000t\000e\000n\000t\000i\000o\000n\000-\000B\000a\000s\000e\000d\000\040\000C\000o\000r\000r\000e\000c\000t\000i\000o\000n\000s}{subsection.3.4}% 23
\BOOKMARK [3][-]{subsubsection.3.4.3}{\376\377\000P\000h\000y\000s\000i\000c\000s\000-\000S\000t\000r\000u\000c\000t\000u\000r\000e\000d\000\040\000C\000o\000r\000r\000e\000c\000t\000i\000o\000n\000s}{subsection.3.4}% 24
\BOOKMARK [3][-]{subsubsection.3.4.4}{\376\377\000P\000u\000r\000e\000\040\000L\000i\000n\000e\000a\000r\000\040\000a\000n\000d\000\040\000P\000u\000r\000e\000\040\000N\000e\000u\000r\000a\000l\000\040\000B\000a\000s\000e\000l\000i\000n\000e\000s}{subsection.3.4}% 25
\BOOKMARK [2][-]{subsection.3.5}{\376\377\000T\000w\000o\000-\000S\000t\000a\000g\000e\000\040\000T\000r\000a\000i\000n\000i\000n\000g\000\040\000v\000i\000a\000\040\000T\000r\000a\000n\000s\000f\000e\000r\000\040\000L\000e\000a\000r\000n\000i\000n\000g}{section.3}% 26
\BOOKMARK [2][-]{subsection.3.6}{\376\377\000S\000e\000l\000e\000c\000t\000i\000v\000e\000\040\000C\000o\000m\000p\000o\000n\000e\000n\000t\000\040\000F\000r\000e\000e\000z\000i\000n\000g}{section.3}% 27
\BOOKMARK [2][-]{subsection.3.7}{\376\377\000M\000o\000d\000e\000l\000\040\000C\000o\000m\000p\000l\000e\000x\000i\000t\000y\000\040\000a\000n\000d\000\040\000R\000e\000g\000u\000l\000a\000r\000i\000z\000a\000t\000i\000o\000n}{section.3}% 28
\BOOKMARK [1][-]{section.4}{\376\377\000E\000x\000p\000e\000r\000i\000m\000e\000n\000t\000a\000l\000\040\000E\000v\000a\000l\000u\000a\000t\000i\000o\000n\000:\000\040\000D\000e\000t\000e\000r\000m\000i\000n\000i\000s\000t\000i\000c\000\040\000F\000o\000r\000e\000c\000a\000s\000t\000i\000n\000g}{}% 29
\BOOKMARK [2][-]{subsection.4.1}{\376\377\000E\000x\000p\000e\000r\000i\000m\000e\000n\000t\000a\000l\000\040\000P\000r\000o\000t\000o\000c\000o\000l}{section.4}% 30
\BOOKMARK [2][-]{subsection.4.2}{\376\377\000O\000v\000e\000r\000a\000l\000l\000\040\000P\000e\000r\000f\000o\000r\000m\000a\000n\000c\000e\000\040\000C\000o\000m\000p\000a\000r\000i\000s\000o\000n}{section.4}% 31
\BOOKMARK [2][-]{subsection.4.3}{\376\377\000A\000n\000a\000l\000y\000s\000i\000s\000\040\000o\000f\000\040\000A\000l\000t\000e\000r\000n\000a\000t\000i\000v\000e\000\040\000A\000r\000c\000h\000i\000t\000e\000c\000t\000u\000r\000e\000s}{section.4}% 32
\BOOKMARK [3][-]{subsubsection.4.3.1}{\376\377\000G\000r\000a\000p\000h\000-\000B\000a\000s\000e\000d\000\040\000M\000o\000d\000e\000l\000s}{subsection.4.3}% 33
\BOOKMARK [3][-]{subsubsection.4.3.2}{\376\377\000A\000t\000t\000e\000n\000t\000i\000o\000n\000-\000B\000a\000s\000e\000d\000\040\000M\000o\000d\000e\000l\000s}{subsection.4.3}% 34
\BOOKMARK [3][-]{subsubsection.4.3.3}{\376\377\000P\000h\000y\000s\000i\000c\000s\000-\000S\000t\000r\000u\000c\000t\000u\000r\000e\000d\000\040\000M\000o\000d\000e\000l\000s}{subsection.4.3}% 35
\BOOKMARK [3][-]{subsubsection.4.3.4}{\376\377\000P\000u\000r\000e\000\040\000L\000i\000n\000e\000a\000r\000\040\000M\000o\000d\000e\000l\000s}{subsection.4.3}% 36
\BOOKMARK [3][-]{subsubsection.4.3.5}{\376\377\000P\000u\000r\000e\000\040\000N\000e\000u\000r\000a\000l\000\040\000M\000o\000d\000e\000l\000s}{subsection.4.3}% 37
\BOOKMARK [3][-]{subsubsection.4.3.6}{\376\377\000T\000r\000a\000n\000s\000f\000o\000r\000m\000e\000r\000\040\000M\000o\000d\000e\000l\000s}{subsection.4.3}% 38
\BOOKMARK [2][-]{subsection.4.4}{\376\377\000T\000h\000e\000\040\000G\000e\000n\000e\000r\000a\000l\000i\000z\000a\000t\000i\000o\000n\000\040\000G\000a\000p}{section.4}% 39
\BOOKMARK [2][-]{subsection.4.5}{\376\377\000T\000r\000a\000n\000s\000f\000e\000r\000\040\000L\000e\000a\000r\000n\000i\000n\000g\000\040\000A\000n\000a\000l\000y\000s\000i\000s}{section.4}% 40
\BOOKMARK [2][-]{subsection.4.6}{\376\377\000S\000e\000l\000e\000c\000t\000i\000v\000e\000\040\000F\000r\000e\000e\000z\000i\000n\000g\000\040\000E\000x\000p\000e\000r\000i\000m\000e\000n\000t\000s}{section.4}% 41
\BOOKMARK [2][-]{subsection.4.7}{\376\377\000C\000o\000m\000p\000a\000r\000i\000s\000o\000n\000\040\000A\000c\000r\000o\000s\000s\000\040\000E\000v\000a\000l\000u\000a\000t\000i\000o\000n\000\040\000R\000e\000g\000i\000m\000e\000s}{section.4}% 42
\BOOKMARK [2][-]{subsection.4.8}{\376\377\000F\000o\000r\000e\000c\000a\000s\000t\000\040\000S\000k\000i\000l\000l\000\040\000A\000c\000r\000o\000s\000s\000\040\000L\000e\000a\000d\000\040\000T\000i\000m\000e\000s}{section.4}% 43
\BOOKMARK [2][-]{subsection.4.9}{\376\377\000S\000u\000m\000m\000a\000r\000y\000\040\000a\000n\000d\000\040\000R\000e\000c\000o\000m\000m\000e\000n\000d\000a\000t\000i\000o\000n\000s}{section.4}% 44
\BOOKMARK [1][-]{section.5}{\376\377\000S\000t\000o\000c\000h\000a\000s\000t\000i\000c\000\040\000E\000n\000s\000e\000m\000b\000l\000e\000\040\000F\000o\000r\000e\000c\000a\000s\000t\000i\000n\000g}{}% 45
\BOOKMARK [2][-]{subsection.5.1}{\376\377\000C\000o\000n\000t\000i\000n\000u\000o\000u\000s\000\040\000R\000a\000n\000k\000e\000d\000\040\000P\000r\000o\000b\000a\000b\000i\000l\000i\000t\000y\000\040\000S\000c\000o\000r\000e\000\040\000\050\000C\000R\000P\000S\000\051}{section.5}% 46
\BOOKMARK [3][-]{subsubsection.5.1.1}{\376\377\000F\000a\000i\000r\000\040\000E\000n\000s\000e\000m\000b\000l\000e\000\040\000C\000R\000P\000S\000\040\000E\000s\000t\000i\000m\000a\000t\000o\000r}{subsection.5.1}% 47
\BOOKMARK [2][-]{subsection.5.2}{\376\377\000S\000t\000o\000c\000h\000a\000s\000t\000i\000c\000\040\000M\000o\000d\000e\000l\000\040\000F\000o\000r\000m\000u\000l\000a\000t\000i\000o\000n}{section.5}% 48
\BOOKMARK [2][-]{subsection.5.3}{\376\377\000N\000o\000i\000s\000e\000\040\000T\000r\000a\000i\000n\000i\000n\000g\000\040\000M\000e\000t\000h\000o\000d\000s}{section.5}% 49
\BOOKMARK [3][-]{subsubsection.5.3.1}{\376\377\000P\000o\000s\000t\000-\000h\000o\000c\000\040\000F\000i\000t\000t\000i\000n\000g\000\040\000\050\000B\000a\000s\000e\000l\000i\000n\000e\000\051}{subsection.5.3}% 50
\BOOKMARK [3][-]{subsubsection.5.3.2}{\376\377\000S\000t\000a\000g\000e\000\040\0002\000:\000\040\000L\000i\000k\000e\000l\000i\000h\000o\000o\000d\000\040\000O\000p\000t\000i\000m\000i\000z\000a\000t\000i\000o\000n}{subsection.5.3}% 51
\BOOKMARK [3][-]{subsubsection.5.3.3}{\376\377\000S\000t\000a\000g\000e\000\040\0003\000:\000\040\000S\000i\000m\000u\000l\000a\000t\000i\000o\000n\000-\000B\000a\000s\000e\000d\000\040\000N\000o\000i\000s\000e}{subsection.5.3}% 52
\BOOKMARK [3][-]{subsubsection.5.3.4}{\376\377\000S\000t\000a\000g\000e\000\040\0002\000+\0003\000:\000\040\000C\000o\000m\000b\000i\000n\000e\000d}{subsection.5.3}% 53
\BOOKMARK [2][-]{subsection.5.4}{\376\377\000E\000x\000p\000e\000r\000i\000m\000e\000n\000t\000a\000l\000\040\000S\000e\000t\000u\000p}{section.5}% 54
\BOOKMARK [2][-]{subsection.5.5}{\376\377\000R\000e\000s\000u\000l\000t\000s\000:\000\040\000O\000u\000t\000-\000o\000f\000-\000S\000a\000m\000p\000l\000e}{section.5}% 55
\BOOKMARK [2][-]{subsection.5.6}{\376\377\000R\000e\000s\000u\000l\000t\000s\000:\000\040\000I\000n\000-\000S\000a\000m\000p\000l\000e}{section.5}% 56
\BOOKMARK [2][-]{subsection.5.7}{\376\377\000C\000o\000m\000p\000a\000r\000i\000s\000o\000n\000:\000\040\000I\000n\000-\000S\000a\000m\000p\000l\000e\000\040\000v\000s\000\040\000O\000u\000t\000-\000o\000f\000-\000S\000a\000m\000p\000l\000e}{section.5}% 57
\BOOKMARK [2][-]{subsection.5.8}{\376\377\000W\000h\000y\000\040\000S\000t\000a\000g\000e\000\040\0003\000\040\000F\000a\000i\000l\000s}{section.5}% 58
\BOOKMARK [2][-]{subsection.5.9}{\376\377\000C\000a\000l\000i\000b\000r\000a\000t\000i\000o\000n\000\040\000A\000n\000a\000l\000y\000s\000i\000s}{section.5}% 59
\BOOKMARK [2][-]{subsection.5.10}{\376\377\000S\000a\000m\000p\000l\000e\000\040\000F\000o\000r\000e\000c\000a\000s\000t\000\040\000P\000l\000u\000m\000e\000s}{section.5}% 60
\BOOKMARK [2][-]{subsection.5.11}{\376\377\000H\000i\000s\000t\000o\000r\000i\000c\000a\000l\000\040\000E\000N\000S\000O\000\040\000P\000l\000u\000m\000e\000\040\000V\000i\000s\000u\000a\000l\000i\000z\000a\000t\000i\000o\000n\000s}{section.5}% 61
\BOOKMARK [2][-]{subsection.5.12}{\376\377\000B\000e\000s\000t\000\040\000P\000r\000a\000c\000t\000i\000c\000e\000s\000\040\000f\000o\000r\000\040\000S\000t\000o\000c\000h\000a\000s\000t\000i\000c\000\040\000N\000X\000R\000O}{section.5}% 62
\BOOKMARK [1][-]{section.6}{\376\377\000C\000o\000n\000c\000l\000u\000s\000i\000o\000n}{}% 63
\BOOKMARK [2][-]{subsection.6.1}{\376\377\000M\000a\000i\000n\000\040\000F\000i\000n\000d\000i\000n\000g\000s}{section.6}% 64
\BOOKMARK [3][-]{subsubsection.6.1.1}{\376\377\000D\000e\000t\000e\000r\000m\000i\000n\000i\000s\000t\000i\000c\000\040\000F\000o\000r\000e\000c\000a\000s\000t\000i\000n\000g}{subsection.6.1}% 65
\BOOKMARK [3][-]{subsubsection.6.1.2}{\376\377\000S\000t\000o\000c\000h\000a\000s\000t\000i\000c\000\040\000F\000o\000r\000e\000c\000a\000s\000t\000i\000n\000g}{subsection.6.1}% 66
\BOOKMARK [2][-]{subsection.6.2}{\376\377\000I\000m\000p\000l\000i\000c\000a\000t\000i\000o\000n\000s}{section.6}% 67
\BOOKMARK [3][-]{subsubsection.6.2.1}{\376\377\000F\000o\000r\000\040\000C\000l\000i\000m\000a\000t\000e\000\040\000F\000o\000r\000e\000c\000a\000s\000t\000i\000n\000g}{subsection.6.2}% 68
\BOOKMARK [3][-]{subsubsection.6.2.2}{\376\377\000F\000o\000r\000\040\000M\000a\000c\000h\000i\000n\000e\000\040\000L\000e\000a\000r\000n\000i\000n\000g\000\040\000i\000n\000\040\000S\000c\000i\000e\000n\000c\000e}{subsection.6.2}% 69
\BOOKMARK [2][-]{subsection.6.3}{\376\377\000R\000e\000c\000o\000m\000m\000e\000n\000d\000e\000d\000\040\000M\000o\000d\000e\000l\000s}{section.6}% 70
\BOOKMARK [1][-]{section.7}{\376\377\000F\000u\000t\000u\000r\000e\000\040\000W\000o\000r\000k}{}% 71
\BOOKMARK [2][-]{subsection.7.1}{\376\377\000E\000x\000t\000e\000n\000d\000e\000d\000\040\000T\000r\000a\000i\000n\000i\000n\000g\000\040\000a\000n\000d\000\040\000E\000v\000a\000l\000u\000a\000t\000i\000o\000n}{section.7}% 72
\BOOKMARK [2][-]{subsection.7.2}{\376\377\000E\000n\000s\000e\000m\000b\000l\000e\000\040\000M\000e\000t\000h\000o\000d\000s}{section.7}% 73
\BOOKMARK [2][-]{subsection.7.3}{\376\377\000A\000r\000c\000h\000i\000t\000e\000c\000t\000u\000r\000e\000\040\000I\000m\000p\000r\000o\000v\000e\000m\000e\000n\000t\000s}{section.7}% 74
\BOOKMARK [3][-]{subsubsection.7.3.1}{\376\377\000F\000o\000r\000\040\000T\000r\000a\000n\000s\000f\000o\000r\000m\000e\000r\000s}{subsection.7.3}% 75
\BOOKMARK [3][-]{subsubsection.7.3.2}{\376\377\000F\000o\000r\000\040\000G\000r\000a\000p\000h\000\040\000M\000o\000d\000e\000l\000s}{subsection.7.3}% 76
\BOOKMARK [2][-]{subsection.7.4}{\376\377\000S\000t\000o\000c\000h\000a\000s\000t\000i\000c\000\040\000M\000o\000d\000e\000l\000i\000n\000g}{section.7}% 77
\BOOKMARK [3][-]{subsubsection.7.4.1}{\376\377\000U\000n\000d\000e\000r\000s\000t\000a\000n\000d\000i\000n\000g\000\040\000S\000t\000a\000g\000e\000\040\0003\000\040\000F\000a\000i\000l\000u\000r\000e}{subsection.7.4}% 78
\BOOKMARK [3][-]{subsubsection.7.4.2}{\376\377\000A\000l\000t\000e\000r\000n\000a\000t\000i\000v\000e\000\040\000N\000o\000i\000s\000e\000\040\000M\000o\000d\000e\000l\000s}{subsection.7.4}% 79
\BOOKMARK [2][-]{subsection.7.5}{\376\377\000I\000n\000t\000e\000r\000p\000r\000e\000t\000a\000b\000i\000l\000i\000t\000y\000\040\000a\000n\000d\000\040\000P\000h\000y\000s\000i\000c\000s\000\040\000D\000i\000s\000c\000o\000v\000e\000r\000y}{section.7}% 80
\BOOKMARK [2][-]{subsection.7.6}{\376\377\000O\000p\000e\000r\000a\000t\000i\000o\000n\000a\000l\000\040\000D\000e\000p\000l\000o\000y\000m\000e\000n\000t}{section.7}% 81
\BOOKMARK [2][-]{subsection.7.7}{\376\377\000B\000r\000o\000a\000d\000e\000r\000\040\000A\000p\000p\000l\000i\000c\000a\000t\000i\000o\000n\000s}{section.7}% 82
