/local2/fredxu/Ocean_TimeSeries_Graph/src/run_lgode.py
run_lgode.py --feature_set=1 --save_name=cat1_nino --eval_criterion=nino
Namespace(n_balls=4, niters=100000, lr=5e-05, batch_size=64, save='experiments/', load=None, random_seed=1991, data='ocean', z0_encoder='GTrans', latents=32, rec_dims=64, ode_dims=128, rec_layers=2, n_heads=1, gen_layers=1, extrap='True', dropout=0.2, sample_percent_train=1, sample_percent_test=1, augment_dim=64, edge_types=2, odenet='NRI', solver='rk4', l2=0.0001, optimizer='AdamW', clip=10, cutting_edge=True, extrap_num=40, rec_attention='attention', cond_len=12, pred_len=24, test=0, patience=100, save_name='cat1_nino', input_file='../data/ocean_timeseries.csv', eval_criterion='nino', train_loss='all', feature_set=1, dataset='../data/ocean_timeseries.csv', total_ode_step=73, suffix='', mode='extrap', std=0.1577647657182722)
Epoch 0001 [Train seq (cond on sampled tp)] | Loss 62.883463 | RMSE_NINO 4.412342  | RMSE 4.530863 | MAPE: 0.123241 | Likelihood -68.393585 | KL fp 0.8076 | FP STD 0.4628|
Epoch 0001 [Test seq (cond on sampled tp)] | Loss 41.115076 | RMSE 3.012633 | RMSE 2.664173 | MAPE: 0.085021 | Likelihood -43.097202 | KL fp 1.0387 | FP STD 0.3544|
KL coef: 0.0
Epoch 0001 [Test seq (cond on sampled tp)] | Best mse 3.012633|
Epoch 0002 [Train seq (cond on sampled tp)] | Loss 28.530180 | RMSE_NINO 2.449628  | RMSE 2.568486 | MAPE: 0.068742 | Likelihood -30.773420 | KL fp 0.8284 | FP STD 0.4621|
Epoch 0002 [Test seq (cond on sampled tp)] | Loss 20.689731 | RMSE 2.493831 | RMSE 2.311456 | MAPE: 0.067821 | Likelihood -21.912082 | KL fp 1.0366 | FP STD 0.3544|
KL coef: 0.0
Epoch 0002 [Test seq (cond on sampled tp)] | Best mse 2.493831|
Epoch 0003 [Train seq (cond on sampled tp)] | Loss 16.973247 | RMSE_NINO 1.937788  | RMSE 2.034990 | MAPE: 0.054819 | Likelihood -18.613821 | KL fp 0.8623 | FP STD 0.4549|
Epoch 0003 [Test seq (cond on sampled tp)] | Loss 12.065964 | RMSE 1.752420 | RMSE 1.754588 | MAPE: 0.050391 | Likelihood -13.384697 | KL fp 1.0778 | FP STD 0.3497|
KL coef: 0.0
Epoch 0003 [Test seq (cond on sampled tp)] | Best mse 1.752420|
Epoch 0004 [Train seq (cond on sampled tp)] | Loss 11.801706 | RMSE_NINO 1.627792  | RMSE 1.749134 | MAPE: 0.046988 | Likelihood -13.077007 | KL fp 0.8968 | FP STD 0.4516|
Epoch 0004 [Test seq (cond on sampled tp)] | Loss 7.807007 | RMSE 1.355931 | RMSE 1.551597 | MAPE: 0.039676 | Likelihood -9.255743 | KL fp 1.0929 | FP STD 0.3511|
KL coef: 0.0
Epoch 0004 [Test seq (cond on sampled tp)] | Best mse 1.355931|
Epoch 0005 [Train seq (cond on sampled tp)] | Loss 8.386065 | RMSE_NINO 1.495733  | RMSE 1.580359 | MAPE: 0.043084 | Likelihood -9.642500 | KL fp 0.9367 | FP STD 0.4426|
Epoch 0005 [Test seq (cond on sampled tp)] | Loss 5.320917 | RMSE 1.367427 | RMSE 1.434536 | MAPE: 0.040416 | Likelihood -6.452003 | KL fp 1.1233 | FP STD 0.3410|
KL coef: 0.0
Epoch 0006 [Train seq (cond on sampled tp)] | Loss 6.167684 | RMSE_NINO 1.284893  | RMSE 1.430358 | MAPE: 0.037855 | Likelihood -7.337211 | KL fp 0.9874 | FP STD 0.4268|
Epoch 0006 [Test seq (cond on sampled tp)] | Loss 3.632782 | RMSE 1.126521 | RMSE 1.290510 | MAPE: 0.033437 | Likelihood -4.764145 | KL fp 1.1833 | FP STD 0.3245|
KL coef: 0.0
Epoch 0006 [Test seq (cond on sampled tp)] | Best mse 1.126521|
Epoch 0007 [Train seq (cond on sampled tp)] | Loss 4.677267 | RMSE_NINO 1.222149  | RMSE 1.332733 | MAPE: 0.035962 | Likelihood -5.814527 | KL fp 1.0499 | FP STD 0.4022|
Epoch 0007 [Test seq (cond on sampled tp)] | Loss 2.459889 | RMSE 1.076857 | RMSE 1.192029 | MAPE: 0.032442 | Likelihood -3.560238 | KL fp 1.2819 | FP STD 0.2990|
KL coef: 0.0
Epoch 0007 [Test seq (cond on sampled tp)] | Best mse 1.076857|
Epoch 0008 [Train seq (cond on sampled tp)] | Loss 3.694612 | RMSE_NINO 1.153564  | RMSE 1.280472 | MAPE: 0.034311 | Likelihood -4.819452 | KL fp 1.1167 | FP STD 0.3765|
Epoch 0008 [Test seq (cond on sampled tp)] | Loss 1.879473 | RMSE 1.013231 | RMSE 1.154798 | MAPE: 0.030842 | Likelihood -2.979848 | KL fp 1.4142 | FP STD 0.2752|
KL coef: 0.0
Epoch 0008 [Test seq (cond on sampled tp)] | Best mse 1.013231|
Epoch 0009 [Train seq (cond on sampled tp)] | Loss 3.039305 | RMSE_NINO 1.110245  | RMSE 1.236787 | MAPE: 0.033037 | Likelihood -4.148800 | KL fp 1.1819 | FP STD 0.3514|
Epoch 0009 [Test seq (cond on sampled tp)] | Loss 1.400936 | RMSE 0.964123 | RMSE 1.122190 | MAPE: 0.029446 | Likelihood -2.508165 | KL fp 1.4900 | FP STD 0.2520|
KL coef: 0.0
Epoch 0009 [Test seq (cond on sampled tp)] | Best mse 0.964123|
Epoch 0010 [Train seq (cond on sampled tp)] | Loss 2.670598 | RMSE_NINO 1.097044  | RMSE 1.214795 | MAPE: 0.032951 | Likelihood -3.786592 | KL fp 1.2399 | FP STD 0.3280|
Epoch 0010 [Test seq (cond on sampled tp)] | Loss 1.280400 | RMSE 0.985632 | RMSE 1.115964 | MAPE: 0.030120 | Likelihood -2.381582 | KL fp 1.5500 | FP STD 0.2305|
KL coef: 0.0
Epoch 0011 [Train seq (cond on sampled tp)] | Loss 2.477971 | RMSE_NINO 1.079199  | RMSE 1.192790 | MAPE: 0.032408 | Likelihood -3.585992 | KL fp 1.2948 | FP STD 0.3055|
Epoch 0011 [Test seq (cond on sampled tp)] | Loss 1.171123 | RMSE 0.972252 | RMSE 1.107630 | MAPE: 0.029725 | Likelihood -2.270068 | KL fp 1.6443 | FP STD 0.2085|
KL coef: 0.0
Epoch 0012 [Train seq (cond on sampled tp)] | Loss 2.245736 | RMSE_NINO 1.046244  | RMSE 1.172280 | MAPE: 0.031409 | Likelihood -3.356650 | KL fp 1.3589 | FP STD 0.2840|
Epoch 0012 [Test seq (cond on sampled tp)] | Loss 1.190014 | RMSE 0.981851 | RMSE 1.119272 | MAPE: 0.030106 | Likelihood -2.289112 | KL fp 1.7259 | FP STD 0.1912|
KL coef: 0.0
Epoch 0013 [Train seq (cond on sampled tp)] | Loss 2.217825 | RMSE_NINO 1.061904  | RMSE 1.176517 | MAPE: 0.032027 | Likelihood -3.326563 | KL fp 1.3978 | FP STD 0.2708|
Epoch 0013 [Test seq (cond on sampled tp)] | Loss 1.157924 | RMSE 0.967480 | RMSE 1.111602 | MAPE: 0.029646 | Likelihood -2.257261 | KL fp 1.7700 | FP STD 0.1801|
KL coef: 0.0
Epoch 0014 [Train seq (cond on sampled tp)] | Loss 2.166754 | RMSE_NINO 1.063251  | RMSE 1.170280 | MAPE: 0.031872 | Likelihood -3.269929 | KL fp 1.4317 | FP STD 0.2580|
Epoch 0014 [Test seq (cond on sampled tp)] | Loss 1.048010 | RMSE 0.952719 | RMSE 1.104881 | MAPE: 0.029368 | Likelihood -2.147741 | KL fp 1.8205 | FP STD 0.1706|
KL coef: 0.0
Epoch 0014 [Test seq (cond on sampled tp)] | Best mse 0.952719|
Epoch 0015 [Train seq (cond on sampled tp)] | Loss 2.029588 | RMSE_NINO 1.045109  | RMSE 1.162025 | MAPE: 0.031426 | Likelihood -3.133891 | KL fp 1.4750 | FP STD 0.2464|
Epoch 0015 [Test seq (cond on sampled tp)] | Loss 0.889977 | RMSE 0.934197 | RMSE 1.083981 | MAPE: 0.028763 | Likelihood -1.988973 | KL fp 1.8627 | FP STD 0.1624|
KL coef: 0.0
Epoch 0015 [Test seq (cond on sampled tp)] | Best mse 0.934197|
Epoch 0016 [Train seq (cond on sampled tp)] | Loss 2.025383 | RMSE_NINO 1.019475  | RMSE 1.167427 | MAPE: 0.030926 | Likelihood -3.128236 | KL fp 1.5088 | FP STD 0.2359|
Epoch 0016 [Test seq (cond on sampled tp)] | Loss 1.091657 | RMSE 0.985981 | RMSE 1.112572 | MAPE: 0.030276 | Likelihood -2.191407 | KL fp 1.8923 | FP STD 0.1529|
KL coef: 0.0
Epoch 0017 [Train seq (cond on sampled tp)] | Loss 1.919054 | RMSE_NINO 1.031740  | RMSE 1.149483 | MAPE: 0.031323 | Likelihood -3.021482 | KL fp 1.5528 | FP STD 0.2240|
Epoch 0017 [Test seq (cond on sampled tp)] | Loss 1.212233 | RMSE 0.999507 | RMSE 1.136459 | MAPE: 0.030752 | Likelihood -2.311233 | KL fp 1.9203 | FP STD 0.1456|
KL coef: 0.0
Epoch 0018 [Train seq (cond on sampled tp)] | Loss 1.968502 | RMSE_NINO 1.060543  | RMSE 1.174940 | MAPE: 0.031736 | Likelihood -3.074984 | KL fp 1.5787 | FP STD 0.2171|
Epoch 0018 [Test seq (cond on sampled tp)] | Loss 0.939471 | RMSE 0.960326 | RMSE 1.093709 | MAPE: 0.029567 | Likelihood -2.039808 | KL fp 1.9474 | FP STD 0.1410|
KL coef: 0.0
Epoch 0019 [Train seq (cond on sampled tp)] | Loss 1.933201 | RMSE_NINO 1.046622  | RMSE 1.158078 | MAPE: 0.031410 | Likelihood -3.035792 | KL fp 1.6103 | FP STD 0.2091|
Epoch 0019 [Test seq (cond on sampled tp)] | Loss 0.828746 | RMSE 0.915772 | RMSE 1.078150 | MAPE: 0.028390 | Likelihood -1.927483 | KL fp 1.9753 | FP STD 0.1359|
KL coef: 0.0
Epoch 0019 [Test seq (cond on sampled tp)] | Best mse 0.915772|
Epoch 0020 [Train seq (cond on sampled tp)] | Loss 1.836309 | RMSE_NINO 1.025048  | RMSE 1.155537 | MAPE: 0.030893 | Likelihood -2.940509 | KL fp 1.6343 | FP STD 0.2038|
Epoch 0020 [Test seq (cond on sampled tp)] | Loss 0.972002 | RMSE 0.962318 | RMSE 1.097314 | MAPE: 0.029521 | Likelihood -2.071129 | KL fp 2.0082 | FP STD 0.1306|
KL coef: 0.0
Epoch 0021 [Train seq (cond on sampled tp)] | Loss 1.814749 | RMSE_NINO 1.025015  | RMSE 1.147445 | MAPE: 0.031100 | Likelihood -2.916941 | KL fp 1.6726 | FP STD 0.1957|
Epoch 0021 [Test seq (cond on sampled tp)] | Loss 1.269937 | RMSE 1.022922 | RMSE 1.150799 | MAPE: 0.031362 | Likelihood -2.369738 | KL fp 2.0658 | FP STD 0.1234|
KL coef: 0.0
Epoch 0022 [Train seq (cond on sampled tp)] | Loss 1.811803 | RMSE_NINO 1.024096  | RMSE 1.153244 | MAPE: 0.030865 | Likelihood -2.914746 | KL fp 1.7164 | FP STD 0.1872|
Epoch 0022 [Test seq (cond on sampled tp)] | Loss 0.980658 | RMSE 0.957908 | RMSE 1.101179 | MAPE: 0.029540 | Likelihood -2.079994 | KL fp 2.1127 | FP STD 0.1182|
KL coef: 0.0
Epoch 0023 [Train seq (cond on sampled tp)] | Loss 1.741744 | RMSE_NINO 1.009682  | RMSE 1.141282 | MAPE: 0.030587 | Likelihood -2.845046 | KL fp 1.7504 | FP STD 0.1803|
Epoch 0023 [Test seq (cond on sampled tp)] | Loss 0.907543 | RMSE 0.949534 | RMSE 1.088576 | MAPE: 0.029403 | Likelihood -2.006266 | KL fp 2.1570 | FP STD 0.1136|
KL coef: 0.0
Epoch 0024 [Train seq (cond on sampled tp)] | Loss 1.694052 | RMSE_NINO 1.013205  | RMSE 1.136676 | MAPE: 0.030772 | Likelihood -2.795313 | KL fp 1.7698 | FP STD 0.1759|
Epoch 0024 [Test seq (cond on sampled tp)] | Loss 1.143919 | RMSE 1.001811 | RMSE 1.127635 | MAPE: 0.030717 | Likelihood -2.243055 | KL fp 2.1966 | FP STD 0.1101|
KL coef: 0.0
Epoch 0025 [Train seq (cond on sampled tp)] | Loss 1.683900 | RMSE_NINO 1.000291  | RMSE 1.135760 | MAPE: 0.030462 | Likelihood -2.786783 | KL fp 1.8003 | FP STD 0.1709|
Epoch 0025 [Test seq (cond on sampled tp)] | Loss 1.497683 | RMSE 1.078309 | RMSE 1.192410 | MAPE: 0.032680 | Likelihood -2.596693 | KL fp 2.2344 | FP STD 0.1064|
KL coef: 0.0
Epoch 0026 [Train seq (cond on sampled tp)] | Loss 1.714217 | RMSE_NINO 1.019108  | RMSE 1.146697 | MAPE: 0.030639 | Likelihood -2.816062 | KL fp 1.8302 | FP STD 0.1659|
Epoch 0026 [Test seq (cond on sampled tp)] | Loss 1.298081 | RMSE 1.036250 | RMSE 1.158554 | MAPE: 0.031630 | Likelihood -2.397610 | KL fp 2.2590 | FP STD 0.1041|
KL coef: 0.0
Epoch 0027 [Train seq (cond on sampled tp)] | Loss 1.692807 | RMSE_NINO 1.001861  | RMSE 1.136765 | MAPE: 0.030339 | Likelihood -2.797088 | KL fp 1.8519 | FP STD 0.1625|
Epoch 0027 [Test seq (cond on sampled tp)] | Loss 1.813193 | RMSE 1.144639 | RMSE 1.250633 | MAPE: 0.034541 | Likelihood -2.912098 | KL fp 2.2910 | FP STD 0.1011|
KL coef: 0.0
Epoch 0028 [Train seq (cond on sampled tp)] | Loss 1.702465 | RMSE_NINO 1.020361  | RMSE 1.144112 | MAPE: 0.030775 | Likelihood -2.804090 | KL fp 1.8817 | FP STD 0.1580|
Epoch 0028 [Test seq (cond on sampled tp)] | Loss 1.520003 | RMSE 1.092412 | RMSE 1.200500 | MAPE: 0.033188 | Likelihood -2.619122 | KL fp 2.3218 | FP STD 0.0986|
KL coef: 0.0
Epoch 0029 [Train seq (cond on sampled tp)] | Loss 1.633724 | RMSE_NINO 1.002102  | RMSE 1.138554 | MAPE: 0.030293 | Likelihood -2.735933 | KL fp 1.8913 | FP STD 0.1556|
Epoch 0029 [Test seq (cond on sampled tp)] | Loss 1.174517 | RMSE 1.015283 | RMSE 1.141050 | MAPE: 0.031150 | Likelihood -2.274247 | KL fp 2.3451 | FP STD 0.0969|
KL coef: 0.0
Epoch 0030 [Train seq (cond on sampled tp)] | Loss 1.640619 | RMSE_NINO 0.990920  | RMSE 1.135665 | MAPE: 0.030126 | Likelihood -2.741441 | KL fp 1.9084 | FP STD 0.1526|
Epoch 0030 [Test seq (cond on sampled tp)] | Loss 1.323025 | RMSE 1.036311 | RMSE 1.162546 | MAPE: 0.031638 | Likelihood -2.422574 | KL fp 2.3679 | FP STD 0.0951|
KL coef: 0.0
Epoch 0031 [Train seq (cond on sampled tp)] | Loss 1.609721 | RMSE_NINO 0.999394  | RMSE 1.136258 | MAPE: 0.030085 | Likelihood -2.711453 | KL fp 1.9318 | FP STD 0.1490|
Epoch 0031 [Test seq (cond on sampled tp)] | Loss 1.405694 | RMSE 1.071592 | RMSE 1.176474 | MAPE: 0.032494 | Likelihood -2.504413 | KL fp 2.3854 | FP STD 0.0937|
KL coef: 0.0
Epoch 0032 [Train seq (cond on sampled tp)] | Loss 1.622682 | RMSE_NINO 1.006977  | RMSE 1.133757 | MAPE: 0.030595 | Likelihood -2.723571 | KL fp 1.9484 | FP STD 0.1467|
Epoch 0032 [Test seq (cond on sampled tp)] | Loss 1.526310 | RMSE 1.085083 | RMSE 1.198923 | MAPE: 0.032740 | Likelihood -2.625736 | KL fp 2.4021 | FP STD 0.0925|
KL coef: 0.0
Epoch 0033 [Train seq (cond on sampled tp)] | Loss 1.609691 | RMSE_NINO 0.991301  | RMSE 1.132857 | MAPE: 0.030074 | Likelihood -2.711604 | KL fp 1.9672 | FP STD 0.1445|
Epoch 0033 [Test seq (cond on sampled tp)] | Loss 1.820687 | RMSE 1.159454 | RMSE 1.259911 | MAPE: 0.034940 | Likelihood -2.919891 | KL fp 2.4168 | FP STD 0.0915|
KL coef: 0.0
Epoch 0034 [Train seq (cond on sampled tp)] | Loss 1.649902 | RMSE_NINO 1.013457  | RMSE 1.140571 | MAPE: 0.030659 | Likelihood -2.753519 | KL fp 1.9778 | FP STD 0.1430|
Epoch 0034 [Test seq (cond on sampled tp)] | Loss 2.370811 | RMSE 1.259581 | RMSE 1.357561 | MAPE: 0.037562 | Likelihood -3.470204 | KL fp 2.4393 | FP STD 0.0898|
KL coef: 0.0
Epoch 0035 [Train seq (cond on sampled tp)] | Loss 1.718343 | RMSE_NINO 1.034850  | RMSE 1.165959 | MAPE: 0.031000 | Likelihood -2.820407 | KL fp 2.0009 | FP STD 0.1402|
Epoch 0035 [Test seq (cond on sampled tp)] | Loss 1.375347 | RMSE 1.064294 | RMSE 1.175981 | MAPE: 0.032196 | Likelihood -2.474543 | KL fp 2.4541 | FP STD 0.0885|
KL coef: 0.0
Epoch 0036 [Train seq (cond on sampled tp)] | Loss 1.615720 | RMSE_NINO 1.008438  | RMSE 1.129411 | MAPE: 0.030406 | Likelihood -2.718267 | KL fp 2.0185 | FP STD 0.1374|
Epoch 0036 [Test seq (cond on sampled tp)] | Loss 0.955356 | RMSE 0.971399 | RMSE 1.104433 | MAPE: 0.029920 | Likelihood -2.054110 | KL fp 2.4718 | FP STD 0.0877|
KL coef: 0.0
Epoch 0037 [Train seq (cond on sampled tp)] | Loss 1.625494 | RMSE_NINO 0.989041  | RMSE 1.133375 | MAPE: 0.030132 | Likelihood -2.725982 | KL fp 2.0331 | FP STD 0.1358|
Epoch 0037 [Test seq (cond on sampled tp)] | Loss 2.116065 | RMSE 1.221261 | RMSE 1.310241 | MAPE: 0.036350 | Likelihood -3.218448 | KL fp 2.5108 | FP STD 0.0860|
KL coef: 0.0
Epoch 0038 [Train seq (cond on sampled tp)] | Loss 1.714595 | RMSE_NINO 1.020613  | RMSE 1.152428 | MAPE: 0.030958 | Likelihood -2.816198 | KL fp 2.0443 | FP STD 0.1338|
Epoch 0038 [Test seq (cond on sampled tp)] | Loss 2.832557 | RMSE 1.367109 | RMSE 1.452971 | MAPE: 0.040765 | Likelihood -3.934190 | KL fp 2.5308 | FP STD 0.0842|
KL coef: 0.0
Epoch 0039 [Train seq (cond on sampled tp)] | Loss 1.856660 | RMSE_NINO 1.061128  | RMSE 1.190998 | MAPE: 0.031715 | Likelihood -2.958083 | KL fp 2.0644 | FP STD 0.1318|
Epoch 0039 [Test seq (cond on sampled tp)] | Loss 1.022200 | RMSE 0.980388 | RMSE 1.115694 | MAPE: 0.030184 | Likelihood -2.121063 | KL fp 2.5401 | FP STD 0.0835|
KL coef: 0.0
Epoch 0040 [Train seq (cond on sampled tp)] | Loss 1.884670 | RMSE_NINO 1.059296  | RMSE 1.169667 | MAPE: 0.031645 | Likelihood -2.985545 | KL fp 2.0784 | FP STD 0.1295|
Epoch 0040 [Test seq (cond on sampled tp)] | Loss 0.677083 | RMSE 0.909113 | RMSE 1.065904 | MAPE: 0.028130 | Likelihood -1.775936 | KL fp 2.5533 | FP STD 0.0830|
KL coef: 0.0
Epoch 0040 [Test seq (cond on sampled tp)] | Best mse 0.909113|
Epoch 0041 [Train seq (cond on sampled tp)] | Loss 1.882942 | RMSE_NINO 1.032468  | RMSE 1.180217 | MAPE: 0.031306 | Likelihood -2.984691 | KL fp 2.0834 | FP STD 0.1292|
Epoch 0041 [Test seq (cond on sampled tp)] | Loss 1.782237 | RMSE 1.147144 | RMSE 1.255682 | MAPE: 0.034512 | Likelihood -2.881294 | KL fp 2.5656 | FP STD 0.0818|
KL coef: 0.0
Epoch 0042 [Train seq (cond on sampled tp)] | Loss 1.685184 | RMSE_NINO 1.010408  | RMSE 1.136999 | MAPE: 0.030574 | Likelihood -2.788008 | KL fp 2.0990 | FP STD 0.1278|
Epoch 0042 [Test seq (cond on sampled tp)] | Loss 2.239075 | RMSE 1.251135 | RMSE 1.340199 | MAPE: 0.037305 | Likelihood -3.338042 | KL fp 2.5789 | FP STD 0.0811|
KL coef: 0.0
Epoch 0043 [Train seq (cond on sampled tp)] | Loss 1.793120 | RMSE_NINO 1.018985  | RMSE 1.142096 | MAPE: 0.030802 | Likelihood -2.895609 | KL fp 2.1077 | FP STD 0.1265|
Epoch 0043 [Test seq (cond on sampled tp)] | Loss 2.595498 | RMSE 1.303820 | RMSE 1.405726 | MAPE: 0.038841 | Likelihood -3.694892 | KL fp 2.5916 | FP STD 0.0806|
KL coef: 0.0
Epoch 0044 [Train seq (cond on sampled tp)] | Loss 1.872049 | RMSE_NINO 1.040081  | RMSE 1.173913 | MAPE: 0.031296 | Likelihood -2.976887 | KL fp 2.1245 | FP STD 0.1253|
Epoch 0044 [Test seq (cond on sampled tp)] | Loss 1.289685 | RMSE 1.046834 | RMSE 1.165172 | MAPE: 0.032015 | Likelihood -2.389581 | KL fp 2.6087 | FP STD 0.0800|
KL coef: 0.0
Epoch 0045 [Train seq (cond on sampled tp)] | Loss 1.788822 | RMSE_NINO 1.016133  | RMSE 1.146956 | MAPE: 0.030804 | Likelihood -2.889995 | KL fp 2.1336 | FP STD 0.1240|
Epoch 0045 [Test seq (cond on sampled tp)] | Loss 1.445340 | RMSE 1.077650 | RMSE 1.191776 | MAPE: 0.032587 | Likelihood -2.544387 | KL fp 2.6240 | FP STD 0.0796|
KL coef: 0.0
Epoch 0046 [Train seq (cond on sampled tp)] | Loss 1.902189 | RMSE_NINO 1.021902  | RMSE 1.154408 | MAPE: 0.030801 | Likelihood -3.005341 | KL fp 2.1436 | FP STD 0.1231|
Epoch 0046 [Test seq (cond on sampled tp)] | Loss 2.185062 | RMSE 1.224950 | RMSE 1.332056 | MAPE: 0.036692 | Likelihood -3.284150 | KL fp 2.6484 | FP STD 0.0790|
KL coef: 0.0
Epoch 0047 [Train seq (cond on sampled tp)] | Loss 2.023357 | RMSE_NINO 1.023540  | RMSE 1.166369 | MAPE: 0.030797 | Likelihood -3.127303 | KL fp 2.1571 | FP STD 0.1220|
Epoch 0047 [Test seq (cond on sampled tp)] | Loss 1.946333 | RMSE 1.194348 | RMSE 1.288295 | MAPE: 0.035805 | Likelihood -3.046318 | KL fp 2.6755 | FP STD 0.0784|
KL coef: 0.0
Epoch 0048 [Train seq (cond on sampled tp)] | Loss 2.201862 | RMSE_NINO 1.052981  | RMSE 1.179616 | MAPE: 0.031627 | Likelihood -3.306501 | KL fp 2.1700 | FP STD 0.1210|
Epoch 0048 [Test seq (cond on sampled tp)] | Loss 2.035840 | RMSE 1.195757 | RMSE 1.303428 | MAPE: 0.035924 | Likelihood -3.134711 | KL fp 2.6981 | FP STD 0.0779|
KL coef: 0.0
Epoch 0049 [Train seq (cond on sampled tp)] | Loss 2.396037 | RMSE_NINO 1.071679  | RMSE 1.193639 | MAPE: 0.032064 | Likelihood -3.499581 | KL fp 2.1770 | FP STD 0.1208|
Epoch 0049 [Test seq (cond on sampled tp)] | Loss 1.695972 | RMSE 1.132971 | RMSE 1.242133 | MAPE: 0.034263 | Likelihood -2.794722 | KL fp 2.7388 | FP STD 0.0777|
KL coef: 0.0
Epoch 0050 [Train seq (cond on sampled tp)] | Loss 2.630289 | RMSE_NINO 1.100766  | RMSE 1.208030 | MAPE: 0.032796 | Likelihood -3.736641 | KL fp 2.1846 | FP STD 0.1198|
Epoch 0050 [Test seq (cond on sampled tp)] | Loss 1.799869 | RMSE 1.153531 | RMSE 1.253348 | MAPE: 0.034741 | Likelihood -2.898924 | KL fp 2.7331 | FP STD 0.0774|
KL coef: 0.0
Epoch 0051 [Train seq (cond on sampled tp)] | Loss 3.088129 | RMSE_NINO 1.129843  | RMSE 1.246297 | MAPE: 0.033539 | Likelihood -4.200963 | KL fp 2.1987 | FP STD 0.1191|
Epoch 0051 [Test seq (cond on sampled tp)] | Loss 1.439394 | RMSE 1.077930 | RMSE 1.190804 | MAPE: 0.032692 | Likelihood -2.538108 | KL fp 2.7385 | FP STD 0.0773|
KL coef: 0.0
Epoch 0052 [Train seq (cond on sampled tp)] | Loss 3.699629 | RMSE_NINO 1.186967  | RMSE 1.284213 | MAPE: 0.034675 | Likelihood -4.809489 | KL fp 2.1997 | FP STD 0.1192|
Epoch 0052 [Test seq (cond on sampled tp)] | Loss 1.659713 | RMSE 1.111644 | RMSE 1.230230 | MAPE: 0.033497 | Likelihood -2.759284 | KL fp 2.7451 | FP STD 0.0773|
KL coef: 0.0
Epoch 0053 [Train seq (cond on sampled tp)] | Loss 4.464706 | RMSE_NINO 1.256965  | RMSE 1.344467 | MAPE: 0.036110 | Likelihood -5.586133 | KL fp 2.2039 | FP STD 0.1189|
Epoch 0053 [Test seq (cond on sampled tp)] | Loss 1.054429 | RMSE 0.983114 | RMSE 1.118677 | MAPE: 0.029734 | Likelihood -2.155025 | KL fp 2.7220 | FP STD 0.0781|
KL coef: 0.0
Epoch 0054 [Train seq (cond on sampled tp)] | Loss 5.421339 | RMSE_NINO 1.276334  | RMSE 1.351909 | MAPE: 0.036703 | Likelihood -6.550981 | KL fp 2.2060 | FP STD 0.1194|
Epoch 0054 [Test seq (cond on sampled tp)] | Loss 1.402448 | RMSE 1.052799 | RMSE 1.202237 | MAPE: 0.031741 | Likelihood -2.502191 | KL fp 2.7141 | FP STD 0.0791|
KL coef: 0.0
Epoch 0055 [Train seq (cond on sampled tp)] | Loss 7.922701 | RMSE_NINO 1.442323  | RMSE 1.484204 | MAPE: 0.040283 | Likelihood -9.085093 | KL fp 2.2003 | FP STD 0.1208|
Epoch 0055 [Test seq (cond on sampled tp)] | Loss 1.827169 | RMSE 1.126382 | RMSE 1.247210 | MAPE: 0.033512 | Likelihood -2.934935 | KL fp 2.6972 | FP STD 0.0814|
KL coef: 0.0
Epoch 0056 [Train seq (cond on sampled tp)] | Loss 12.492451 | RMSE_NINO 1.708524  | RMSE 1.673868 | MAPE: 0.045761 | Likelihood -13.806999 | KL fp 2.1884 | FP STD 0.1232|
Epoch 0056 [Test seq (cond on sampled tp)] | Loss 2.387519 | RMSE 1.186916 | RMSE 1.245861 | MAPE: 0.033589 | Likelihood -3.585345 | KL fp 2.6522 | FP STD 0.0846|
KL coef: 0.0
Epoch 0057 [Train seq (cond on sampled tp)] | Loss 21.104938 | RMSE_NINO 1.985058  | RMSE 1.956504 | MAPE: 0.052344 | Likelihood -22.641866 | KL fp 2.1734 | FP STD 0.1258|
Epoch 0057 [Test seq (cond on sampled tp)] | Loss 3.688225 | RMSE 1.317902 | RMSE 1.389094 | MAPE: 0.037449 | Likelihood -4.880827 | KL fp 2.5991 | FP STD 0.0886|
KL coef: 0.0
Epoch 0058 [Train seq (cond on sampled tp)] | Loss 33.983440 | RMSE_NINO 2.497902  | RMSE 2.390332 | MAPE: 0.063637 | Likelihood -36.333051 | KL fp 2.1478 | FP STD 0.1297|
Epoch 0058 [Test seq (cond on sampled tp)] | Loss 5.966873 | RMSE 1.702482 | RMSE 1.821252 | MAPE: 0.050910 | Likelihood -7.327040 | KL fp 2.5425 | FP STD 0.0923|
KL coef: 0.0
Epoch 0059 [Train seq (cond on sampled tp)] | Loss 53.670504 | RMSE_NINO 3.183167  | RMSE 2.877668 | MAPE: 0.078081 | Likelihood -57.934934 | KL fp 2.1366 | FP STD 0.1325|
Epoch 0059 [Test seq (cond on sampled tp)] | Loss 9.186474 | RMSE 1.985404 | RMSE 2.063404 | MAPE: 0.057197 | Likelihood -11.830935 | KL fp 2.4876 | FP STD 0.0954|
KL coef: 0.0
Epoch 0060 [Train seq (cond on sampled tp)] | Loss 82.798483 | RMSE_NINO 3.797406  | RMSE 3.508143 | MAPE: 0.093123 | Likelihood -89.864372 | KL fp 2.1164 | FP STD 0.1344|
Epoch 0060 [Test seq (cond on sampled tp)] | Loss 9.789383 | RMSE 2.190341 | RMSE 2.077333 | MAPE: 0.058862 | Likelihood -13.671738 | KL fp 2.4537 | FP STD 0.0976|
KL coef: 0.0
Epoch 0061 [Train seq (cond on sampled tp)] | Loss 130.123285 | RMSE_NINO 4.720922  | RMSE 4.295015 | MAPE: 0.115218 | Likelihood -141.273014 | KL fp 2.1086 | FP STD 0.1361|
Epoch 0061 [Test seq (cond on sampled tp)] | Loss 7.687593 | RMSE 1.725669 | RMSE 1.722909 | MAPE: 0.045320 | Likelihood -15.293214 | KL fp 2.4186 | FP STD 0.0999|
KL coef: 0.0
Epoch 0062 [Train seq (cond on sampled tp)] | Loss 201.393220 | RMSE_NINO 6.047382  | RMSE 5.240280 | MAPE: 0.144875 | Likelihood -214.967661 | KL fp 2.0924 | FP STD 0.1383|
Epoch 0062 [Test seq (cond on sampled tp)] | Loss 11.863357 | RMSE 2.252608 | RMSE 2.246196 | MAPE: 0.061134 | Likelihood -24.179729 | KL fp 2.3954 | FP STD 0.1017|
KL coef: 0.0
Epoch 0063 [Train seq (cond on sampled tp)] | Loss 282.942316 | RMSE_NINO 7.211473  | RMSE 6.203415 | MAPE: 0.171635 | Likelihood -302.330403 | KL fp 2.0863 | FP STD 0.1391|
Epoch 0063 [Test seq (cond on sampled tp)] | Loss 29.629614 | RMSE 3.503776 | RMSE 2.232309 | MAPE: 0.064668 | Likelihood -38.410799 | KL fp 2.3792 | FP STD 0.1031|
KL coef: 0.0
Epoch 0064 [Train seq (cond on sampled tp)] | Loss 404.440754 | RMSE_NINO 8.362668  | RMSE 7.218523 | MAPE: 0.195480 | Likelihood -428.613767 | KL fp 2.0776 | FP STD 0.1405|
Epoch 0064 [Test seq (cond on sampled tp)] | Loss 25.417974 | RMSE 3.181441 | RMSE 2.650548 | MAPE: 0.072985 | Likelihood -52.377377 | KL fp 2.3651 | FP STD 0.1043|
KL coef: 0.0
Epoch 0065 [Train seq (cond on sampled tp)] | Loss 572.299186 | RMSE_NINO 9.932787  | RMSE 8.389396 | MAPE: 0.226830 | Likelihood -612.412481 | KL fp 2.0749 | FP STD 0.1412|
Epoch 0065 [Test seq (cond on sampled tp)] | Loss 45.136183 | RMSE 4.412592 | RMSE 3.516322 | MAPE: 0.102176 | Likelihood -62.295790 | KL fp 2.3553 | FP STD 0.1051|
KL coef: 0.0
Epoch 0066 [Train seq (cond on sampled tp)] | Loss 785.856440 | RMSE_NINO 11.452308  | RMSE 10.035403 | MAPE: 0.271377 | Likelihood -834.439830 | KL fp 2.0743 | FP STD 0.1416|
Epoch 0066 [Test seq (cond on sampled tp)] | Loss 49.751282 | RMSE 3.456926 | RMSE 2.732148 | MAPE: 0.073462 | Likelihood -81.889320 | KL fp 2.3492 | FP STD 0.1056|
KL coef: 0.0
Epoch 0067 [Train seq (cond on sampled tp)] | Loss 1078.753435 | RMSE_NINO 13.826279  | RMSE 11.613993 | MAPE: 0.315819 | Likelihood -1152.424416 | KL fp 2.0636 | FP STD 0.1425|
Epoch 0067 [Test seq (cond on sampled tp)] | Loss 41.642656 | RMSE 4.388544 | RMSE 3.064698 | MAPE: 0.086478 | Likelihood -86.604935 | KL fp 2.3436 | FP STD 0.1060|
KL coef: 0.0
Epoch 0068 [Train seq (cond on sampled tp)] | Loss 1496.617432 | RMSE_NINO 16.147177  | RMSE 13.493578 | MAPE: 0.367292 | Likelihood -1570.968506 | KL fp 2.0653 | FP STD 0.1425|
Epoch 0068 [Test seq (cond on sampled tp)] | Loss 47.528748 | RMSE 3.931132 | RMSE 3.356209 | MAPE: 0.091350 | Likelihood -93.473751 | KL fp 2.3392 | FP STD 0.1063|
KL coef: 0.0
Epoch 0069 [Train seq (cond on sampled tp)] | Loss 1870.671642 | RMSE_NINO 17.533200  | RMSE 15.129178 | MAPE: 0.407785 | Likelihood -1987.837791 | KL fp 2.0649 | FP STD 0.1427|
Epoch 0069 [Test seq (cond on sampled tp)] | Loss 73.599354 | RMSE 4.530465 | RMSE 3.801065 | MAPE: 0.104666 | Likelihood -97.196915 | KL fp 2.3395 | FP STD 0.1062|
KL coef: 0.0
Epoch 0070 [Train seq (cond on sampled tp)] | Loss 2382.767778 | RMSE_NINO 20.813853  | RMSE 17.129822 | MAPE: 0.467222 | Likelihood -2546.853316 | KL fp 2.0629 | FP STD 0.1428|
Epoch 0070 [Test seq (cond on sampled tp)] | Loss 121.475227 | RMSE 6.413396 | RMSE 5.756672 | MAPE: 0.158985 | Likelihood -185.452103 | KL fp 2.3435 | FP STD 0.1059|
KL coef: 0.0
Epoch 0071 [Train seq (cond on sampled tp)] | Loss 3086.314719 | RMSE_NINO 22.320298  | RMSE 19.405931 | MAPE: 0.518433 | Likelihood -3304.278742 | KL fp 2.0677 | FP STD 0.1423|
Epoch 0071 [Test seq (cond on sampled tp)] | Loss 202.130722 | RMSE 7.308278 | RMSE 8.483092 | MAPE: 0.232899 | Likelihood -248.817795 | KL fp 2.3434 | FP STD 0.1059|
KL coef: 0.0
Epoch 0072 [Train seq (cond on sampled tp)] | Loss 3844.998801 | RMSE_NINO 25.708051  | RMSE 21.880078 | MAPE: 0.587606 | Likelihood -4198.339089 | KL fp 2.0642 | FP STD 0.1421|
Epoch 0072 [Test seq (cond on sampled tp)] | Loss 139.645176 | RMSE 5.709759 | RMSE 4.727895 | MAPE: 0.129219 | Likelihood -212.071976 | KL fp 2.3451 | FP STD 0.1058|
KL coef: 0.0
Epoch 0073 [Train seq (cond on sampled tp)] | Loss 4959.476429 | RMSE_NINO 29.507976  | RMSE 24.079120 | MAPE: 0.652032 | Likelihood -5272.499778 | KL fp 2.0669 | FP STD 0.1421|
Epoch 0073 [Test seq (cond on sampled tp)] | Loss 167.130852 | RMSE 7.077930 | RMSE 4.654449 | MAPE: 0.125133 | Likelihood -254.680412 | KL fp 2.3464 | FP STD 0.1056|
KL coef: 0.0
Epoch 0074 [Train seq (cond on sampled tp)] | Loss 6128.672940 | RMSE_NINO 31.235662  | RMSE 26.451746 | MAPE: 0.712254 | Likelihood -6484.517401 | KL fp 2.0780 | FP STD 0.1417|
Epoch 0074 [Test seq (cond on sampled tp)] | Loss 267.804115 | RMSE 10.720455 | RMSE 4.932858 | MAPE: 0.139046 | Likelihood -443.862518 | KL fp 2.3476 | FP STD 0.1055|
KL coef: 0.0
Epoch 0075 [Train seq (cond on sampled tp)] | Loss 7819.121049 | RMSE_NINO 35.659415  | RMSE 30.216394 | MAPE: 0.797786 | Likelihood -8355.640758 | KL fp 2.0620 | FP STD 0.1425|
Epoch 0075 [Test seq (cond on sampled tp)] | Loss 338.772186 | RMSE 10.019839 | RMSE 11.366243 | MAPE: 0.314640 | Likelihood -438.213257 | KL fp 2.3490 | FP STD 0.1054|
KL coef: 0.0
Epoch 0076 [Train seq (cond on sampled tp)] | Loss 9261.875000 | RMSE_NINO 39.585618  | RMSE 32.985382 | MAPE: 0.872951 | Likelihood -9872.802646 | KL fp 2.0685 | FP STD 0.1417|
Epoch 0076 [Test seq (cond on sampled tp)] | Loss 329.828445 | RMSE 9.344794 | RMSE 5.853957 | MAPE: 0.155614 | Likelihood -404.454498 | KL fp 2.3511 | FP STD 0.1052|
KL coef: 0.0
Epoch 0077 [Train seq (cond on sampled tp)] | Loss 11798.769620 | RMSE_NINO 44.896148  | RMSE 36.589060 | MAPE: 0.984134 | Likelihood -12316.040838 | KL fp 2.0808 | FP STD 0.1407|
Epoch 0077 [Test seq (cond on sampled tp)] | Loss 441.793869 | RMSE 13.513564 | RMSE 6.887557 | MAPE: 0.201662 | Likelihood -570.526917 | KL fp 2.3529 | FP STD 0.1049|
KL coef: 0.0
Epoch 0078 [Train seq (cond on sampled tp)] | Loss 14480.322798 | RMSE_NINO 48.583965  | RMSE 40.483479 | MAPE: 1.084600 | Likelihood -15492.915217 | KL fp 2.0744 | FP STD 0.1415|
Epoch 0078 [Test seq (cond on sampled tp)] | Loss 466.123581 | RMSE 11.030554 | RMSE 6.324620 | MAPE: 0.169310 | Likelihood -747.548340 | KL fp 2.3543 | FP STD 0.1048|
KL coef: 0.0
Epoch 0079 [Train seq (cond on sampled tp)] | Loss 17453.919656 | RMSE_NINO 53.498719  | RMSE 44.970945 | MAPE: 1.189413 | Likelihood -18532.402166 | KL fp 2.0712 | FP STD 0.1414|
Epoch 0079 [Test seq (cond on sampled tp)] | Loss 576.155029 | RMSE 15.003600 | RMSE 7.308908 | MAPE: 0.198885 | Likelihood -1169.503601 | KL fp 2.3572 | FP STD 0.1045|
KL coef: 0.0
Epoch 0080 [Train seq (cond on sampled tp)] | Loss 21418.197088 | RMSE_NINO 60.529590  | RMSE 48.044100 | MAPE: 1.306000 | Likelihood -22734.312678 | KL fp 2.0726 | FP STD 0.1412|
Epoch 0080 [Test seq (cond on sampled tp)] | Loss 730.963501 | RMSE 11.896292 | RMSE 5.373360 | MAPE: 0.146782 | Likelihood -1059.111053 | KL fp 2.3600 | FP STD 0.1043|
KL coef: 0.0
Epoch 0081 [Train seq (cond on sampled tp)] | Loss 24500.476207 | RMSE_NINO 65.367447  | RMSE 52.685604 | MAPE: 1.404565 | Likelihood -26586.606889 | KL fp 2.0798 | FP STD 0.1399|
Epoch 0081 [Test seq (cond on sampled tp)] | Loss 1035.870911 | RMSE 21.469872 | RMSE 13.767495 | MAPE: 0.394052 | Likelihood -1427.867249 | KL fp 2.3623 | FP STD 0.1040|
KL coef: 0.0
Epoch 0082 [Train seq (cond on sampled tp)] | Loss 29248.552379 | RMSE_NINO 71.862404  | RMSE 58.720782 | MAPE: 1.578549 | Likelihood -31882.747869 | KL fp 2.0767 | FP STD 0.1403|
Epoch 0082 [Test seq (cond on sampled tp)] | Loss 1190.277527 | RMSE 21.440455 | RMSE 11.780528 | MAPE: 0.341483 | Likelihood -1563.062622 | KL fp 2.3638 | FP STD 0.1038|
KL coef: 0.0
Epoch 0083 [Train seq (cond on sampled tp)] | Loss 34621.669389 | RMSE_NINO 76.561212  | RMSE 62.966538 | MAPE: 1.693749 | Likelihood -37880.610795 | KL fp 2.0793 | FP STD 0.1404|
Epoch 0083 [Test seq (cond on sampled tp)] | Loss 1728.545105 | RMSE 22.924647 | RMSE 25.065999 | MAPE: 0.680210 | Likelihood -2231.569946 | KL fp 2.3660 | FP STD 0.1036|
KL coef: 0.0
Epoch 0084 [Train seq (cond on sampled tp)] | Loss 40735.472656 | RMSE_NINO 84.417848  | RMSE 67.665784 | MAPE: 1.830474 | Likelihood -43278.859730 | KL fp 2.0764 | FP STD 0.1402|
Epoch 0084 [Test seq (cond on sampled tp)] | Loss 1994.957825 | RMSE 24.086121 | RMSE 26.126533 | MAPE: 0.726010 | Likelihood -2047.248535 | KL fp 2.3684 | FP STD 0.1034|
KL coef: 0.0
Epoch 0085 [Train seq (cond on sampled tp)] | Loss 47406.242898 | RMSE_NINO 93.048830  | RMSE 72.159336 | MAPE: 1.977813 | Likelihood -50623.692472 | KL fp 2.0788 | FP STD 0.1398|
Epoch 0085 [Test seq (cond on sampled tp)] | Loss 1831.522949 | RMSE 21.449242 | RMSE 13.933091 | MAPE: 0.368509 | Likelihood -2013.765381 | KL fp 2.3708 | FP STD 0.1032|
KL coef: 0.0
Epoch 0086 [Train seq (cond on sampled tp)] | Loss 56279.877486 | RMSE_NINO 98.004402  | RMSE 77.801335 | MAPE: 2.091968 | Likelihood -60654.110795 | KL fp 2.0844 | FP STD 0.1399|
Epoch 0086 [Test seq (cond on sampled tp)] | Loss 1908.092896 | RMSE 23.249794 | RMSE 9.745969 | MAPE: 0.290724 | Likelihood -2633.680298 | KL fp 2.3722 | FP STD 0.1031|
KL coef: 0.0
Epoch 0087 [Train seq (cond on sampled tp)] | Loss 65726.020952 | RMSE_NINO 102.177945  | RMSE 82.995510 | MAPE: 2.190310 | Likelihood -68947.898793 | KL fp 2.0846 | FP STD 0.1395|
Epoch 0087 [Test seq (cond on sampled tp)] | Loss 2527.692993 | RMSE 23.103832 | RMSE 14.058997 | MAPE: 0.382635 | Likelihood -2813.716797 | KL fp 2.3740 | FP STD 0.1029|
KL coef: 0.0
Epoch 0088 [Train seq (cond on sampled tp)] | Loss 74518.629972 | RMSE_NINO 118.807426  | RMSE 90.512566 | MAPE: 2.465754 | Likelihood -80088.487216 | KL fp 2.0867 | FP STD 0.1390|
Epoch 0088 [Test seq (cond on sampled tp)] | Loss 2745.070435 | RMSE 27.144902 | RMSE 13.792386 | MAPE: 0.366053 | Likelihood -3973.458496 | KL fp 2.3756 | FP STD 0.1028|
KL coef: 0.0
Epoch 0089 [Train seq (cond on sampled tp)] | Loss 86980.857955 | RMSE_NINO 128.648870  | RMSE 96.984646 | MAPE: 2.654361 | Likelihood -94336.537642 | KL fp 2.0936 | FP STD 0.1388|
Epoch 0089 [Test seq (cond on sampled tp)] | Loss 3207.576050 | RMSE 25.854670 | RMSE 13.551360 | MAPE: 0.375165 | Likelihood -3571.807617 | KL fp 2.3775 | FP STD 0.1026|
KL coef: 0.0
Epoch 0090 [Train seq (cond on sampled tp)] | Loss 101175.455256 | RMSE_NINO 136.885092  | RMSE 103.654304 | MAPE: 2.855006 | Likelihood -110554.870028 | KL fp 2.0830 | FP STD 0.1393|
Epoch 0090 [Test seq (cond on sampled tp)] | Loss 4493.578613 | RMSE 32.604742 | RMSE 30.766806 | MAPE: 0.830555 | Likelihood -5654.134521 | KL fp 2.3796 | FP STD 0.1024|
KL coef: 0.0
Epoch 0091 [Train seq (cond on sampled tp)] | Loss 117132.823864 | RMSE_NINO 145.496423  | RMSE 111.724347 | MAPE: 3.038248 | Likelihood -126889.860795 | KL fp 2.0854 | FP STD 0.1386|
Epoch 0091 [Test seq (cond on sampled tp)] | Loss 4983.673096 | RMSE 39.066226 | RMSE 15.290960 | MAPE: 0.451492 | Likelihood -5838.905029 | KL fp 2.3821 | FP STD 0.1022|
KL coef: 0.0
Epoch 0092 [Train seq (cond on sampled tp)] | Loss 134184.627131 | RMSE_NINO 152.011908  | RMSE 118.511193 | MAPE: 3.209115 | Likelihood -145332.197443 | KL fp 2.0868 | FP STD 0.1395|
Epoch 0092 [Test seq (cond on sampled tp)] | Loss 5366.535400 | RMSE 32.666857 | RMSE 21.018304 | MAPE: 0.539326 | Likelihood -5554.551758 | KL fp 2.3848 | FP STD 0.1020|
KL coef: 0.0
Epoch 0093 [Train seq (cond on sampled tp)] | Loss 161342.153409 | RMSE_NINO 170.277548  | RMSE 128.113001 | MAPE: 3.527011 | Likelihood -172905.255682 | KL fp 2.0928 | FP STD 0.1388|
Epoch 0093 [Test seq (cond on sampled tp)] | Loss 6226.857910 | RMSE 43.584777 | RMSE 21.309397 | MAPE: 0.596750 | Likelihood -9006.660889 | KL fp 2.3859 | FP STD 0.1019|
KL coef: 0.0
Epoch 0094 [Train seq (cond on sampled tp)] | Loss 177186.950284 | RMSE_NINO 168.052379  | RMSE 135.357154 | MAPE: 3.618914 | Likelihood -189350.585227 | KL fp 2.0889 | FP STD 0.1386|
Epoch 0094 [Test seq (cond on sampled tp)] | Loss 7991.786133 | RMSE 57.667879 | RMSE 28.681151 | MAPE: 0.861155 | Likelihood -10891.519775 | KL fp 2.3878 | FP STD 0.1017|
KL coef: 0.0
Epoch 0095 [Train seq (cond on sampled tp)] | Loss 203535.008523 | RMSE_NINO 189.297602  | RMSE 145.156090 | MAPE: 3.857661 | Likelihood -221097.032670 | KL fp 2.0943 | FP STD 0.1383|
Epoch 0095 [Test seq (cond on sampled tp)] | Loss 7842.320312 | RMSE 51.837235 | RMSE 28.255133 | MAPE: 0.832710 | Likelihood -10439.616699 | KL fp 2.3896 | FP STD 0.1016|
KL coef: 0.0
Epoch 0096 [Train seq (cond on sampled tp)] | Loss 232828.316761 | RMSE_NINO 197.079818  | RMSE 156.443143 | MAPE: 4.168573 | Likelihood -252778.561080 | KL fp 2.0950 | FP STD 0.1379|
Epoch 0096 [Test seq (cond on sampled tp)] | Loss 13111.434082 | RMSE 62.104549 | RMSE 50.503676 | MAPE: 1.409189 | Likelihood -14901.415527 | KL fp 2.3915 | FP STD 0.1014|
KL coef: 0.0
Epoch 0097 [Train seq (cond on sampled tp)] | Loss 274931.870739 | RMSE_NINO 219.919496  | RMSE 167.192808 | MAPE: 4.577276 | Likelihood -293731.474432 | KL fp 2.0911 | FP STD 0.1384|
Epoch 0097 [Test seq (cond on sampled tp)] | Loss 12544.238770 | RMSE 60.109009 | RMSE 32.129647 | MAPE: 0.859059 | Likelihood -15247.515137 | KL fp 2.3937 | FP STD 0.1013|
KL coef: 0.0
Epoch 0098 [Train seq (cond on sampled tp)] | Loss 299231.142045 | RMSE_NINO 233.951889  | RMSE 176.847567 | MAPE: 4.840904 | Likelihood -321623.133523 | KL fp 2.0897 | FP STD 0.1378|
Epoch 0098 [Test seq (cond on sampled tp)] | Loss 14583.892578 | RMSE 55.185697 | RMSE 34.763261 | MAPE: 0.873959 | Likelihood -19140.662109 | KL fp 2.3954 | FP STD 0.1012|
KL coef: 0.0
Epoch 0099 [Train seq (cond on sampled tp)] | Loss 341679.181818 | RMSE_NINO 233.406639  | RMSE 185.559218 | MAPE: 4.860032 | Likelihood -360501.187500 | KL fp 2.0901 | FP STD 0.1379|
Epoch 0099 [Test seq (cond on sampled tp)] | Loss 13732.729004 | RMSE 79.499086 | RMSE 35.829323 | MAPE: 1.024943 | Likelihood -25712.854492 | KL fp 2.3965 | FP STD 0.1010|
KL coef: 0.0
Epoch 0100 [Train seq (cond on sampled tp)] | Loss 366083.599432 | RMSE_NINO 242.541212  | RMSE 194.551069 | MAPE: 5.212049 | Likelihood -390278.355114 | KL fp 2.1044 | FP STD 0.1371|
Epoch 0100 [Test seq (cond on sampled tp)] | Loss 17568.068848 | RMSE 71.894906 | RMSE 57.153572 | MAPE: 1.580470 | Likelihood -21729.501953 | KL fp 2.3980 | FP STD 0.1009|
KL coef: 0.0
Epoch 0101 [Train seq (cond on sampled tp)] | Loss 415354.926136 | RMSE_NINO 265.170814  | RMSE 204.732631 | MAPE: 5.546638 | Likelihood -443433.673295 | KL fp 2.0982 | FP STD 0.1370|
Epoch 0101 [Test seq (cond on sampled tp)] | Loss 25794.080078 | RMSE 91.517868 | RMSE 75.610648 | MAPE: 2.101422 | Likelihood -34713.492188 | KL fp 2.3996 | FP STD 0.1008|
KL coef: 0.0
Epoch 0102 [Train seq (cond on sampled tp)] | Loss 474024.144886 | RMSE_NINO 282.153195  | RMSE 218.719505 | MAPE: 5.874683 | Likelihood -505911.514205 | KL fp 2.0972 | FP STD 0.1378|
Epoch 0102 [Test seq (cond on sampled tp)] | Loss 20329.495117 | RMSE 60.892868 | RMSE 33.706155 | MAPE: 0.837311 | Likelihood -25017.802734 | KL fp 2.4012 | FP STD 0.1007|
KL coef: 0.0
Epoch 0103 [Train seq (cond on sampled tp)] | Loss 497539.119318 | RMSE_NINO 300.282187  | RMSE 227.788041 | MAPE: 6.217472 | Likelihood -541872.528409 | KL fp 2.0959 | FP STD 0.1375|
Epoch 0103 [Test seq (cond on sampled tp)] | Loss 20429.346680 | RMSE 79.923830 | RMSE 35.032093 | MAPE: 1.037708 | Likelihood -26520.635742 | KL fp 2.4017 | FP STD 0.1006|
KL coef: 0.0
Epoch 0104 [Train seq (cond on sampled tp)] | Loss 583155.051136 | RMSE_NINO 327.958308  | RMSE 240.353147 | MAPE: 6.745778 | Likelihood -625239.727273 | KL fp 2.0981 | FP STD 0.1372|
Epoch 0104 [Test seq (cond on sampled tp)] | Loss 31016.560547 | RMSE 129.902028 | RMSE 104.352482 | MAPE: 3.012438 | Likelihood -42877.460938 | KL fp 2.4029 | FP STD 0.1005|
KL coef: 0.0
Epoch 0105 [Train seq (cond on sampled tp)] | Loss 649585.823864 | RMSE_NINO 344.457363  | RMSE 258.438097 | MAPE: 7.093043 | Likelihood -697903.573864 | KL fp 2.0997 | FP STD 0.1372|
Epoch 0105 [Test seq (cond on sampled tp)] | Loss 30949.492188 | RMSE 93.199943 | RMSE 74.420791 | MAPE: 2.056939 | Likelihood -40658.742188 | KL fp 2.4039 | FP STD 0.1004|
KL coef: 0.0
Epoch 0106 [Train seq (cond on sampled tp)] | Loss 695244.636364 | RMSE_NINO 359.654426  | RMSE 264.245078 | MAPE: 7.352094 | Likelihood -758174.994318 | KL fp 2.1015 | FP STD 0.1365|
Epoch 0106 [Test seq (cond on sampled tp)] | Loss 32548.916016 | RMSE 106.410569 | RMSE 82.199013 | MAPE: 2.294655 | Likelihood -39592.976562 | KL fp 2.4044 | FP STD 0.1002|
KL coef: 0.0
Epoch 0107 [Train seq (cond on sampled tp)] | Loss 785192.181818 | RMSE_NINO 367.473413  | RMSE 282.838475 | MAPE: 7.618249 | Likelihood -855977.545455 | KL fp 2.1015 | FP STD 0.1368|
Epoch 0107 [Test seq (cond on sampled tp)] | Loss 37799.896484 | RMSE 105.300606 | RMSE 94.207473 | MAPE: 2.576483 | Likelihood -40306.406250 | KL fp 2.4060 | FP STD 0.1001|
KL coef: 0.0
Epoch 0108 [Train seq (cond on sampled tp)] | Loss 885221.568182 | RMSE_NINO 379.849126  | RMSE 298.220183 | MAPE: 7.895783 | Likelihood -948101.607955 | KL fp 2.1043 | FP STD 0.1362|
Epoch 0108 [Test seq (cond on sampled tp)] | Loss 34587.978516 | RMSE 120.592493 | RMSE 56.924271 | MAPE: 1.649111 | Likelihood -57261.833984 | KL fp 2.4071 | FP STD 0.1000|
KL coef: 0.0
Epoch 0109 [Train seq (cond on sampled tp)] | Loss 954014.255682 | RMSE_NINO 403.521788  | RMSE 313.072759 | MAPE: 8.338270 | Likelihood -1011326.892045 | KL fp 2.1057 | FP STD 0.1362|
Epoch 0109 [Test seq (cond on sampled tp)] | Loss 41006.644531 | RMSE 102.862897 | RMSE 78.895555 | MAPE: 2.171570 | Likelihood -50245.798828 | KL fp 2.4085 | FP STD 0.1000|
KL coef: 0.0
Epoch 0110 [Train seq (cond on sampled tp)] | Loss 1027671.454545 | RMSE_NINO 440.662809  | RMSE 329.520016 | MAPE: 8.959296 | Likelihood -1114580.727273 | KL fp 2.1030 | FP STD 0.1366|
Epoch 0110 [Test seq (cond on sampled tp)] | Loss 49473.324219 | RMSE 121.597263 | RMSE 99.403654 | MAPE: 2.708172 | Likelihood -61213.236328 | KL fp 2.4091 | FP STD 0.0999|
KL coef: 0.0
Epoch 0111 [Train seq (cond on sampled tp)] | Loss 1147990.215909 | RMSE_NINO 441.272165  | RMSE 347.223535 | MAPE: 9.314198 | Likelihood -1244295.000000 | KL fp 2.1067 | FP STD 0.1360|
Epoch 0111 [Test seq (cond on sampled tp)] | Loss 54490.365234 | RMSE 116.989600 | RMSE 98.328259 | MAPE: 2.586478 | Likelihood -66464.167969 | KL fp 2.4100 | FP STD 0.0998|
KL coef: 0.0
Epoch 0112 [Train seq (cond on sampled tp)] | Loss 1310546.318182 | RMSE_NINO 462.105196  | RMSE 359.723788 | MAPE: 9.791201 | Likelihood -1393092.795455 | KL fp 2.1058 | FP STD 0.1362|
Epoch 0112 [Test seq (cond on sampled tp)] | Loss 52224.330078 | RMSE 124.875308 | RMSE 61.914788 | MAPE: 1.758105 | Likelihood -65292.802734 | KL fp 2.4113 | FP STD 0.0997|
KL coef: 0.0
Epoch 0113 [Train seq (cond on sampled tp)] | Loss 1391065.704545 | RMSE_NINO 501.353879  | RMSE 371.968454 | MAPE: 10.212593 | Likelihood -1474928.454545 | KL fp 2.1036 | FP STD 0.1369|
Epoch 0113 [Test seq (cond on sampled tp)] | Loss 72619.742188 | RMSE 150.260920 | RMSE 153.986704 | MAPE: 4.216082 | Likelihood -94090.851562 | KL fp 2.4118 | FP STD 0.0997|
KL coef: 0.0
Epoch 0114 [Train seq (cond on sampled tp)] | Loss 1566133.715909 | RMSE_NINO 506.544612  | RMSE 395.580396 | MAPE: 10.631099 | Likelihood -1659262.681818 | KL fp 2.1098 | FP STD 0.1361|
Epoch 0114 [Test seq (cond on sampled tp)] | Loss 88825.792969 | RMSE 169.620956 | RMSE 186.924503 | MAPE: 5.112487 | Likelihood -117645.160156 | KL fp 2.4126 | FP STD 0.0996|
KL coef: 0.0
Epoch 0115 [Train seq (cond on sampled tp)] | Loss 1758976.306818 | RMSE_NINO 560.905028  | RMSE 416.525449 | MAPE: 11.451252 | Likelihood -1853198.556818 | KL fp 2.1042 | FP STD 0.1364|
Epoch 0115 [Test seq (cond on sampled tp)] | Loss 86876.105469 | RMSE 128.258972 | RMSE 121.464412 | MAPE: 3.218320 | Likelihood -131346.261719 | KL fp 2.4142 | FP STD 0.0995|
KL coef: 0.0
Epoch 0116 [Train seq (cond on sampled tp)] | Loss 1845098.420455 | RMSE_NINO 564.818488  | RMSE 436.435242 | MAPE: 11.740270 | Likelihood -1991163.431818 | KL fp 2.1101 | FP STD 0.1360|
Epoch 0116 [Test seq (cond on sampled tp)] | Loss 83451.738281 | RMSE 191.415425 | RMSE 120.486623 | MAPE: 3.386291 | Likelihood -117936.781250 | KL fp 2.4155 | FP STD 0.0994|
KL coef: 0.0
Epoch 0117 [Train seq (cond on sampled tp)] | Loss 1993245.647727 | RMSE_NINO 573.426406  | RMSE 455.897821 | MAPE: 12.118328 | Likelihood -2194208.204545 | KL fp 2.1070 | FP STD 0.1354|
Epoch 0117 [Test seq (cond on sampled tp)] | Loss 137859.375000 | RMSE 248.598375 | RMSE 256.980310 | MAPE: 7.155015 | Likelihood -166078.757812 | KL fp 2.4160 | FP STD 0.0994|
KL coef: 0.0
Epoch 0118 [Train seq (cond on sampled tp)] | Loss 2264728.431818 | RMSE_NINO 623.984879  | RMSE 472.581760 | MAPE: 12.896040 | Likelihood -2402757.409091 | KL fp 2.1022 | FP STD 0.1364|
Epoch 0118 [Test seq (cond on sampled tp)] | Loss 73116.039062 | RMSE 187.266675 | RMSE 62.640216 | MAPE: 1.767941 | Likelihood -172141.101562 | KL fp 2.4168 | FP STD 0.0993|
KL coef: 0.0
Epoch 0119 [Train seq (cond on sampled tp)] | Loss 2331335.386364 | RMSE_NINO 623.143639  | RMSE 490.025354 | MAPE: 13.130655 | Likelihood -2490486.840909 | KL fp 2.1077 | FP STD 0.1362|
Epoch 0119 [Test seq (cond on sampled tp)] | Loss 171293.289062 | RMSE 249.105655 | RMSE 274.605515 | MAPE: 7.579759 | Likelihood -199001.843750 | KL fp 2.4173 | FP STD 0.0993|
KL coef: 0.0
Epoch 0120 [Train seq (cond on sampled tp)] | Loss 2574550.818182 | RMSE_NINO 638.080302  | RMSE 515.198810 | MAPE: 13.610794 | Likelihood -2735573.568182 | KL fp 2.1085 | FP STD 0.1362|
Epoch 0120 [Test seq (cond on sampled tp)] | Loss 136665.554688 | RMSE 234.490817 | RMSE 239.750317 | MAPE: 6.673197 | Likelihood -196349.984375 | KL fp 2.4174 | FP STD 0.0992|
KL coef: 0.0
Epoch 0121 [Train seq (cond on sampled tp)] | Loss 2763542.795455 | RMSE_NINO 697.054772  | RMSE 532.369599 | MAPE: 14.435340 | Likelihood -3055421.295455 | KL fp 2.1136 | FP STD 0.1355|
Epoch 0121 [Test seq (cond on sampled tp)] | Loss 143807.070312 | RMSE 236.182805 | RMSE 183.434214 | MAPE: 5.032923 | Likelihood -210937.398438 | KL fp 2.4178 | FP STD 0.0992|
KL coef: 0.0
Epoch 0122 [Train seq (cond on sampled tp)] | Loss 3038730.795455 | RMSE_NINO 731.912827  | RMSE 553.051359 | MAPE: 15.181352 | Likelihood -3244624.795455 | KL fp 2.1171 | FP STD 0.1354|
Epoch 0122 [Test seq (cond on sampled tp)] | Loss 189090.730469 | RMSE 230.619279 | RMSE 202.437826 | MAPE: 5.616142 | Likelihood -239004.992188 | KL fp 2.4185 | FP STD 0.0991|
KL coef: 0.0
Epoch 0123 [Train seq (cond on sampled tp)] | Loss 3272945.613636 | RMSE_NINO 749.459994  | RMSE 585.465803 | MAPE: 15.652666 | Likelihood -3504227.931818 | KL fp 2.1067 | FP STD 0.1355|
Epoch 0123 [Test seq (cond on sampled tp)] | Loss 210483.992188 | RMSE 248.859238 | RMSE 272.325499 | MAPE: 7.449397 | Likelihood -288015.078125 | KL fp 2.4192 | FP STD 0.0990|
KL coef: 0.0
Epoch 0124 [Train seq (cond on sampled tp)] | Loss 3423931.022727 | RMSE_NINO 782.717705  | RMSE 595.379480 | MAPE: 16.334833 | Likelihood -3736754.272727 | KL fp 2.1079 | FP STD 0.1358|
Epoch 0124 [Test seq (cond on sampled tp)] | Loss 253616.773438 | RMSE 277.813174 | RMSE 198.417154 | MAPE: 5.582119 | Likelihood -322131.734375 | KL fp 2.4200 | FP STD 0.0990|
KL coef: 0.0
Epoch 0125 [Train seq (cond on sampled tp)] | Loss 3808556.636364 | RMSE_NINO 780.245175  | RMSE 625.786590 | MAPE: 16.631800 | Likelihood -4124346.727273 | KL fp 2.1148 | FP STD 0.1351|
Epoch 0125 [Test seq (cond on sampled tp)] | Loss 346234.281250 | RMSE 374.267836 | RMSE 404.502551 | MAPE: 11.213868 | Likelihood -419830.031250 | KL fp 2.4206 | FP STD 0.0989|
KL coef: 0.0
Epoch 0126 [Train seq (cond on sampled tp)] | Loss 4094925.159091 | RMSE_NINO 819.155468  | RMSE 646.980893 | MAPE: 17.251982 | Likelihood -4355812.954545 | KL fp 2.1123 | FP STD 0.1353|
Epoch 0126 [Test seq (cond on sampled tp)] | Loss 386658.125000 | RMSE 387.041424 | RMSE 466.987779 | MAPE: 12.887651 | Likelihood -437930.578125 | KL fp 2.4206 | FP STD 0.0989|
KL coef: 0.0
Epoch 0127 [Train seq (cond on sampled tp)] | Loss 4460144.568182 | RMSE_NINO 865.815540  | RMSE 681.593733 | MAPE: 18.371917 | Likelihood -4846822.772727 | KL fp 2.1092 | FP STD 0.1357|
Epoch 0127 [Test seq (cond on sampled tp)] | Loss 273396.632812 | RMSE 359.076936 | RMSE 278.751925 | MAPE: 7.913988 | Likelihood -526016.765625 | KL fp 2.4212 | FP STD 0.0989|
KL coef: 0.0
Epoch 0128 [Train seq (cond on sampled tp)] | Loss 4635186.909091 | RMSE_NINO 932.143625  | RMSE 699.248684 | MAPE: 19.312502 | Likelihood -5027407.000000 | KL fp 2.1099 | FP STD 0.1352|
Epoch 0128 [Test seq (cond on sampled tp)] | Loss 219648.640625 | RMSE 270.580363 | RMSE 293.317929 | MAPE: 8.075467 | Likelihood -362807.312500 | KL fp 2.4215 | FP STD 0.0988|
KL coef: 0.0
Epoch 0129 [Train seq (cond on sampled tp)] | Loss 5217191.636364 | RMSE_NINO 971.020700  | RMSE 733.087817 | MAPE: 20.252947 | Likelihood -5562243.000000 | KL fp 2.1066 | FP STD 0.1357|
Epoch 0129 [Test seq (cond on sampled tp)] | Loss 502190.765625 | RMSE 485.394066 | RMSE 514.880376 | MAPE: 14.477810 | Likelihood -630313.625000 | KL fp 2.4212 | FP STD 0.0988|
KL coef: 0.0
Epoch 0130 [Train seq (cond on sampled tp)] | Loss 5713921.909091 | RMSE_NINO 993.357200  | RMSE 762.218403 | MAPE: 20.794279 | Likelihood -6020734.136364 | KL fp 2.1112 | FP STD 0.1354|
Epoch 0130 [Test seq (cond on sampled tp)] | Loss 257854.593750 | RMSE 284.173125 | RMSE 277.300974 | MAPE: 7.640895 | Likelihood -394437.359375 | KL fp 2.4213 | FP STD 0.0987|
KL coef: 0.0
Epoch 0131 [Train seq (cond on sampled tp)] | Loss 6005237.090909 | RMSE_NINO 969.179119  | RMSE 780.431815 | MAPE: 20.642197 | Likelihood -6332728.545455 | KL fp 2.1119 | FP STD 0.1354|
Epoch 0131 [Test seq (cond on sampled tp)] | Loss 604087.750000 | RMSE 455.202679 | RMSE 554.763449 | MAPE: 15.156363 | Likelihood -825622.031250 | KL fp 2.4217 | FP STD 0.0987|
KL coef: 0.0
Epoch 0132 [Train seq (cond on sampled tp)] | Loss 6587634.454545 | RMSE_NINO 1065.958359  | RMSE 821.603645 | MAPE: 22.108167 | Likelihood -7008527.590909 | KL fp 2.1104 | FP STD 0.1357|
Epoch 0132 [Test seq (cond on sampled tp)] | Loss 509269.859375 | RMSE 437.642771 | RMSE 418.298173 | MAPE: 11.552769 | Likelihood -748344.625000 | KL fp 2.4225 | FP STD 0.0987|
KL coef: 0.0
Epoch 0133 [Train seq (cond on sampled tp)] | Loss 6561131.272727 | RMSE_NINO 1064.440902  | RMSE 846.595314 | MAPE: 22.446031 | Likelihood -7318015.500000 | KL fp 2.1106 | FP STD 0.1355|
Epoch 0133 [Test seq (cond on sampled tp)] | Loss 599242.500000 | RMSE 418.642761 | RMSE 481.445125 | MAPE: 13.253846 | Likelihood -822198.781250 | KL fp 2.4225 | FP STD 0.0986|
KL coef: 0.0
Epoch 0134 [Train seq (cond on sampled tp)] | Loss 7307235.000000 | RMSE_NINO 1145.121469  | RMSE 870.462910 | MAPE: 23.841978 | Likelihood -7855337.227273 | KL fp 2.1136 | FP STD 0.1348|
Epoch 0134 [Test seq (cond on sampled tp)] | Loss 616913.718750 | RMSE 451.032477 | RMSE 426.250456 | MAPE: 11.909203 | Likelihood -806148.468750 | KL fp 2.4228 | FP STD 0.0986|
KL coef: 0.0
Epoch 0135 [Train seq (cond on sampled tp)] | Loss 7801476.000000 | RMSE_NINO 1145.643536  | RMSE 894.909133 | MAPE: 24.411056 | Likelihood -8359614.181818 | KL fp 2.1121 | FP STD 0.1356|
Epoch 0135 [Test seq (cond on sampled tp)] | Loss 1152767.656250 | RMSE 743.641396 | RMSE 837.452473 | MAPE: 23.277881 | Likelihood -1552441.125000 | KL fp 2.4228 | FP STD 0.0986|
KL coef: 0.0
Epoch 0136 [Train seq (cond on sampled tp)] | Loss 8668305.545455 | RMSE_NINO 1245.735315  | RMSE 956.303461 | MAPE: 26.343112 | Likelihood -9144517.181818 | KL fp 2.1056 | FP STD 0.1355|
Epoch 0136 [Test seq (cond on sampled tp)] | Loss 707792.562500 | RMSE 316.258616 | RMSE 258.605113 | MAPE: 7.033600 | Likelihood -735616.562500 | KL fp 2.4227 | FP STD 0.0985|
KL coef: 0.0
Epoch 0137 [Train seq (cond on sampled tp)] | Loss 8978614.454545 | RMSE_NINO 1217.302994  | RMSE 986.990064 | MAPE: 26.288387 | Likelihood -9525519.272727 | KL fp 2.1134 | FP STD 0.1347|
Epoch 0137 [Test seq (cond on sampled tp)] | Loss 574889.125000 | RMSE 472.115606 | RMSE 322.871325 | MAPE: 9.164203 | Likelihood -928246.062500 | KL fp 2.4227 | FP STD 0.0985|
KL coef: 0.0
Epoch 0138 [Train seq (cond on sampled tp)] | Loss 9403987.545455 | RMSE_NINO 1227.480411  | RMSE 987.755889 | MAPE: 26.178739 | Likelihood -9974190.000000 | KL fp 2.1102 | FP STD 0.1353|
Epoch 0138 [Test seq (cond on sampled tp)] | Loss 1399882.375000 | RMSE 742.751650 | RMSE 924.106737 | MAPE: 25.455208 | Likelihood -1605290.625000 | KL fp 2.4232 | FP STD 0.0985|
KL coef: 0.0
Epoch 0139 [Train seq (cond on sampled tp)] | Loss 9776138.772727 | RMSE_NINO 1304.628607  | RMSE 1011.865841 | MAPE: 27.157322 | Likelihood -10470160.636364 | KL fp 2.1123 | FP STD 0.1354|
Epoch 0139 [Test seq (cond on sampled tp)] | Loss 436368.218750 | RMSE 392.080212 | RMSE 240.611378 | MAPE: 6.996972 | Likelihood -777071.468750 | KL fp 2.4234 | FP STD 0.0985|
KL coef: 0.0
