/local2/fredxu/Ocean_TimeSeries_Graph/src/run_lgode.py
run_lgode.py --feature_set=5 --save_name=cat5
Namespace(n_balls=19, niters=100000, lr=5e-05, batch_size=64, save='experiments/', load=None, random_seed=1991, data='ocean', z0_encoder='GTrans', latents=32, rec_dims=64, ode_dims=128, rec_layers=2, n_heads=1, gen_layers=1, extrap='True', dropout=0.2, sample_percent_train=1, sample_percent_test=1, augment_dim=64, edge_types=2, odenet='NRI', solver='rk4', l2=0.0001, optimizer='AdamW', clip=10, cutting_edge=True, extrap_num=40, rec_attention='attention', cond_len=12, pred_len=24, test=0, patience=100, save_name='cat5', input_file='../data/ocean_timeseries.csv', eval_criterion='all', train_loss='all', feature_set=5, dataset='../data/ocean_timeseries.csv', total_ode_step=73, suffix='', mode='extrap', std=0.2845036602952383)
Epoch 0001 [Train seq (cond on sampled tp)] | Loss 21.315792 | RMSE_NINO 4.848792  | RMSE 67.545832 | MAPE: 0.132658 | Likelihood -22.614083 | KL fp 0.8015 | FP STD 0.4644|
Epoch 0001 [Test seq (cond on sampled tp)] | Loss 13.356531 | RMSE 3.740112 | RMSE 38.640084 | MAPE: 0.104936 | Likelihood -14.508029 | KL fp 1.0086 | FP STD 0.3564|
KL coef: 0.0
Epoch 0001 [Test seq (cond on sampled tp)] | Best mse 38.640084|
Epoch 0002 [Train seq (cond on sampled tp)] | Loss 6.714600 | RMSE_NINO 2.331196  | RMSE 35.848445 | MAPE: 0.065068 | Likelihood -7.838709 | KL fp 0.8262 | FP STD 0.4560|
Epoch 0002 [Test seq (cond on sampled tp)] | Loss 3.543374 | RMSE 1.782125 | RMSE 19.111173 | MAPE: 0.052151 | Likelihood -4.658716 | KL fp 1.0415 | FP STD 0.3394|
KL coef: 0.0
Epoch 0002 [Test seq (cond on sampled tp)] | Best mse 19.111173|
Epoch 0003 [Train seq (cond on sampled tp)] | Loss 3.048205 | RMSE_NINO 1.681327  | RMSE 25.778137 | MAPE: 0.048273 | Likelihood -4.153361 | KL fp 0.8754 | FP STD 0.4352|
Epoch 0003 [Test seq (cond on sampled tp)] | Loss 1.259627 | RMSE 1.344239 | RMSE 15.461524 | MAPE: 0.039786 | Likelihood -2.362752 | KL fp 1.0789 | FP STD 0.3209|
KL coef: 0.0
Epoch 0003 [Test seq (cond on sampled tp)] | Best mse 15.461524|
Epoch 0004 [Train seq (cond on sampled tp)] | Loss 1.486627 | RMSE_NINO 1.392027  | RMSE 22.433156 | MAPE: 0.040805 | Likelihood -2.587319 | KL fp 0.9401 | FP STD 0.4088|
Epoch 0004 [Test seq (cond on sampled tp)] | Loss 0.607610 | RMSE 1.324780 | RMSE 13.644248 | MAPE: 0.039495 | Likelihood -1.706450 | KL fp 1.2095 | FP STD 0.2914|
KL coef: 0.0
Epoch 0004 [Test seq (cond on sampled tp)] | Best mse 13.644248|
Epoch 0005 [Train seq (cond on sampled tp)] | Loss 0.775226 | RMSE_NINO 1.287196  | RMSE 20.245580 | MAPE: 0.037626 | Likelihood -1.874463 | KL fp 1.0316 | FP STD 0.3695|
Epoch 0005 [Test seq (cond on sampled tp)] | Loss 0.435025 | RMSE 1.360003 | RMSE 13.669424 | MAPE: 0.040335 | Likelihood -1.534065 | KL fp 1.3733 | FP STD 0.2508|
KL coef: 0.0
Epoch 0006 [Train seq (cond on sampled tp)] | Loss 0.442395 | RMSE_NINO 1.137240  | RMSE 19.383768 | MAPE: 0.033871 | Likelihood -1.541571 | KL fp 1.1331 | FP STD 0.3266|
Epoch 0006 [Test seq (cond on sampled tp)] | Loss 0.277875 | RMSE 1.371049 | RMSE 12.970595 | MAPE: 0.040819 | Likelihood -1.376685 | KL fp 1.4860 | FP STD 0.2171|
KL coef: 0.0
Epoch 0006 [Test seq (cond on sampled tp)] | Best mse 12.970595|
Epoch 0007 [Train seq (cond on sampled tp)] | Loss 0.273401 | RMSE_NINO 1.151209  | RMSE 19.093487 | MAPE: 0.034253 | Likelihood -1.372280 | KL fp 1.2185 | FP STD 0.2935|
Epoch 0007 [Test seq (cond on sampled tp)] | Loss 0.184519 | RMSE 1.298831 | RMSE 13.093439 | MAPE: 0.038874 | Likelihood -1.283165 | KL fp 1.5658 | FP STD 0.1944|
KL coef: 0.0
Epoch 0008 [Train seq (cond on sampled tp)] | Loss 0.170526 | RMSE_NINO 1.118116  | RMSE 18.463493 | MAPE: 0.033358 | Likelihood -1.269621 | KL fp 1.2920 | FP STD 0.2688|
Epoch 0008 [Test seq (cond on sampled tp)] | Loss 0.088459 | RMSE 1.290655 | RMSE 12.615000 | MAPE: 0.038384 | Likelihood -1.187112 | KL fp 1.6521 | FP STD 0.1783|
KL coef: 0.0
Epoch 0008 [Test seq (cond on sampled tp)] | Best mse 12.615000|
Epoch 0009 [Train seq (cond on sampled tp)] | Loss 0.104933 | RMSE_NINO 1.084418  | RMSE 18.197381 | MAPE: 0.032557 | Likelihood -1.203840 | KL fp 1.3467 | FP STD 0.2522|
Epoch 0009 [Test seq (cond on sampled tp)] | Loss 0.070052 | RMSE 1.284893 | RMSE 12.436916 | MAPE: 0.038570 | Likelihood -1.168852 | KL fp 1.7181 | FP STD 0.1673|
KL coef: 0.0
Epoch 0009 [Test seq (cond on sampled tp)] | Best mse 12.436916|
Epoch 0010 [Train seq (cond on sampled tp)] | Loss 0.058319 | RMSE_NINO 1.083446  | RMSE 17.996064 | MAPE: 0.032351 | Likelihood -1.157276 | KL fp 1.3975 | FP STD 0.2385|
Epoch 0010 [Test seq (cond on sampled tp)] | Loss -0.078066 | RMSE 1.180698 | RMSE 11.738736 | MAPE: 0.035411 | Likelihood -1.020765 | KL fp 1.7917 | FP STD 0.1568|
KL coef: 0.0
Epoch 0010 [Test seq (cond on sampled tp)] | Best mse 11.738736|
Epoch 0011 [Train seq (cond on sampled tp)] | Loss 0.015847 | RMSE_NINO 1.091545  | RMSE 17.740976 | MAPE: 0.032667 | Likelihood -1.114730 | KL fp 1.4464 | FP STD 0.2256|
Epoch 0011 [Test seq (cond on sampled tp)] | Loss -0.149121 | RMSE 1.130434 | RMSE 11.732067 | MAPE: 0.034384 | Likelihood -0.949526 | KL fp 1.8616 | FP STD 0.1478|
KL coef: 0.0
Epoch 0011 [Test seq (cond on sampled tp)] | Best mse 11.732067|
Epoch 0012 [Train seq (cond on sampled tp)] | Loss -0.013792 | RMSE_NINO 1.066526  | RMSE 17.676504 | MAPE: 0.032185 | Likelihood -1.085192 | KL fp 1.4924 | FP STD 0.2148|
Epoch 0012 [Test seq (cond on sampled tp)] | Loss -0.107487 | RMSE 1.144829 | RMSE 12.015066 | MAPE: 0.034530 | Likelihood -0.991226 | KL fp 1.9346 | FP STD 0.1404|
KL coef: 0.0
Epoch 0013 [Train seq (cond on sampled tp)] | Loss -0.039666 | RMSE_NINO 1.051600  | RMSE 17.710081 | MAPE: 0.031666 | Likelihood -1.059138 | KL fp 1.5320 | FP STD 0.2065|
Epoch 0013 [Test seq (cond on sampled tp)] | Loss -0.116969 | RMSE 1.146189 | RMSE 12.143663 | MAPE: 0.034643 | Likelihood -0.981652 | KL fp 2.0344 | FP STD 0.1344|
KL coef: 0.0
Epoch 0014 [Train seq (cond on sampled tp)] | Loss -0.048914 | RMSE_NINO 1.067508  | RMSE 17.777342 | MAPE: 0.032154 | Likelihood -1.049779 | KL fp 1.5734 | FP STD 0.1983|
Epoch 0014 [Test seq (cond on sampled tp)] | Loss 0.048087 | RMSE 1.281040 | RMSE 12.351921 | MAPE: 0.038308 | Likelihood -1.146856 | KL fp 2.0456 | FP STD 0.1283|
KL coef: 0.0
Epoch 0015 [Train seq (cond on sampled tp)] | Loss -0.074069 | RMSE_NINO 1.049885  | RMSE 17.819397 | MAPE: 0.031784 | Likelihood -1.024651 | KL fp 1.6084 | FP STD 0.1916|
Epoch 0015 [Test seq (cond on sampled tp)] | Loss -0.336627 | RMSE 1.014415 | RMSE 11.467116 | MAPE: 0.031352 | Likelihood -0.762006 | KL fp 2.0856 | FP STD 0.1232|
KL coef: 0.0
Epoch 0015 [Test seq (cond on sampled tp)] | Best mse 11.467116|
Epoch 0016 [Train seq (cond on sampled tp)] | Loss -0.084812 | RMSE_NINO 1.071164  | RMSE 18.082347 | MAPE: 0.032326 | Likelihood -1.013930 | KL fp 1.6394 | FP STD 0.1856|
Epoch 0016 [Test seq (cond on sampled tp)] | Loss -0.027621 | RMSE 1.229047 | RMSE 12.004995 | MAPE: 0.036885 | Likelihood -1.071036 | KL fp 2.1197 | FP STD 0.1185|
KL coef: 0.0
Epoch 0017 [Train seq (cond on sampled tp)] | Loss -0.045543 | RMSE_NINO 1.106966  | RMSE 18.436541 | MAPE: 0.033074 | Likelihood -1.053208 | KL fp 1.6728 | FP STD 0.1800|
Epoch 0017 [Test seq (cond on sampled tp)] | Loss 0.059713 | RMSE 1.262796 | RMSE 12.434657 | MAPE: 0.037768 | Likelihood -1.158503 | KL fp 2.1455 | FP STD 0.1152|
KL coef: 0.0
Epoch 0018 [Train seq (cond on sampled tp)] | Loss -0.002111 | RMSE_NINO 1.118027  | RMSE 18.211356 | MAPE: 0.032848 | Likelihood -1.096709 | KL fp 1.6909 | FP STD 0.1768|
Epoch 0018 [Test seq (cond on sampled tp)] | Loss -0.276561 | RMSE 1.050737 | RMSE 11.479276 | MAPE: 0.031984 | Likelihood -0.822053 | KL fp 2.1615 | FP STD 0.1133|
KL coef: 0.0
Epoch 0019 [Train seq (cond on sampled tp)] | Loss -0.064148 | RMSE_NINO 1.088455  | RMSE 18.275259 | MAPE: 0.032559 | Likelihood -1.034604 | KL fp 1.7053 | FP STD 0.1739|
Epoch 0019 [Test seq (cond on sampled tp)] | Loss -0.029210 | RMSE 1.225585 | RMSE 12.138927 | MAPE: 0.036657 | Likelihood -1.069442 | KL fp 2.1792 | FP STD 0.1110|
KL coef: 0.0
Epoch 0020 [Train seq (cond on sampled tp)] | Loss -0.063541 | RMSE_NINO 1.072317  | RMSE 17.881341 | MAPE: 0.032108 | Likelihood -1.035316 | KL fp 1.7249 | FP STD 0.1704|
Epoch 0020 [Test seq (cond on sampled tp)] | Loss -0.192261 | RMSE 1.133178 | RMSE 11.893885 | MAPE: 0.034165 | Likelihood -0.906361 | KL fp 2.1945 | FP STD 0.1087|
KL coef: 0.0
Epoch 0021 [Train seq (cond on sampled tp)] | Loss -0.090596 | RMSE_NINO 1.047437  | RMSE 16.980409 | MAPE: 0.031497 | Likelihood -1.008196 | KL fp 1.7469 | FP STD 0.1666|
Epoch 0021 [Test seq (cond on sampled tp)] | Loss -0.408006 | RMSE 0.971635 | RMSE 11.407223 | MAPE: 0.029981 | Likelihood -0.690633 | KL fp 2.2160 | FP STD 0.1055|
KL coef: 0.0
Epoch 0021 [Test seq (cond on sampled tp)] | Best mse 11.407223|
Epoch 0022 [Train seq (cond on sampled tp)] | Loss -0.059285 | RMSE_NINO 1.061188  | RMSE 17.578101 | MAPE: 0.031998 | Likelihood -1.039454 | KL fp 1.7716 | FP STD 0.1623|
Epoch 0022 [Test seq (cond on sampled tp)] | Loss -0.161178 | RMSE 1.159693 | RMSE 11.909317 | MAPE: 0.034919 | Likelihood -0.937458 | KL fp 2.2377 | FP STD 0.1025|
KL coef: 0.0
Epoch 0023 [Train seq (cond on sampled tp)] | Loss -0.038300 | RMSE_NINO 1.070207  | RMSE 17.698624 | MAPE: 0.032013 | Likelihood -1.060438 | KL fp 1.7928 | FP STD 0.1586|
Epoch 0023 [Test seq (cond on sampled tp)] | Loss -0.473611 | RMSE 0.943178 | RMSE 11.782611 | MAPE: 0.029016 | Likelihood -0.625027 | KL fp 2.2576 | FP STD 0.1001|
KL coef: 0.0
Epoch 0024 [Train seq (cond on sampled tp)] | Loss 0.034144 | RMSE_NINO 1.108232  | RMSE 18.555781 | MAPE: 0.032888 | Likelihood -1.133001 | KL fp 1.8149 | FP STD 0.1553|
Epoch 0024 [Test seq (cond on sampled tp)] | Loss -0.279665 | RMSE 1.076950 | RMSE 11.562062 | MAPE: 0.032808 | Likelihood -0.819092 | KL fp 2.2750 | FP STD 0.0983|
KL coef: 0.0
Epoch 0025 [Train seq (cond on sampled tp)] | Loss 0.070505 | RMSE_NINO 1.111851  | RMSE 18.185249 | MAPE: 0.033085 | Likelihood -1.169390 | KL fp 1.8287 | FP STD 0.1531|
Epoch 0025 [Test seq (cond on sampled tp)] | Loss -0.028304 | RMSE 1.241274 | RMSE 12.286597 | MAPE: 0.037262 | Likelihood -1.070344 | KL fp 2.2881 | FP STD 0.0969|
KL coef: 0.0
Epoch 0026 [Train seq (cond on sampled tp)] | Loss 0.108076 | RMSE_NINO 1.135092  | RMSE 18.486888 | MAPE: 0.033659 | Likelihood -1.206968 | KL fp 1.8408 | FP STD 0.1512|
Epoch 0026 [Test seq (cond on sampled tp)] | Loss -0.477166 | RMSE 0.948370 | RMSE 12.199828 | MAPE: 0.028961 | Likelihood -0.621453 | KL fp 2.2977 | FP STD 0.0955|
KL coef: 0.0
Epoch 0027 [Train seq (cond on sampled tp)] | Loss 0.187245 | RMSE_NINO 1.135861  | RMSE 18.656047 | MAPE: 0.033435 | Likelihood -1.286083 | KL fp 1.8569 | FP STD 0.1489|
Epoch 0027 [Test seq (cond on sampled tp)] | Loss -0.464427 | RMSE 0.944787 | RMSE 11.947450 | MAPE: 0.028973 | Likelihood -0.634209 | KL fp 2.3082 | FP STD 0.0942|
KL coef: 0.0
Epoch 0028 [Train seq (cond on sampled tp)] | Loss 0.353298 | RMSE_NINO 1.154265  | RMSE 18.452536 | MAPE: 0.034275 | Likelihood -1.452201 | KL fp 1.8696 | FP STD 0.1472|
Epoch 0028 [Test seq (cond on sampled tp)] | Loss -0.432618 | RMSE 0.947090 | RMSE 12.055218 | MAPE: 0.028991 | Likelihood -0.665996 | KL fp 2.3213 | FP STD 0.0928|
KL coef: 0.0
Epoch 0029 [Train seq (cond on sampled tp)] | Loss 0.738014 | RMSE_NINO 1.235899  | RMSE 20.230332 | MAPE: 0.036145 | Likelihood -1.837249 | KL fp 1.8815 | FP STD 0.1451|
Epoch 0029 [Test seq (cond on sampled tp)] | Loss -0.354062 | RMSE 0.983600 | RMSE 12.391043 | MAPE: 0.029876 | Likelihood -0.744600 | KL fp 2.3350 | FP STD 0.0917|
KL coef: 0.0
Epoch 0030 [Train seq (cond on sampled tp)] | Loss 1.438818 | RMSE_NINO 1.425521  | RMSE 21.319534 | MAPE: 0.040358 | Likelihood -2.539125 | KL fp 1.8922 | FP STD 0.1438|
Epoch 0030 [Test seq (cond on sampled tp)] | Loss -0.063887 | RMSE 1.186801 | RMSE 14.511799 | MAPE: 0.035000 | Likelihood -1.034874 | KL fp 2.3564 | FP STD 0.0909|
KL coef: 0.0
Epoch 0031 [Train seq (cond on sampled tp)] | Loss 2.692901 | RMSE_NINO 1.601112  | RMSE 24.191981 | MAPE: 0.044640 | Likelihood -3.797023 | KL fp 1.8969 | FP STD 0.1431|
Epoch 0031 [Test seq (cond on sampled tp)] | Loss -0.048782 | RMSE 1.133599 | RMSE 13.567303 | MAPE: 0.033135 | Likelihood -1.050041 | KL fp 2.3846 | FP STD 0.0907|
KL coef: 0.0
Epoch 0032 [Train seq (cond on sampled tp)] | Loss 4.744276 | RMSE_NINO 1.869540  | RMSE 28.143567 | MAPE: 0.050712 | Likelihood -5.857978 | KL fp 1.8958 | FP STD 0.1434|
Epoch 0032 [Test seq (cond on sampled tp)] | Loss 0.043854 | RMSE 1.137829 | RMSE 13.347862 | MAPE: 0.032819 | Likelihood -1.146572 | KL fp 2.3816 | FP STD 0.0908|
KL coef: 0.0
Epoch 0033 [Train seq (cond on sampled tp)] | Loss 8.557528 | RMSE_NINO 2.366524  | RMSE 32.906825 | MAPE: 0.061787 | Likelihood -9.671453 | KL fp 1.8892 | FP STD 0.1444|
Epoch 0033 [Test seq (cond on sampled tp)] | Loss 0.317331 | RMSE 1.297365 | RMSE 14.519484 | MAPE: 0.036367 | Likelihood -1.421786 | KL fp 2.3835 | FP STD 0.0914|
KL coef: 0.0
Epoch 0034 [Train seq (cond on sampled tp)] | Loss 16.267516 | RMSE_NINO 3.017937  | RMSE 42.093945 | MAPE: 0.078612 | Likelihood -17.425995 | KL fp 1.8786 | FP STD 0.1460|
Epoch 0034 [Test seq (cond on sampled tp)] | Loss 0.710468 | RMSE 1.529292 | RMSE 15.534608 | MAPE: 0.039968 | Likelihood -1.819021 | KL fp 2.3363 | FP STD 0.0923|
KL coef: 0.0
Epoch 0035 [Train seq (cond on sampled tp)] | Loss 30.336670 | RMSE_NINO 4.003581  | RMSE 54.554494 | MAPE: 0.101977 | Likelihood -31.604571 | KL fp 1.8642 | FP STD 0.1481|
Epoch 0035 [Test seq (cond on sampled tp)] | Loss 1.620281 | RMSE 1.647614 | RMSE 16.885182 | MAPE: 0.043338 | Likelihood -2.741247 | KL fp 2.3120 | FP STD 0.0933|
KL coef: 0.0
Epoch 0036 [Train seq (cond on sampled tp)] | Loss 52.199088 | RMSE_NINO 5.323221  | RMSE 69.291143 | MAPE: 0.134354 | Likelihood -54.091101 | KL fp 1.8555 | FP STD 0.1497|
Epoch 0036 [Test seq (cond on sampled tp)] | Loss 2.512394 | RMSE 2.095390 | RMSE 19.130529 | MAPE: 0.049635 | Likelihood -3.623128 | KL fp 2.2971 | FP STD 0.0942|
KL coef: 0.0
Epoch 0037 [Train seq (cond on sampled tp)] | Loss 88.502911 | RMSE_NINO 6.809276  | RMSE 88.793129 | MAPE: 0.170667 | Likelihood -90.865062 | KL fp 1.8449 | FP STD 0.1516|
Epoch 0037 [Test seq (cond on sampled tp)] | Loss 4.555446 | RMSE 2.194456 | RMSE 18.349951 | MAPE: 0.048908 | Likelihood -5.748394 | KL fp 2.2882 | FP STD 0.0952|
KL coef: 0.0
Epoch 0038 [Train seq (cond on sampled tp)] | Loss 142.483763 | RMSE_NINO 8.664266  | RMSE 114.209614 | MAPE: 0.214032 | Likelihood -145.619435 | KL fp 1.8366 | FP STD 0.1530|
Epoch 0038 [Test seq (cond on sampled tp)] | Loss 8.701917 | RMSE 3.213848 | RMSE 21.982315 | MAPE: 0.060649 | Likelihood -10.164075 | KL fp 2.2803 | FP STD 0.0961|
KL coef: 0.0
Epoch 0039 [Train seq (cond on sampled tp)] | Loss 222.481079 | RMSE_NINO 10.659626  | RMSE 140.347379 | MAPE: 0.271761 | Likelihood -228.240244 | KL fp 1.8290 | FP STD 0.1542|
Epoch 0039 [Test seq (cond on sampled tp)] | Loss 13.304397 | RMSE 3.319991 | RMSE 27.119041 | MAPE: 0.069546 | Likelihood -15.153890 | KL fp 2.2745 | FP STD 0.0970|
KL coef: 0.0
Epoch 0040 [Train seq (cond on sampled tp)] | Loss 340.725239 | RMSE_NINO 13.327313  | RMSE 172.172542 | MAPE: 0.320732 | Likelihood -349.857985 | KL fp 1.8235 | FP STD 0.1551|
Epoch 0040 [Test seq (cond on sampled tp)] | Loss 27.425711 | RMSE 5.372691 | RMSE 50.637864 | MAPE: 0.147001 | Likelihood -29.848468 | KL fp 2.2698 | FP STD 0.0977|
KL coef: 0.0
Epoch 0041 [Train seq (cond on sampled tp)] | Loss 488.544539 | RMSE_NINO 16.182850  | RMSE 211.487853 | MAPE: 0.397941 | Likelihood -502.820579 | KL fp 1.8192 | FP STD 0.1558|
Epoch 0041 [Test seq (cond on sampled tp)] | Loss 29.375341 | RMSE 6.145695 | RMSE 41.399809 | MAPE: 0.120553 | Likelihood -31.826009 | KL fp 2.2664 | FP STD 0.0983|
KL coef: 0.0
Epoch 0042 [Train seq (cond on sampled tp)] | Loss 723.434881 | RMSE_NINO 19.843747  | RMSE 246.523939 | MAPE: 0.479301 | Likelihood -744.677474 | KL fp 1.8167 | FP STD 0.1565|
Epoch 0042 [Test seq (cond on sampled tp)] | Loss 61.258080 | RMSE 8.312915 | RMSE 88.730192 | MAPE: 0.252251 | Likelihood -67.085567 | KL fp 2.2621 | FP STD 0.0990|
KL coef: 0.0
Epoch 0043 [Train seq (cond on sampled tp)] | Loss 1051.026334 | RMSE_NINO 25.217804  | RMSE 294.025865 | MAPE: 0.576413 | Likelihood -1077.221741 | KL fp 1.8126 | FP STD 0.1570|
Epoch 0043 [Test seq (cond on sampled tp)] | Loss 66.653240 | RMSE 8.463412 | RMSE 64.493298 | MAPE: 0.186770 | Likelihood -74.910831 | KL fp 2.2589 | FP STD 0.0997|
KL coef: 0.0
Epoch 0044 [Train seq (cond on sampled tp)] | Loss 1479.551070 | RMSE_NINO 28.581876  | RMSE 355.818963 | MAPE: 0.674590 | Likelihood -1512.861195 | KL fp 1.8102 | FP STD 0.1576|
Epoch 0044 [Test seq (cond on sampled tp)] | Loss 101.528950 | RMSE 10.231328 | RMSE 91.932043 | MAPE: 0.261574 | Likelihood -114.970711 | KL fp 2.2551 | FP STD 0.1005|
KL coef: 0.0
Epoch 0045 [Train seq (cond on sampled tp)] | Loss 2019.340055 | RMSE_NINO 32.345523  | RMSE 408.161982 | MAPE: 0.772600 | Likelihood -2069.991699 | KL fp 1.8105 | FP STD 0.1577|
Epoch 0045 [Test seq (cond on sampled tp)] | Loss 117.999706 | RMSE 10.014594 | RMSE 52.299515 | MAPE: 0.153908 | Likelihood -126.628281 | KL fp 2.2517 | FP STD 0.1013|
KL coef: 0.0
Epoch 0046 [Train seq (cond on sampled tp)] | Loss 2740.778165 | RMSE_NINO 36.747897  | RMSE 467.175912 | MAPE: 0.877689 | Likelihood -2811.135165 | KL fp 1.8072 | FP STD 0.1582|
Epoch 0046 [Test seq (cond on sampled tp)] | Loss 191.192642 | RMSE 13.838736 | RMSE 114.604540 | MAPE: 0.321553 | Likelihood -202.911400 | KL fp 2.2492 | FP STD 0.1019|
KL coef: 0.0
Epoch 0047 [Train seq (cond on sampled tp)] | Loss 3588.186546 | RMSE_NINO 43.081740  | RMSE 527.765425 | MAPE: 1.011936 | Likelihood -3709.238170 | KL fp 1.8028 | FP STD 0.1586|
Epoch 0047 [Test seq (cond on sampled tp)] | Loss 226.205727 | RMSE 13.454218 | RMSE 75.251469 | MAPE: 0.203557 | Likelihood -244.813400 | KL fp 2.2489 | FP STD 0.1019|
KL coef: 0.0
Epoch 0048 [Train seq (cond on sampled tp)] | Loss 4754.420321 | RMSE_NINO 47.970558  | RMSE 617.716637 | MAPE: 1.137733 | Likelihood -4919.815829 | KL fp 1.8038 | FP STD 0.1588|
Epoch 0048 [Test seq (cond on sampled tp)] | Loss 330.772400 | RMSE 17.860341 | RMSE 83.214511 | MAPE: 0.233969 | Likelihood -355.679779 | KL fp 2.2491 | FP STD 0.1018|
KL coef: 0.0
Epoch 0049 [Train seq (cond on sampled tp)] | Loss 6275.157404 | RMSE_NINO 58.644318  | RMSE 700.355484 | MAPE: 1.347089 | Likelihood -6501.982156 | KL fp 1.8049 | FP STD 0.1587|
Epoch 0049 [Test seq (cond on sampled tp)] | Loss 394.508240 | RMSE 23.081392 | RMSE 109.255884 | MAPE: 0.327448 | Likelihood -430.471802 | KL fp 2.2492 | FP STD 0.1018|
KL coef: 0.0
Epoch 0050 [Train seq (cond on sampled tp)] | Loss 8327.689364 | RMSE_NINO 66.843600  | RMSE 789.300322 | MAPE: 1.539804 | Likelihood -8517.193803 | KL fp 1.8049 | FP STD 0.1588|
Epoch 0050 [Test seq (cond on sampled tp)] | Loss 472.588409 | RMSE 23.620638 | RMSE 115.107299 | MAPE: 0.339227 | Likelihood -510.927872 | KL fp 2.2491 | FP STD 0.1018|
KL coef: 0.0
Epoch 0051 [Train seq (cond on sampled tp)] | Loss 10777.944425 | RMSE_NINO 72.384825  | RMSE 913.533852 | MAPE: 1.666958 | Likelihood -11083.865234 | KL fp 1.8031 | FP STD 0.1589|
Epoch 0051 [Test seq (cond on sampled tp)] | Loss 624.271271 | RMSE 23.537862 | RMSE 160.071335 | MAPE: 0.420590 | Likelihood -716.226654 | KL fp 2.2487 | FP STD 0.1017|
KL coef: 0.0
Epoch 0052 [Train seq (cond on sampled tp)] | Loss 14111.239524 | RMSE_NINO 87.904704  | RMSE 1026.815205 | MAPE: 2.017967 | Likelihood -14421.615589 | KL fp 1.8050 | FP STD 0.1590|
Epoch 0052 [Test seq (cond on sampled tp)] | Loss 1037.524780 | RMSE 32.834561 | RMSE 144.300484 | MAPE: 0.418429 | Likelihood -1135.522766 | KL fp 2.2485 | FP STD 0.1016|
KL coef: 0.0
Epoch 0053 [Train seq (cond on sampled tp)] | Loss 17894.649325 | RMSE_NINO 98.439349  | RMSE 1174.793768 | MAPE: 2.241464 | Likelihood -18408.616832 | KL fp 1.8019 | FP STD 0.1591|
Epoch 0053 [Test seq (cond on sampled tp)] | Loss 1399.278076 | RMSE 44.123154 | RMSE 282.355626 | MAPE: 0.814013 | Likelihood -1509.671814 | KL fp 2.2487 | FP STD 0.1016|
KL coef: 0.0
Epoch 0054 [Train seq (cond on sampled tp)] | Loss 22500.517401 | RMSE_NINO 110.865441  | RMSE 1322.660119 | MAPE: 2.451408 | Likelihood -23425.802024 | KL fp 1.8029 | FP STD 0.1588|
Epoch 0054 [Test seq (cond on sampled tp)] | Loss 1530.663147 | RMSE 42.050108 | RMSE 193.952337 | MAPE: 0.549789 | Likelihood -1658.853577 | KL fp 2.2490 | FP STD 0.1015|
KL coef: 0.0
Epoch 0055 [Train seq (cond on sampled tp)] | Loss 28520.688388 | RMSE_NINO 123.980929  | RMSE 1438.363434 | MAPE: 2.786830 | Likelihood -29234.840021 | KL fp 1.8020 | FP STD 0.1589|
Epoch 0055 [Test seq (cond on sampled tp)] | Loss 1735.331299 | RMSE 37.528276 | RMSE 221.840383 | MAPE: 0.559094 | Likelihood -1785.066223 | KL fp 2.2499 | FP STD 0.1013|
KL coef: 0.0
Epoch 0056 [Train seq (cond on sampled tp)] | Loss 35384.070135 | RMSE_NINO 137.348018  | RMSE 1626.818455 | MAPE: 3.091078 | Likelihood -36314.131570 | KL fp 1.8043 | FP STD 0.1590|
Epoch 0056 [Test seq (cond on sampled tp)] | Loss 2173.837646 | RMSE 48.128964 | RMSE 318.885224 | MAPE: 0.917616 | Likelihood -2347.837769 | KL fp 2.2503 | FP STD 0.1011|
KL coef: 0.0
Epoch 0057 [Train seq (cond on sampled tp)] | Loss 43830.495028 | RMSE_NINO 155.453588  | RMSE 1783.531525 | MAPE: 3.415700 | Likelihood -44983.172940 | KL fp 1.8007 | FP STD 0.1591|
Epoch 0057 [Test seq (cond on sampled tp)] | Loss 2798.839478 | RMSE 58.716730 | RMSE 400.168043 | MAPE: 1.149488 | Likelihood -3308.497803 | KL fp 2.2505 | FP STD 0.1010|
KL coef: 0.0
Epoch 0058 [Train seq (cond on sampled tp)] | Loss 54209.774858 | RMSE_NINO 174.060493  | RMSE 1958.155810 | MAPE: 3.813194 | Likelihood -55991.118963 | KL fp 1.8029 | FP STD 0.1588|
Epoch 0058 [Test seq (cond on sampled tp)] | Loss 3516.451538 | RMSE 68.676236 | RMSE 513.315031 | MAPE: 1.478713 | Likelihood -3908.123657 | KL fp 2.2511 | FP STD 0.1009|
KL coef: 0.0
Epoch 0059 [Train seq (cond on sampled tp)] | Loss 67044.461293 | RMSE_NINO 192.799620  | RMSE 2210.571018 | MAPE: 4.234305 | Likelihood -69018.890980 | KL fp 1.8029 | FP STD 0.1589|
Epoch 0059 [Test seq (cond on sampled tp)] | Loss 4620.125488 | RMSE 67.675589 | RMSE 325.900245 | MAPE: 0.905414 | Likelihood -4874.689697 | KL fp 2.2520 | FP STD 0.1008|
KL coef: 0.0
Epoch 0060 [Train seq (cond on sampled tp)] | Loss 81154.029830 | RMSE_NINO 218.254012  | RMSE 2437.415675 | MAPE: 4.607974 | Likelihood -83317.505682 | KL fp 1.8035 | FP STD 0.1588|
Epoch 0060 [Test seq (cond on sampled tp)] | Loss 4745.245117 | RMSE 74.579492 | RMSE 374.528097 | MAPE: 1.064464 | Likelihood -5556.985840 | KL fp 2.2523 | FP STD 0.1006|
KL coef: 0.0
Epoch 0061 [Train seq (cond on sampled tp)] | Loss 98301.986506 | RMSE_NINO 232.603943  | RMSE 2629.795054 | MAPE: 5.080408 | Likelihood -100490.869318 | KL fp 1.8032 | FP STD 0.1589|
Epoch 0061 [Test seq (cond on sampled tp)] | Loss 6416.040527 | RMSE 80.914356 | RMSE 400.251080 | MAPE: 1.166520 | Likelihood -7039.484375 | KL fp 2.2528 | FP STD 0.1005|
KL coef: 0.0
Epoch 0062 [Train seq (cond on sampled tp)] | Loss 119729.502841 | RMSE_NINO 252.705849  | RMSE 2780.605618 | MAPE: 5.461812 | Likelihood -122426.441761 | KL fp 1.8034 | FP STD 0.1588|
Epoch 0062 [Test seq (cond on sampled tp)] | Loss 8343.226074 | RMSE 93.574519 | RMSE 645.392984 | MAPE: 1.822222 | Likelihood -8705.439453 | KL fp 2.2531 | FP STD 0.1004|
KL coef: 0.0
Epoch 0063 [Train seq (cond on sampled tp)] | Loss 139364.598722 | RMSE_NINO 283.619504  | RMSE 3124.974491 | MAPE: 6.140818 | Likelihood -143832.723011 | KL fp 1.8016 | FP STD 0.1590|
Epoch 0063 [Test seq (cond on sampled tp)] | Loss 10432.290527 | RMSE 106.498103 | RMSE 716.597119 | MAPE: 1.975514 | Likelihood -11717.208008 | KL fp 2.2533 | FP STD 0.1004|
KL coef: 0.0
Epoch 0064 [Train seq (cond on sampled tp)] | Loss 169579.818182 | RMSE_NINO 303.889886  | RMSE 3362.195869 | MAPE: 6.496763 | Likelihood -175587.921875 | KL fp 1.8045 | FP STD 0.1588|
Epoch 0064 [Test seq (cond on sampled tp)] | Loss 11367.631836 | RMSE 101.281215 | RMSE 593.954527 | MAPE: 1.615395 | Likelihood -11806.242188 | KL fp 2.2534 | FP STD 0.1003|
KL coef: 0.0
Epoch 0065 [Train seq (cond on sampled tp)] | Loss 199013.545455 | RMSE_NINO 321.670073  | RMSE 3608.145919 | MAPE: 6.944197 | Likelihood -206320.009943 | KL fp 1.8042 | FP STD 0.1587|
Epoch 0065 [Test seq (cond on sampled tp)] | Loss 13051.106934 | RMSE 121.228041 | RMSE 908.536187 | MAPE: 2.555782 | Likelihood -15080.655762 | KL fp 2.2537 | FP STD 0.1003|
KL coef: 0.0
Epoch 0066 [Train seq (cond on sampled tp)] | Loss 237466.542614 | RMSE_NINO 358.577189  | RMSE 4036.444573 | MAPE: 7.607459 | Likelihood -246432.670455 | KL fp 1.8048 | FP STD 0.1586|
Epoch 0066 [Test seq (cond on sampled tp)] | Loss 14690.326172 | RMSE 118.532830 | RMSE 612.320456 | MAPE: 1.704124 | Likelihood -15970.833008 | KL fp 2.2542 | FP STD 0.1002|
KL coef: 0.0
Epoch 0067 [Train seq (cond on sampled tp)] | Loss 276022.099432 | RMSE_NINO 382.580148  | RMSE 4325.481694 | MAPE: 8.108901 | Likelihood -286518.392045 | KL fp 1.8066 | FP STD 0.1584|
Epoch 0067 [Test seq (cond on sampled tp)] | Loss 18067.435547 | RMSE 128.632861 | RMSE 896.130275 | MAPE: 2.482909 | Likelihood -20319.804688 | KL fp 2.2544 | FP STD 0.1002|
KL coef: 0.0
Epoch 0068 [Train seq (cond on sampled tp)] | Loss 327339.619318 | RMSE_NINO 417.968946  | RMSE 4704.919130 | MAPE: 8.980769 | Likelihood -338374.113636 | KL fp 1.8050 | FP STD 0.1586|
Epoch 0068 [Test seq (cond on sampled tp)] | Loss 23036.097656 | RMSE 143.616328 | RMSE 1186.438138 | MAPE: 3.264240 | Likelihood -24806.945312 | KL fp 2.2546 | FP STD 0.1001|
KL coef: 0.0
Epoch 0069 [Train seq (cond on sampled tp)] | Loss 371596.721591 | RMSE_NINO 459.399377  | RMSE 5001.591822 | MAPE: 9.660803 | Likelihood -385941.085227 | KL fp 1.8050 | FP STD 0.1585|
Epoch 0069 [Test seq (cond on sampled tp)] | Loss 27436.356445 | RMSE 168.812388 | RMSE 783.592462 | MAPE: 2.132683 | Likelihood -28435.045898 | KL fp 2.2548 | FP STD 0.1001|
KL coef: 0.0
Epoch 0070 [Train seq (cond on sampled tp)] | Loss 432703.133523 | RMSE_NINO 488.741450  | RMSE 5246.720850 | MAPE: 10.260697 | Likelihood -446542.846591 | KL fp 1.8066 | FP STD 0.1585|
Epoch 0070 [Test seq (cond on sampled tp)] | Loss 33646.727539 | RMSE 182.986118 | RMSE 1035.514944 | MAPE: 2.810580 | Likelihood -35075.738281 | KL fp 2.2548 | FP STD 0.1000|
KL coef: 0.0
Epoch 0071 [Train seq (cond on sampled tp)] | Loss 516697.730114 | RMSE_NINO 536.234968  | RMSE 5878.993656 | MAPE: 11.146551 | Likelihood -531951.889205 | KL fp 1.8037 | FP STD 0.1586|
Epoch 0071 [Test seq (cond on sampled tp)] | Loss 38904.281250 | RMSE 173.914601 | RMSE 1049.296377 | MAPE: 2.886920 | Likelihood -40838.136719 | KL fp 2.2550 | FP STD 0.1000|
KL coef: 0.0
Epoch 0072 [Train seq (cond on sampled tp)] | Loss 598572.250000 | RMSE_NINO 556.989999  | RMSE 6255.770793 | MAPE: 11.839995 | Likelihood -616722.715909 | KL fp 1.8050 | FP STD 0.1585|
Epoch 0072 [Test seq (cond on sampled tp)] | Loss 43245.716797 | RMSE 199.990469 | RMSE 1194.701738 | MAPE: 3.357000 | Likelihood -44782.144531 | KL fp 2.2552 | FP STD 0.1000|
KL coef: 0.0
Epoch 0073 [Train seq (cond on sampled tp)] | Loss 684830.238636 | RMSE_NINO 602.944152  | RMSE 6585.802198 | MAPE: 12.836564 | Likelihood -707178.136364 | KL fp 1.8041 | FP STD 0.1586|
Epoch 0073 [Test seq (cond on sampled tp)] | Loss 43999.824219 | RMSE 213.955533 | RMSE 993.627269 | MAPE: 2.741077 | Likelihood -49063.166016 | KL fp 2.2553 | FP STD 0.0999|
KL coef: 0.0
Epoch 0074 [Train seq (cond on sampled tp)] | Loss 805026.573864 | RMSE_NINO 632.909095  | RMSE 7297.891023 | MAPE: 13.684116 | Likelihood -828882.670455 | KL fp 1.8064 | FP STD 0.1584|
Epoch 0074 [Test seq (cond on sampled tp)] | Loss 56628.408203 | RMSE 246.702793 | RMSE 1529.998259 | MAPE: 4.251960 | Likelihood -58082.041016 | KL fp 2.2557 | FP STD 0.0998|
KL coef: 0.0
Epoch 0075 [Train seq (cond on sampled tp)] | Loss 919036.784091 | RMSE_NINO 695.386993  | RMSE 7834.259909 | MAPE: 14.774270 | Likelihood -950463.778409 | KL fp 1.8085 | FP STD 0.1582|
Epoch 0075 [Test seq (cond on sampled tp)] | Loss 65758.408203 | RMSE 236.526661 | RMSE 1567.874805 | MAPE: 4.016506 | Likelihood -71310.738281 | KL fp 2.2559 | FP STD 0.0998|
KL coef: 0.0
Epoch 0076 [Train seq (cond on sampled tp)] | Loss 1043006.465909 | RMSE_NINO 730.087464  | RMSE 8301.248496 | MAPE: 15.627618 | Likelihood -1086327.897727 | KL fp 1.8063 | FP STD 0.1582|
Epoch 0076 [Test seq (cond on sampled tp)] | Loss 81876.101562 | RMSE 309.598640 | RMSE 2425.507462 | MAPE: 6.712813 | Likelihood -85455.687500 | KL fp 2.2561 | FP STD 0.0997|
KL coef: 0.0
Epoch 0077 [Train seq (cond on sampled tp)] | Loss 1209708.375000 | RMSE_NINO 780.033966  | RMSE 8929.203081 | MAPE: 16.975510 | Likelihood -1248963.000000 | KL fp 1.8092 | FP STD 0.1580|
Epoch 0077 [Test seq (cond on sampled tp)] | Loss 84608.378906 | RMSE 290.969137 | RMSE 1227.991564 | MAPE: 3.507500 | Likelihood -93556.417969 | KL fp 2.2563 | FP STD 0.0997|
KL coef: 0.0
Epoch 0078 [Train seq (cond on sampled tp)] | Loss 1389339.375000 | RMSE_NINO 860.427942  | RMSE 9502.653583 | MAPE: 18.202456 | Likelihood -1440045.840909 | KL fp 1.8068 | FP STD 0.1584|
Epoch 0078 [Test seq (cond on sampled tp)] | Loss 110352.882812 | RMSE 339.171514 | RMSE 2769.552711 | MAPE: 7.605641 | Likelihood -117370.531250 | KL fp 2.2564 | FP STD 0.0996|
KL coef: 0.0
Epoch 0079 [Train seq (cond on sampled tp)] | Loss 1575301.454545 | RMSE_NINO 943.468119  | RMSE 10439.319886 | MAPE: 19.730628 | Likelihood -1629654.931818 | KL fp 1.8082 | FP STD 0.1581|
Epoch 0079 [Test seq (cond on sampled tp)] | Loss 126379.363281 | RMSE 409.709026 | RMSE 2889.760581 | MAPE: 8.223111 | Likelihood -133382.437500 | KL fp 2.2566 | FP STD 0.0996|
KL coef: 0.0
Epoch 0080 [Train seq (cond on sampled tp)] | Loss 1804837.000000 | RMSE_NINO 1006.184483  | RMSE 10880.515494 | MAPE: 21.376370 | Likelihood -1851811.625000 | KL fp 1.8078 | FP STD 0.1580|
Epoch 0080 [Test seq (cond on sampled tp)] | Loss 138178.617188 | RMSE 372.902284 | RMSE 3213.498266 | MAPE: 8.925384 | Likelihood -150815.476562 | KL fp 2.2569 | FP STD 0.0996|
KL coef: 0.0
Epoch 0081 [Train seq (cond on sampled tp)] | Loss 2054688.727273 | RMSE_NINO 1063.840939  | RMSE 11947.702895 | MAPE: 22.262139 | Likelihood -2121545.772727 | KL fp 1.8090 | FP STD 0.1581|
Epoch 0081 [Test seq (cond on sampled tp)] | Loss 138460.515625 | RMSE 389.964364 | RMSE 2655.768417 | MAPE: 7.532862 | Likelihood -165815.078125 | KL fp 2.2570 | FP STD 0.0995|
KL coef: 0.0
Epoch 0082 [Train seq (cond on sampled tp)] | Loss 2349024.136364 | RMSE_NINO 1142.218174  | RMSE 12548.614428 | MAPE: 24.098406 | Likelihood -2417377.772727 | KL fp 1.8091 | FP STD 0.1580|
Epoch 0082 [Test seq (cond on sampled tp)] | Loss 177500.156250 | RMSE 382.899587 | RMSE 2789.240533 | MAPE: 7.312051 | Likelihood -186848.085938 | KL fp 2.2572 | FP STD 0.0995|
KL coef: 0.0
Epoch 0083 [Train seq (cond on sampled tp)] | Loss 2617976.727273 | RMSE_NINO 1218.114568  | RMSE 13593.759714 | MAPE: 25.872553 | Likelihood -2695051.909091 | KL fp 1.8090 | FP STD 0.1580|
Epoch 0083 [Test seq (cond on sampled tp)] | Loss 227372.664062 | RMSE 473.282993 | RMSE 4802.531516 | MAPE: 13.412482 | Likelihood -241107.664062 | KL fp 2.2574 | FP STD 0.0995|
KL coef: 0.0
Epoch 0084 [Train seq (cond on sampled tp)] | Loss 2929588.363636 | RMSE_NINO 1221.450042  | RMSE 14239.295132 | MAPE: 27.161789 | Likelihood -3010992.977273 | KL fp 1.8101 | FP STD 0.1578|
Epoch 0084 [Test seq (cond on sampled tp)] | Loss 202059.710938 | RMSE 474.499626 | RMSE 4292.164147 | MAPE: 12.024089 | Likelihood -217612.273438 | KL fp 2.2575 | FP STD 0.0994|
KL coef: 0.0
Epoch 0085 [Train seq (cond on sampled tp)] | Loss 3293435.045455 | RMSE_NINO 1365.451543  | RMSE 14984.604479 | MAPE: 29.264986 | Likelihood -3418917.704545 | KL fp 1.8083 | FP STD 0.1579|
Epoch 0085 [Test seq (cond on sampled tp)] | Loss 249008.781250 | RMSE 491.917656 | RMSE 4705.585998 | MAPE: 13.066039 | Likelihood -288087.531250 | KL fp 2.2576 | FP STD 0.0994|
KL coef: 0.0
Epoch 0086 [Train seq (cond on sampled tp)] | Loss 3756713.909091 | RMSE_NINO 1446.054789  | RMSE 16208.618438 | MAPE: 31.579181 | Likelihood -3869878.159091 | KL fp 1.8087 | FP STD 0.1578|
Epoch 0086 [Test seq (cond on sampled tp)] | Loss 283383.343750 | RMSE 543.110154 | RMSE 4522.409272 | MAPE: 12.645847 | Likelihood -316551.796875 | KL fp 2.2578 | FP STD 0.0994|
KL coef: 0.0
Epoch 0087 [Train seq (cond on sampled tp)] | Loss 4203754.681818 | RMSE_NINO 1462.594095  | RMSE 17388.076891 | MAPE: 32.464192 | Likelihood -4344438.954545 | KL fp 1.8079 | FP STD 0.1580|
Epoch 0087 [Test seq (cond on sampled tp)] | Loss 363312.984375 | RMSE 736.464700 | RMSE 6403.823262 | MAPE: 18.242540 | Likelihood -404318.359375 | KL fp 2.2579 | FP STD 0.0993|
KL coef: 0.0
Epoch 0088 [Train seq (cond on sampled tp)] | Loss 4839625.136364 | RMSE_NINO 1570.548319  | RMSE 18370.243288 | MAPE: 34.694605 | Likelihood -4942289.545455 | KL fp 1.8109 | FP STD 0.1577|
Epoch 0088 [Test seq (cond on sampled tp)] | Loss 426079.328125 | RMSE 719.587161 | RMSE 7237.303985 | MAPE: 20.555432 | Likelihood -467390.968750 | KL fp 2.2581 | FP STD 0.0993|
KL coef: 0.0
Epoch 0089 [Train seq (cond on sampled tp)] | Loss 5454933.909091 | RMSE_NINO 1758.248186  | RMSE 19819.507133 | MAPE: 38.778225 | Likelihood -5613591.136364 | KL fp 1.8089 | FP STD 0.1580|
Epoch 0089 [Test seq (cond on sampled tp)] | Loss 397340.734375 | RMSE 649.742905 | RMSE 6585.689655 | MAPE: 17.955275 | Likelihood -469521.109375 | KL fp 2.2582 | FP STD 0.0993|
KL coef: 0.0
Epoch 0090 [Train seq (cond on sampled tp)] | Loss 6112506.590909 | RMSE_NINO 1833.595840  | RMSE 20915.000697 | MAPE: 40.519402 | Likelihood -6288108.727273 | KL fp 1.8088 | FP STD 0.1578|
Epoch 0090 [Test seq (cond on sampled tp)] | Loss 634465.625000 | RMSE 889.722025 | RMSE 9760.347413 | MAPE: 27.519647 | Likelihood -663736.500000 | KL fp 2.2584 | FP STD 0.0993|
KL coef: 0.0
Epoch 0091 [Train seq (cond on sampled tp)] | Loss 6774816.545455 | RMSE_NINO 1912.616702  | RMSE 22564.797202 | MAPE: 42.794704 | Likelihood -6980357.681818 | KL fp 1.8091 | FP STD 0.1579|
Epoch 0091 [Test seq (cond on sampled tp)] | Loss 468969.046875 | RMSE 619.521013 | RMSE 5122.836152 | MAPE: 13.377997 | Likelihood -489210.296875 | KL fp 2.2584 | FP STD 0.0993|
KL coef: 0.0
Epoch 0092 [Train seq (cond on sampled tp)] | Loss 7554205.454545 | RMSE_NINO 2030.630340  | RMSE 23711.950321 | MAPE: 45.075499 | Likelihood -7764337.090909 | KL fp 1.8101 | FP STD 0.1578|
Epoch 0092 [Test seq (cond on sampled tp)] | Loss 563146.281250 | RMSE 812.753068 | RMSE 7619.095140 | MAPE: 21.667092 | Likelihood -610669.000000 | KL fp 2.2585 | FP STD 0.0992|
KL coef: 0.0
Epoch 0093 [Train seq (cond on sampled tp)] | Loss 8303271.000000 | RMSE_NINO 2069.592245  | RMSE 24215.194389 | MAPE: 48.240765 | Likelihood -8597133.545455 | KL fp 1.8102 | FP STD 0.1574|
Epoch 0093 [Test seq (cond on sampled tp)] | Loss 488246.734375 | RMSE 607.102554 | RMSE 4889.410943 | MAPE: 12.935826 | Likelihood -538006.531250 | KL fp 2.2585 | FP STD 0.0992|
KL coef: 0.0
Epoch 0094 [Train seq (cond on sampled tp)] | Loss 9212821.636364 | RMSE_NINO 2226.775842  | RMSE 26615.618645 | MAPE: 51.723933 | Likelihood -9447905.000000 | KL fp 1.8105 | FP STD 0.1576|
Epoch 0094 [Test seq (cond on sampled tp)] | Loss 552429.812500 | RMSE 779.055040 | RMSE 4826.674158 | MAPE: 14.057749 | Likelihood -640947.687500 | KL fp 2.2586 | FP STD 0.0992|
KL coef: 0.0
Epoch 0095 [Train seq (cond on sampled tp)] | Loss 9964975.545455 | RMSE_NINO 2333.133368  | RMSE 28747.444840 | MAPE: 53.681927 | Likelihood -10239823.909091 | KL fp 1.8088 | FP STD 0.1578|
Epoch 0095 [Test seq (cond on sampled tp)] | Loss 1204007.625000 | RMSE 1298.757980 | RMSE 14939.178798 | MAPE: 42.717975 | Likelihood -1334313.250000 | KL fp 2.2587 | FP STD 0.0992|
KL coef: 0.0
Epoch 0096 [Train seq (cond on sampled tp)] | Loss 10636676.090909 | RMSE_NINO 2538.337705  | RMSE 29063.447314 | MAPE: 57.548367 | Likelihood -10942982.272727 | KL fp 1.8106 | FP STD 0.1576|
Epoch 0096 [Test seq (cond on sampled tp)] | Loss 1102227.687500 | RMSE 1120.981681 | RMSE 12709.419832 | MAPE: 35.986879 | Likelihood -1153062.125000 | KL fp 2.2587 | FP STD 0.0992|
KL coef: 0.0
Epoch 0097 [Train seq (cond on sampled tp)] | Loss 11526478.181818 | RMSE_NINO 2479.533286  | RMSE 28959.132171 | MAPE: 56.476993 | Likelihood -11835728.727273 | KL fp 1.8100 | FP STD 0.1576|
Epoch 0097 [Test seq (cond on sampled tp)] | Loss 1058307.937500 | RMSE 1141.516816 | RMSE 12205.907724 | MAPE: 34.931654 | Likelihood -1158997.312500 | KL fp 2.2588 | FP STD 0.0992|
KL coef: 0.0
Epoch 0098 [Train seq (cond on sampled tp)] | Loss 12619523.818182 | RMSE_NINO 2570.342829  | RMSE 31788.159084 | MAPE: 60.089371 | Likelihood -12963826.090909 | KL fp 1.8127 | FP STD 0.1575|
Epoch 0098 [Test seq (cond on sampled tp)] | Loss 959603.875000 | RMSE 1044.535412 | RMSE 9415.692147 | MAPE: 27.203256 | Likelihood -1058909.687500 | KL fp 2.2589 | FP STD 0.0992|
KL coef: 0.0
Epoch 0099 [Train seq (cond on sampled tp)] | Loss 14065709.727273 | RMSE_NINO 2907.014749  | RMSE 31887.768890 | MAPE: 63.768615 | Likelihood -14366263.636364 | KL fp 1.8095 | FP STD 0.1577|
Epoch 0099 [Test seq (cond on sampled tp)] | Loss 900093.281250 | RMSE 1004.866792 | RMSE 9061.496741 | MAPE: 25.582615 | Likelihood -1020674.656250 | KL fp 2.2590 | FP STD 0.0991|
KL coef: 0.0
Epoch 0100 [Train seq (cond on sampled tp)] | Loss 15172269.363636 | RMSE_NINO 2885.186608  | RMSE 34181.141995 | MAPE: 66.494893 | Likelihood -15584574.909091 | KL fp 1.8114 | FP STD 0.1575|
Epoch 0100 [Test seq (cond on sampled tp)] | Loss 1282688.687500 | RMSE 1088.343239 | RMSE 11528.857306 | MAPE: 31.159367 | Likelihood -1368795.250000 | KL fp 2.2591 | FP STD 0.0991|
KL coef: 0.0
Epoch 0101 [Train seq (cond on sampled tp)] | Loss 16197699.272727 | RMSE_NINO 2915.773079  | RMSE 34994.264420 | MAPE: 67.934252 | Likelihood -16799990.181818 | KL fp 1.8109 | FP STD 0.1575|
Epoch 0101 [Test seq (cond on sampled tp)] | Loss 1647493.125000 | RMSE 1342.904682 | RMSE 15108.737571 | MAPE: 41.881302 | Likelihood -1728817.062500 | KL fp 2.2593 | FP STD 0.0991|
KL coef: 0.0
Epoch 0102 [Train seq (cond on sampled tp)] | Loss 17641549.818182 | RMSE_NINO 2991.346239  | RMSE 36601.772315 | MAPE: 68.608372 | Likelihood -18311574.545455 | KL fp 1.8098 | FP STD 0.1578|
Epoch 0102 [Test seq (cond on sampled tp)] | Loss 1685789.250000 | RMSE 1403.510969 | RMSE 16699.071928 | MAPE: 46.444941 | Likelihood -1867432.187500 | KL fp 2.2594 | FP STD 0.0991|
KL coef: 0.0
Epoch 0103 [Train seq (cond on sampled tp)] | Loss 19445652.545455 | RMSE_NINO 3168.783949  | RMSE 39337.565153 | MAPE: 72.934685 | Likelihood -20112730.363636 | KL fp 1.8092 | FP STD 0.1577|
Epoch 0103 [Test seq (cond on sampled tp)] | Loss 1929947.062500 | RMSE 1545.311415 | RMSE 16687.570906 | MAPE: 47.004645 | Likelihood -2142299.750000 | KL fp 2.2594 | FP STD 0.0991|
KL coef: 0.0
Epoch 0104 [Train seq (cond on sampled tp)] | Loss 20814643.818182 | RMSE_NINO 3346.683830  | RMSE 40490.731152 | MAPE: 76.579992 | Likelihood -21486616.545455 | KL fp 1.8112 | FP STD 0.1575|
Epoch 0104 [Test seq (cond on sampled tp)] | Loss 2037067.562500 | RMSE 1548.093422 | RMSE 16274.829226 | MAPE: 46.639703 | Likelihood -2158078.500000 | KL fp 2.2595 | FP STD 0.0991|
KL coef: 0.0
Epoch 0105 [Train seq (cond on sampled tp)] | Loss 22857569.818182 | RMSE_NINO 3526.214442  | RMSE 42093.212558 | MAPE: 80.220219 | Likelihood -23460985.818182 | KL fp 1.8112 | FP STD 0.1575|
Epoch 0105 [Test seq (cond on sampled tp)] | Loss 1962760.125000 | RMSE 1686.200907 | RMSE 16752.985206 | MAPE: 48.837057 | Likelihood -2123667.375000 | KL fp 2.2596 | FP STD 0.0991|
KL coef: 0.0
Epoch 0106 [Train seq (cond on sampled tp)] | Loss 24225451.454545 | RMSE_NINO 3639.419430  | RMSE 43366.113494 | MAPE: 82.804641 | Likelihood -24964531.636364 | KL fp 1.8134 | FP STD 0.1573|
Epoch 0106 [Test seq (cond on sampled tp)] | Loss 2435758.500000 | RMSE 1519.207919 | RMSE 17397.797498 | MAPE: 48.106312 | Likelihood -2500264.625000 | KL fp 2.2596 | FP STD 0.0991|
KL coef: 0.0
Epoch 0107 [Train seq (cond on sampled tp)] | Loss 26726301.818182 | RMSE_NINO 3800.996316  | RMSE 45047.902214 | MAPE: 85.934089 | Likelihood -27423798.363636 | KL fp 1.8128 | FP STD 0.1573|
Epoch 0107 [Test seq (cond on sampled tp)] | Loss 2202518.375000 | RMSE 1484.877847 | RMSE 16067.210355 | MAPE: 45.015376 | Likelihood -2326422.375000 | KL fp 2.2597 | FP STD 0.0990|
KL coef: 0.0
Epoch 0108 [Train seq (cond on sampled tp)] | Loss 28963117.818182 | RMSE_NINO 3914.617428  | RMSE 47760.956098 | MAPE: 90.588326 | Likelihood -29752582.181818 | KL fp 1.8108 | FP STD 0.1574|
Epoch 0108 [Test seq (cond on sampled tp)] | Loss 2828496.000000 | RMSE 1733.867074 | RMSE 19901.280826 | MAPE: 55.911439 | Likelihood -3028429.875000 | KL fp 2.2598 | FP STD 0.0990|
KL coef: 0.0
Epoch 0109 [Train seq (cond on sampled tp)] | Loss 30756281.272727 | RMSE_NINO 4073.264432  | RMSE 49692.600983 | MAPE: 92.754780 | Likelihood -31696831.272727 | KL fp 1.8118 | FP STD 0.1575|
Epoch 0109 [Test seq (cond on sampled tp)] | Loss 3100630.375000 | RMSE 2012.579926 | RMSE 22415.608381 | MAPE: 62.265957 | Likelihood -3272207.625000 | KL fp 2.2598 | FP STD 0.0990|
KL coef: 0.0
Epoch 0110 [Train seq (cond on sampled tp)] | Loss 33209954.000000 | RMSE_NINO 4140.906440  | RMSE 51537.549422 | MAPE: 95.818458 | Likelihood -33963889.272727 | KL fp 1.8106 | FP STD 0.1575|
Epoch 0110 [Test seq (cond on sampled tp)] | Loss 3044282.625000 | RMSE 1915.777535 | RMSE 21823.940489 | MAPE: 61.835270 | Likelihood -3226036.875000 | KL fp 2.2599 | FP STD 0.0990|
KL coef: 0.0
Epoch 0111 [Train seq (cond on sampled tp)] | Loss 35744100.181818 | RMSE_NINO 4355.559455  | RMSE 51926.182378 | MAPE: 98.565057 | Likelihood -36733185.090909 | KL fp 1.8111 | FP STD 0.1575|
Epoch 0111 [Test seq (cond on sampled tp)] | Loss 2657507.250000 | RMSE 1900.061239 | RMSE 15309.691583 | MAPE: 46.478315 | Likelihood -2900280.125000 | KL fp 2.2599 | FP STD 0.0990|
KL coef: 0.0
Epoch 0112 [Train seq (cond on sampled tp)] | Loss 38439930.909091 | RMSE_NINO 4705.004357  | RMSE 55888.658780 | MAPE: 105.250425 | Likelihood -39227582.909091 | KL fp 1.8097 | FP STD 0.1575|
Epoch 0112 [Test seq (cond on sampled tp)] | Loss 3334323.125000 | RMSE 2106.002805 | RMSE 22757.688359 | MAPE: 64.983139 | Likelihood -3679163.875000 | KL fp 2.2600 | FP STD 0.0990|
KL coef: 0.0
Epoch 0113 [Train seq (cond on sampled tp)] | Loss 41139849.818182 | RMSE_NINO 4624.234735  | RMSE 57284.207096 | MAPE: 105.194328 | Likelihood -42165885.818182 | KL fp 1.8096 | FP STD 0.1576|
Epoch 0113 [Test seq (cond on sampled tp)] | Loss 4568741.000000 | RMSE 2315.543493 | RMSE 27443.217069 | MAPE: 76.646241 | Likelihood -4921162.500000 | KL fp 2.2600 | FP STD 0.0990|
KL coef: 0.0
Epoch 0114 [Train seq (cond on sampled tp)] | Loss 42396864.363636 | RMSE_NINO 4676.003119  | RMSE 57756.644837 | MAPE: 106.238271 | Likelihood -44007992.363636 | KL fp 1.8118 | FP STD 0.1574|
Epoch 0114 [Test seq (cond on sampled tp)] | Loss 3087683.125000 | RMSE 1790.413209 | RMSE 20894.348572 | MAPE: 57.764359 | Likelihood -3493641.500000 | KL fp 2.2600 | FP STD 0.0990|
KL coef: 0.0
Epoch 0115 [Train seq (cond on sampled tp)] | Loss 46306930.545455 | RMSE_NINO 4754.841813  | RMSE 59411.801400 | MAPE: 109.480521 | Likelihood -47477717.818182 | KL fp 1.8081 | FP STD 0.1577|
Epoch 0115 [Test seq (cond on sampled tp)] | Loss 5077847.250000 | RMSE 2293.377838 | RMSE 28430.875798 | MAPE: 77.981667 | Likelihood -5402583.750000 | KL fp 2.2601 | FP STD 0.0990|
KL coef: 0.0
Epoch 0116 [Train seq (cond on sampled tp)] | Loss 49335573.454545 | RMSE_NINO 5259.984979  | RMSE 62498.644251 | MAPE: 117.543334 | Likelihood -50562070.545455 | KL fp 1.8118 | FP STD 0.1573|
Epoch 0116 [Test seq (cond on sampled tp)] | Loss 5416684.500000 | RMSE 2493.464991 | RMSE 30586.815353 | MAPE: 85.114820 | Likelihood -5793606.250000 | KL fp 2.2602 | FP STD 0.0990|
KL coef: 0.0
Epoch 0117 [Train seq (cond on sampled tp)] | Loss 51500620.000000 | RMSE_NINO 5392.299349  | RMSE 61787.741440 | MAPE: 118.940566 | Likelihood -53431825.818182 | KL fp 1.8127 | FP STD 0.1575|
Epoch 0117 [Test seq (cond on sampled tp)] | Loss 5622082.500000 | RMSE 2706.203605 | RMSE 30434.513096 | MAPE: 86.776212 | Likelihood -5900809.500000 | KL fp 2.2602 | FP STD 0.0990|
KL coef: 0.0
Epoch 0118 [Train seq (cond on sampled tp)] | Loss 55052957.090909 | RMSE_NINO 5412.885392  | RMSE 64413.667264 | MAPE: 122.019157 | Likelihood -57046776.363636 | KL fp 1.8119 | FP STD 0.1573|
Epoch 0118 [Test seq (cond on sampled tp)] | Loss 7509909.500000 | RMSE 3148.507080 | RMSE 37485.812039 | MAPE: 105.015756 | Likelihood -8025161.750000 | KL fp 2.2603 | FP STD 0.0990|
KL coef: 0.0
Epoch 0119 [Train seq (cond on sampled tp)] | Loss 58784397.454545 | RMSE_NINO 5734.563957  | RMSE 66477.437465 | MAPE: 127.732520 | Likelihood -60771084.000000 | KL fp 1.8089 | FP STD 0.1576|
Epoch 0119 [Test seq (cond on sampled tp)] | Loss 6130753.250000 | RMSE 2584.377419 | RMSE 30905.280834 | MAPE: 86.981171 | Likelihood -6716733.500000 | KL fp 2.2604 | FP STD 0.0990|
KL coef: 0.0
Epoch 0120 [Train seq (cond on sampled tp)] | Loss 62790336.727273 | RMSE_NINO 5727.898261  | RMSE 67540.625669 | MAPE: 129.141404 | Likelihood -64226790.181818 | KL fp 1.8121 | FP STD 0.1573|
Epoch 0120 [Test seq (cond on sampled tp)] | Loss 5846306.750000 | RMSE 2566.081978 | RMSE 29959.951222 | MAPE: 82.742833 | Likelihood -6405327.250000 | KL fp 2.2604 | FP STD 0.0990|
KL coef: 0.0
