/local2/fredxu/Ocean_TimeSeries_Graph/src/run_lgode.py
run_lgode.py --feature_set=3 --save_name=cat3_nino --eval_criterion=nino
Namespace(n_balls=12, niters=100000, lr=5e-05, batch_size=64, save='experiments/', load=None, random_seed=1991, data='ocean', z0_encoder='GTrans', latents=32, rec_dims=64, ode_dims=128, rec_layers=2, n_heads=1, gen_layers=1, extrap='True', dropout=0.2, sample_percent_train=1, sample_percent_test=1, augment_dim=64, edge_types=2, odenet='NRI', solver='rk4', l2=0.0001, optimizer='AdamW', clip=10, cutting_edge=True, extrap_num=40, rec_attention='attention', cond_len=12, pred_len=24, test=0, patience=100, save_name='cat3_nino', input_file='../data/ocean_timeseries.csv', eval_criterion='nino', train_loss='all', feature_set=3, dataset='../data/ocean_timeseries.csv', total_ode_step=73, suffix='', mode='extrap', std=0.25743192966028533)
Epoch 0001 [Train seq (cond on sampled tp)] | Loss 24.842003 | RMSE_NINO 4.649163  | RMSE 3.905818 | MAPE: 0.127134 | Likelihood -26.476832 | KL fp 0.8054 | FP STD 0.4636|
Epoch 0001 [Test seq (cond on sampled tp)] | Loss 15.154776 | RMSE 3.245868 | RMSE 3.023594 | MAPE: 0.089269 | Likelihood -16.429653 | KL fp 1.0292 | FP STD 0.3566|
KL coef: 0.0
Epoch 0001 [Test seq (cond on sampled tp)] | Best mse 3.245868|
Epoch 0002 [Train seq (cond on sampled tp)] | Loss 8.998922 | RMSE_NINO 2.294140  | RMSE 2.080456 | MAPE: 0.064176 | Likelihood -10.153817 | KL fp 0.8353 | FP STD 0.4576|
Epoch 0002 [Test seq (cond on sampled tp)] | Loss 5.256911 | RMSE 1.831585 | RMSE 1.774067 | MAPE: 0.053287 | Likelihood -6.389229 | KL fp 1.0594 | FP STD 0.3437|
KL coef: 0.0
Epoch 0002 [Test seq (cond on sampled tp)] | Best mse 1.831585|
Epoch 0003 [Train seq (cond on sampled tp)] | Loss 4.499313 | RMSE_NINO 1.787136  | RMSE 1.574172 | MAPE: 0.051119 | Likelihood -5.615638 | KL fp 0.8790 | FP STD 0.4435|
Epoch 0003 [Test seq (cond on sampled tp)] | Loss 2.332464 | RMSE 1.464588 | RMSE 1.440680 | MAPE: 0.042851 | Likelihood -3.445044 | KL fp 1.0910 | FP STD 0.3352|
KL coef: 0.0
Epoch 0003 [Test seq (cond on sampled tp)] | Best mse 1.464588|
Epoch 0004 [Train seq (cond on sampled tp)] | Loss 2.361273 | RMSE_NINO 1.460752  | RMSE 1.293361 | MAPE: 0.042677 | Likelihood -3.470494 | KL fp 0.9375 | FP STD 0.4247|
Epoch 0004 [Test seq (cond on sampled tp)] | Loss 1.163976 | RMSE 1.323137 | RMSE 1.263765 | MAPE: 0.038543 | Likelihood -2.264149 | KL fp 1.1395 | FP STD 0.3140|
KL coef: 0.0
Epoch 0004 [Test seq (cond on sampled tp)] | Best mse 1.323137|
Epoch 0005 [Train seq (cond on sampled tp)] | Loss 1.269673 | RMSE_NINO 1.274783  | RMSE 1.144991 | MAPE: 0.037180 | Likelihood -2.371520 | KL fp 1.0101 | FP STD 0.3928|
Epoch 0005 [Test seq (cond on sampled tp)] | Loss 0.449097 | RMSE 1.165177 | RMSE 1.162390 | MAPE: 0.035171 | Likelihood -1.548767 | KL fp 1.2385 | FP STD 0.2800|
KL coef: 0.0
Epoch 0005 [Test seq (cond on sampled tp)] | Best mse 1.165177|
Epoch 0006 [Train seq (cond on sampled tp)] | Loss 0.708745 | RMSE_NINO 1.153339  | RMSE 1.059129 | MAPE: 0.034253 | Likelihood -1.808861 | KL fp 1.0965 | FP STD 0.3554|
Epoch 0006 [Test seq (cond on sampled tp)] | Loss 0.147310 | RMSE 1.154363 | RMSE 1.135715 | MAPE: 0.034755 | Likelihood -1.246428 | KL fp 1.3831 | FP STD 0.2443|
KL coef: 0.0
Epoch 0006 [Test seq (cond on sampled tp)] | Best mse 1.154363|
Epoch 0007 [Train seq (cond on sampled tp)] | Loss 0.440229 | RMSE_NINO 1.131403  | RMSE 1.011247 | MAPE: 0.033663 | Likelihood -1.539545 | KL fp 1.1854 | FP STD 0.3198|
Epoch 0007 [Test seq (cond on sampled tp)] | Loss 0.163317 | RMSE 1.190920 | RMSE 1.185830 | MAPE: 0.035675 | Likelihood -1.262174 | KL fp 1.5149 | FP STD 0.2159|
KL coef: 0.0
Epoch 0008 [Train seq (cond on sampled tp)] | Loss 0.314514 | RMSE_NINO 1.079779  | RMSE 0.994802 | MAPE: 0.032251 | Likelihood -1.413934 | KL fp 1.2593 | FP STD 0.2927|
Epoch 0008 [Test seq (cond on sampled tp)] | Loss -0.113168 | RMSE 1.068520 | RMSE 1.062746 | MAPE: 0.032517 | Likelihood -0.985591 | KL fp 1.6088 | FP STD 0.1952|
KL coef: 0.0
Epoch 0008 [Test seq (cond on sampled tp)] | Best mse 1.068520|
Epoch 0009 [Train seq (cond on sampled tp)] | Loss 0.248322 | RMSE_NINO 1.098978  | RMSE 0.985944 | MAPE: 0.032769 | Likelihood -1.347385 | KL fp 1.3188 | FP STD 0.2708|
Epoch 0009 [Test seq (cond on sampled tp)] | Loss -0.060840 | RMSE 1.161816 | RMSE 1.104687 | MAPE: 0.034781 | Likelihood -1.037929 | KL fp 1.6935 | FP STD 0.1792|
KL coef: 0.0
Epoch 0010 [Train seq (cond on sampled tp)] | Loss 0.184956 | RMSE_NINO 1.076560  | RMSE 0.970264 | MAPE: 0.032124 | Likelihood -1.283913 | KL fp 1.3676 | FP STD 0.2548|
Epoch 0010 [Test seq (cond on sampled tp)] | Loss -0.141054 | RMSE 1.096218 | RMSE 1.064980 | MAPE: 0.033175 | Likelihood -0.957721 | KL fp 1.7727 | FP STD 0.1674|
KL coef: 0.0
Epoch 0011 [Train seq (cond on sampled tp)] | Loss 0.127068 | RMSE_NINO 1.059425  | RMSE 0.952264 | MAPE: 0.031832 | Likelihood -1.226212 | KL fp 1.4157 | FP STD 0.2408|
Epoch 0011 [Test seq (cond on sampled tp)] | Loss -0.075222 | RMSE 1.132576 | RMSE 1.098863 | MAPE: 0.034166 | Likelihood -1.023591 | KL fp 1.8593 | FP STD 0.1564|
KL coef: 0.0
Epoch 0012 [Train seq (cond on sampled tp)] | Loss 0.101588 | RMSE_NINO 1.075526  | RMSE 0.955117 | MAPE: 0.032233 | Likelihood -1.200400 | KL fp 1.4636 | FP STD 0.2280|
Epoch 0012 [Test seq (cond on sampled tp)] | Loss -0.010498 | RMSE 1.164098 | RMSE 1.131291 | MAPE: 0.034888 | Likelihood -1.088304 | KL fp 1.9651 | FP STD 0.1470|
KL coef: 0.0
Epoch 0013 [Train seq (cond on sampled tp)] | Loss 0.080160 | RMSE_NINO 1.043824  | RMSE 0.946855 | MAPE: 0.031425 | Likelihood -1.179001 | KL fp 1.5088 | FP STD 0.2166|
Epoch 0013 [Test seq (cond on sampled tp)] | Loss -0.117615 | RMSE 1.108818 | RMSE 1.086686 | MAPE: 0.033617 | Likelihood -0.981045 | KL fp 1.9956 | FP STD 0.1391|
KL coef: 0.0
Epoch 0014 [Train seq (cond on sampled tp)] | Loss 0.040941 | RMSE_NINO 1.027036  | RMSE 0.945398 | MAPE: 0.030963 | Likelihood -1.139963 | KL fp 1.5496 | FP STD 0.2073|
Epoch 0014 [Test seq (cond on sampled tp)] | Loss -0.095479 | RMSE 1.122369 | RMSE 1.104984 | MAPE: 0.033704 | Likelihood -1.003147 | KL fp 2.0439 | FP STD 0.1328|
KL coef: 0.0
Epoch 0015 [Train seq (cond on sampled tp)] | Loss 0.024695 | RMSE_NINO 1.043381  | RMSE 0.938690 | MAPE: 0.031496 | Likelihood -1.123520 | KL fp 1.5902 | FP STD 0.1992|
Epoch 0015 [Test seq (cond on sampled tp)] | Loss -0.096430 | RMSE 1.157201 | RMSE 1.104195 | MAPE: 0.035028 | Likelihood -1.002263 | KL fp 2.0927 | FP STD 0.1268|
KL coef: 0.0
Epoch 0016 [Train seq (cond on sampled tp)] | Loss 0.017737 | RMSE_NINO 1.033872  | RMSE 0.938730 | MAPE: 0.031012 | Likelihood -1.116501 | KL fp 1.6245 | FP STD 0.1920|
Epoch 0016 [Test seq (cond on sampled tp)] | Loss -0.288267 | RMSE 1.008074 | RMSE 1.004664 | MAPE: 0.031156 | Likelihood -0.810356 | KL fp 2.1291 | FP STD 0.1219|
KL coef: 0.0
Epoch 0016 [Test seq (cond on sampled tp)] | Best mse 1.008074|
Epoch 0017 [Train seq (cond on sampled tp)] | Loss 0.013857 | RMSE_NINO 1.025412  | RMSE 0.941875 | MAPE: 0.031009 | Likelihood -1.112907 | KL fp 1.6587 | FP STD 0.1850|
Epoch 0017 [Test seq (cond on sampled tp)] | Loss -0.074336 | RMSE 1.152054 | RMSE 1.112593 | MAPE: 0.034750 | Likelihood -1.024301 | KL fp 2.1606 | FP STD 0.1172|
KL coef: 0.0
Epoch 0018 [Train seq (cond on sampled tp)] | Loss 0.002446 | RMSE_NINO 1.052953  | RMSE 0.939396 | MAPE: 0.031875 | Likelihood -1.101250 | KL fp 1.6976 | FP STD 0.1779|
Epoch 0018 [Test seq (cond on sampled tp)] | Loss 0.083845 | RMSE 1.212060 | RMSE 1.197026 | MAPE: 0.036422 | Likelihood -1.182541 | KL fp 2.1962 | FP STD 0.1127|
KL coef: 0.0
Epoch 0019 [Train seq (cond on sampled tp)] | Loss -0.023115 | RMSE_NINO 1.021594  | RMSE 0.927243 | MAPE: 0.030838 | Likelihood -1.075750 | KL fp 1.7259 | FP STD 0.1725|
Epoch 0019 [Test seq (cond on sampled tp)] | Loss -0.135741 | RMSE 1.105251 | RMSE 1.081726 | MAPE: 0.033589 | Likelihood -0.962918 | KL fp 2.2224 | FP STD 0.1091|
KL coef: 0.0
Epoch 0020 [Train seq (cond on sampled tp)] | Loss -0.013381 | RMSE_NINO 1.029937  | RMSE 0.937342 | MAPE: 0.031201 | Likelihood -1.085468 | KL fp 1.7518 | FP STD 0.1675|
Epoch 0020 [Test seq (cond on sampled tp)] | Loss -0.012797 | RMSE 1.170322 | RMSE 1.145963 | MAPE: 0.035180 | Likelihood -1.085919 | KL fp 2.2484 | FP STD 0.1056|
KL coef: 0.0
Epoch 0021 [Train seq (cond on sampled tp)] | Loss -0.031548 | RMSE_NINO 1.019712  | RMSE 0.928925 | MAPE: 0.030986 | Likelihood -1.067334 | KL fp 1.7788 | FP STD 0.1626|
Epoch 0021 [Test seq (cond on sampled tp)] | Loss -0.139686 | RMSE 1.080040 | RMSE 1.082756 | MAPE: 0.033070 | Likelihood -0.959074 | KL fp 2.2740 | FP STD 0.1022|
KL coef: 0.0
Epoch 0022 [Train seq (cond on sampled tp)] | Loss 0.016341 | RMSE_NINO 1.053205  | RMSE 0.947224 | MAPE: 0.031632 | Likelihood -1.115138 | KL fp 1.8048 | FP STD 0.1583|
Epoch 0022 [Test seq (cond on sampled tp)] | Loss -0.205500 | RMSE 1.084406 | RMSE 1.049484 | MAPE: 0.033118 | Likelihood -0.893147 | KL fp 2.2931 | FP STD 0.0997|
KL coef: 0.0
Epoch 0023 [Train seq (cond on sampled tp)] | Loss -0.007528 | RMSE_NINO 1.035563  | RMSE 0.937412 | MAPE: 0.031073 | Likelihood -1.091285 | KL fp 1.8235 | FP STD 0.1549|
Epoch 0023 [Test seq (cond on sampled tp)] | Loss -0.059413 | RMSE 1.160702 | RMSE 1.118891 | MAPE: 0.035046 | Likelihood -1.039382 | KL fp 2.3077 | FP STD 0.0974|
KL coef: 0.0
Epoch 0024 [Train seq (cond on sampled tp)] | Loss 0.009719 | RMSE_NINO 1.031404  | RMSE 0.942720 | MAPE: 0.031127 | Likelihood -1.108607 | KL fp 1.8488 | FP STD 0.1509|
Epoch 0024 [Test seq (cond on sampled tp)] | Loss 0.172924 | RMSE 1.287848 | RMSE 1.235960 | MAPE: 0.038616 | Likelihood -1.271592 | KL fp 2.3280 | FP STD 0.0948|
KL coef: 0.0
Epoch 0025 [Train seq (cond on sampled tp)] | Loss 0.023744 | RMSE_NINO 1.038357  | RMSE 0.940798 | MAPE: 0.031096 | Likelihood -1.122582 | KL fp 1.8700 | FP STD 0.1477|
Epoch 0025 [Test seq (cond on sampled tp)] | Loss -0.295968 | RMSE 1.028610 | RMSE 1.004220 | MAPE: 0.031701 | Likelihood -0.802665 | KL fp 2.3462 | FP STD 0.0927|
KL coef: 0.0
Epoch 0026 [Train seq (cond on sampled tp)] | Loss 0.068494 | RMSE_NINO 1.057522  | RMSE 0.959114 | MAPE: 0.031720 | Likelihood -1.167497 | KL fp 1.8895 | FP STD 0.1447|
Epoch 0026 [Test seq (cond on sampled tp)] | Loss 0.109209 | RMSE 1.260552 | RMSE 1.204132 | MAPE: 0.037821 | Likelihood -1.208098 | KL fp 2.3599 | FP STD 0.0909|
KL coef: 0.0
Epoch 0027 [Train seq (cond on sampled tp)] | Loss 0.126879 | RMSE_NINO 1.085834  | RMSE 0.979286 | MAPE: 0.032517 | Likelihood -1.225885 | KL fp 1.9096 | FP STD 0.1418|
Epoch 0027 [Test seq (cond on sampled tp)] | Loss 0.770412 | RMSE 1.558939 | RMSE 1.535740 | MAPE: 0.046971 | Likelihood -1.869265 | KL fp 2.3760 | FP STD 0.0891|
KL coef: 0.0
Epoch 0028 [Train seq (cond on sampled tp)] | Loss 0.162775 | RMSE_NINO 1.111698  | RMSE 0.982365 | MAPE: 0.032829 | Likelihood -1.261631 | KL fp 1.9257 | FP STD 0.1392|
Epoch 0028 [Test seq (cond on sampled tp)] | Loss 0.448185 | RMSE 1.410051 | RMSE 1.378034 | MAPE: 0.042335 | Likelihood -1.546897 | KL fp 2.3921 | FP STD 0.0876|
KL coef: 0.0
Epoch 0029 [Train seq (cond on sampled tp)] | Loss 0.166112 | RMSE_NINO 1.087129  | RMSE 0.963730 | MAPE: 0.032197 | Likelihood -1.265117 | KL fp 1.9423 | FP STD 0.1372|
Epoch 0029 [Test seq (cond on sampled tp)] | Loss 0.127841 | RMSE 1.283850 | RMSE 1.218462 | MAPE: 0.038504 | Likelihood -1.226619 | KL fp 2.4130 | FP STD 0.0860|
KL coef: 0.0
Epoch 0030 [Train seq (cond on sampled tp)] | Loss 0.281042 | RMSE_NINO 1.091045  | RMSE 0.980243 | MAPE: 0.032556 | Likelihood -1.379953 | KL fp 1.9611 | FP STD 0.1346|
Epoch 0030 [Test seq (cond on sampled tp)] | Loss -0.001162 | RMSE 1.196011 | RMSE 1.151965 | MAPE: 0.036199 | Likelihood -1.097478 | KL fp 2.4434 | FP STD 0.0840|
KL coef: 0.0
Epoch 0031 [Train seq (cond on sampled tp)] | Loss 0.547144 | RMSE_NINO 1.149176  | RMSE 1.020582 | MAPE: 0.034112 | Likelihood -1.646613 | KL fp 1.9840 | FP STD 0.1318|
Epoch 0031 [Test seq (cond on sampled tp)] | Loss 0.098011 | RMSE 1.224795 | RMSE 1.190112 | MAPE: 0.036983 | Likelihood -1.196677 | KL fp 2.4783 | FP STD 0.0825|
KL coef: 0.0
Epoch 0032 [Train seq (cond on sampled tp)] | Loss 0.909004 | RMSE_NINO 1.213056  | RMSE 1.075661 | MAPE: 0.035338 | Likelihood -2.008718 | KL fp 1.9992 | FP STD 0.1298|
Epoch 0032 [Test seq (cond on sampled tp)] | Loss -0.022698 | RMSE 1.132245 | RMSE 1.108356 | MAPE: 0.034410 | Likelihood -1.075955 | KL fp 2.5164 | FP STD 0.0815|
KL coef: 0.0
Epoch 0033 [Train seq (cond on sampled tp)] | Loss 1.668531 | RMSE_NINO 1.353266  | RMSE 1.172490 | MAPE: 0.038608 | Likelihood -2.768334 | KL fp 2.0066 | FP STD 0.1289|
Epoch 0033 [Test seq (cond on sampled tp)] | Loss 0.026910 | RMSE 1.141734 | RMSE 1.092887 | MAPE: 0.034179 | Likelihood -1.126257 | KL fp 2.5363 | FP STD 0.0809|
KL coef: 0.0
Epoch 0034 [Train seq (cond on sampled tp)] | Loss 2.839969 | RMSE_NINO 1.528221  | RMSE 1.302946 | MAPE: 0.042452 | Likelihood -3.944475 | KL fp 2.0089 | FP STD 0.1289|
Epoch 0034 [Test seq (cond on sampled tp)] | Loss 0.252331 | RMSE 1.194594 | RMSE 1.171226 | MAPE: 0.036054 | Likelihood -1.353910 | KL fp 2.5263 | FP STD 0.0807|
KL coef: 0.0
Epoch 0035 [Train seq (cond on sampled tp)] | Loss 4.953035 | RMSE_NINO 1.811997  | RMSE 1.503288 | MAPE: 0.048757 | Likelihood -6.061037 | KL fp 2.0052 | FP STD 0.1293|
Epoch 0035 [Test seq (cond on sampled tp)] | Loss 0.093084 | RMSE 1.071826 | RMSE 1.036745 | MAPE: 0.031826 | Likelihood -1.196263 | KL fp 2.5347 | FP STD 0.0807|
KL coef: 0.0
Epoch 0036 [Train seq (cond on sampled tp)] | Loss 9.140950 | RMSE_NINO 2.261780  | RMSE 1.833393 | MAPE: 0.060141 | Likelihood -10.293601 | KL fp 2.0034 | FP STD 0.1302|
Epoch 0036 [Test seq (cond on sampled tp)] | Loss 0.379440 | RMSE 1.278427 | RMSE 1.082566 | MAPE: 0.034162 | Likelihood -1.489563 | KL fp 2.5474 | FP STD 0.0810|
KL coef: 0.0
Epoch 0037 [Train seq (cond on sampled tp)] | Loss 16.095390 | RMSE_NINO 2.811935  | RMSE 2.242668 | MAPE: 0.071886 | Likelihood -17.367026 | KL fp 1.9956 | FP STD 0.1314|
Epoch 0037 [Test seq (cond on sampled tp)] | Loss 0.832466 | RMSE 1.308363 | RMSE 1.149500 | MAPE: 0.034899 | Likelihood -1.938582 | KL fp 2.5607 | FP STD 0.0814|
KL coef: 0.0
Epoch 0038 [Train seq (cond on sampled tp)] | Loss 28.095404 | RMSE_NINO 3.784224  | RMSE 2.872315 | MAPE: 0.093588 | Likelihood -29.504079 | KL fp 1.9853 | FP STD 0.1331|
Epoch 0038 [Test seq (cond on sampled tp)] | Loss 2.203621 | RMSE 1.828168 | RMSE 1.513741 | MAPE: 0.047680 | Likelihood -3.560568 | KL fp 2.5642 | FP STD 0.0820|
KL coef: 0.0
Epoch 0039 [Train seq (cond on sampled tp)] | Loss 47.995172 | RMSE_NINO 4.754220  | RMSE 3.642716 | MAPE: 0.117719 | Likelihood -50.074447 | KL fp 1.9709 | FP STD 0.1348|
Epoch 0039 [Test seq (cond on sampled tp)] | Loss 5.054714 | RMSE 2.279874 | RMSE 2.036888 | MAPE: 0.061224 | Likelihood -6.414519 | KL fp 2.5601 | FP STD 0.0826|
KL coef: 0.0
Epoch 0040 [Train seq (cond on sampled tp)] | Loss 77.361902 | RMSE_NINO 5.809987  | RMSE 4.517382 | MAPE: 0.143610 | Likelihood -80.438649 | KL fp 1.9661 | FP STD 0.1360|
Epoch 0040 [Test seq (cond on sampled tp)] | Loss 6.566454 | RMSE 2.352535 | RMSE 2.066810 | MAPE: 0.059557 | Likelihood -8.611700 | KL fp 2.5607 | FP STD 0.0832|
KL coef: 0.0
Epoch 0041 [Train seq (cond on sampled tp)] | Loss 123.840723 | RMSE_NINO 7.437184  | RMSE 5.725849 | MAPE: 0.182201 | Likelihood -128.614817 | KL fp 1.9573 | FP STD 0.1374|
Epoch 0041 [Test seq (cond on sampled tp)] | Loss 10.211990 | RMSE 3.163147 | RMSE 2.198583 | MAPE: 0.066326 | Likelihood -11.800699 | KL fp 2.5641 | FP STD 0.0837|
KL coef: 0.0
Epoch 0042 [Train seq (cond on sampled tp)] | Loss 185.830698 | RMSE_NINO 9.204987  | RMSE 6.922063 | MAPE: 0.223038 | Likelihood -191.954720 | KL fp 1.9521 | FP STD 0.1382|
Epoch 0042 [Test seq (cond on sampled tp)] | Loss 19.420325 | RMSE 4.553280 | RMSE 4.805120 | MAPE: 0.142553 | Likelihood -23.270732 | KL fp 2.5668 | FP STD 0.0841|
KL coef: 0.0
Epoch 0043 [Train seq (cond on sampled tp)] | Loss 275.034403 | RMSE_NINO 11.389707  | RMSE 8.349417 | MAPE: 0.266961 | Likelihood -286.687481 | KL fp 1.9520 | FP STD 0.1389|
Epoch 0043 [Test seq (cond on sampled tp)] | Loss 18.133306 | RMSE 4.384977 | RMSE 2.672170 | MAPE: 0.080772 | Likelihood -20.527209 | KL fp 2.5671 | FP STD 0.0844|
KL coef: 0.0
Epoch 0044 [Train seq (cond on sampled tp)] | Loss 402.385764 | RMSE_NINO 13.233969  | RMSE 10.029337 | MAPE: 0.320160 | Likelihood -416.625963 | KL fp 1.9469 | FP STD 0.1394|
Epoch 0044 [Test seq (cond on sampled tp)] | Loss 38.531382 | RMSE 6.381939 | RMSE 5.104546 | MAPE: 0.151421 | Likelihood -43.165915 | KL fp 2.5671 | FP STD 0.0847|
KL coef: 0.0
Epoch 0045 [Train seq (cond on sampled tp)] | Loss 578.769628 | RMSE_NINO 15.883483  | RMSE 11.991982 | MAPE: 0.379370 | Likelihood -597.735632 | KL fp 1.9437 | FP STD 0.1400|
Epoch 0045 [Test seq (cond on sampled tp)] | Loss 42.150038 | RMSE 6.096027 | RMSE 3.609692 | MAPE: 0.105267 | Likelihood -49.324341 | KL fp 2.5649 | FP STD 0.0849|
KL coef: 0.0
Epoch 0046 [Train seq (cond on sampled tp)] | Loss 819.664212 | RMSE_NINO 19.151882  | RMSE 14.183935 | MAPE: 0.456033 | Likelihood -851.242160 | KL fp 1.9436 | FP STD 0.1402|
Epoch 0046 [Test seq (cond on sampled tp)] | Loss 74.204052 | RMSE 9.288112 | RMSE 7.851428 | MAPE: 0.240392 | Likelihood -83.470695 | KL fp 2.5635 | FP STD 0.0851|
KL coef: 0.0
Epoch 0047 [Train seq (cond on sampled tp)] | Loss 1145.796720 | RMSE_NINO 21.890394  | RMSE 16.727332 | MAPE: 0.526840 | Likelihood -1176.942583 | KL fp 1.9389 | FP STD 0.1408|
Epoch 0047 [Test seq (cond on sampled tp)] | Loss 109.930775 | RMSE 10.159685 | RMSE 8.396265 | MAPE: 0.250754 | Likelihood -118.083176 | KL fp 2.5597 | FP STD 0.0853|
KL coef: 0.0
Epoch 0048 [Train seq (cond on sampled tp)] | Loss 1604.485618 | RMSE_NINO 26.107496  | RMSE 19.468607 | MAPE: 0.607545 | Likelihood -1654.249123 | KL fp 1.9380 | FP STD 0.1411|
Epoch 0048 [Test seq (cond on sampled tp)] | Loss 97.276737 | RMSE 10.478566 | RMSE 4.549101 | MAPE: 0.138783 | Likelihood -111.637589 | KL fp 2.5570 | FP STD 0.0854|
KL coef: 0.0
Epoch 0049 [Train seq (cond on sampled tp)] | Loss 2125.394531 | RMSE_NINO 30.106860  | RMSE 22.391433 | MAPE: 0.713742 | Likelihood -2205.108820 | KL fp 1.9377 | FP STD 0.1413|
Epoch 0049 [Test seq (cond on sampled tp)] | Loss 185.457275 | RMSE 13.131801 | RMSE 11.388168 | MAPE: 0.331188 | Likelihood -201.836441 | KL fp 2.5562 | FP STD 0.0855|
KL coef: 0.0
Epoch 0050 [Train seq (cond on sampled tp)] | Loss 2816.169078 | RMSE_NINO 35.971701  | RMSE 25.768202 | MAPE: 0.828444 | Likelihood -2925.890514 | KL fp 1.9377 | FP STD 0.1412|
Epoch 0050 [Test seq (cond on sampled tp)] | Loss 212.817383 | RMSE 12.245932 | RMSE 5.683515 | MAPE: 0.156977 | Likelihood -220.887428 | KL fp 2.5553 | FP STD 0.0856|
KL coef: 0.0
Epoch 0051 [Train seq (cond on sampled tp)] | Loss 3721.574174 | RMSE_NINO 40.356167  | RMSE 29.474871 | MAPE: 0.930723 | Likelihood -3847.146684 | KL fp 1.9354 | FP STD 0.1414|
Epoch 0051 [Test seq (cond on sampled tp)] | Loss 262.087204 | RMSE 16.040249 | RMSE 7.933754 | MAPE: 0.238367 | Likelihood -296.031845 | KL fp 2.5549 | FP STD 0.0857|
KL coef: 0.0
Epoch 0052 [Train seq (cond on sampled tp)] | Loss 4692.980779 | RMSE_NINO 48.036596  | RMSE 33.700324 | MAPE: 1.079780 | Likelihood -4981.547718 | KL fp 1.9354 | FP STD 0.1417|
Epoch 0052 [Test seq (cond on sampled tp)] | Loss 355.169830 | RMSE 18.578577 | RMSE 9.209053 | MAPE: 0.270374 | Likelihood -422.855194 | KL fp 2.5528 | FP STD 0.0858|
KL coef: 0.0
Epoch 0053 [Train seq (cond on sampled tp)] | Loss 6293.760964 | RMSE_NINO 53.385233  | RMSE 37.871346 | MAPE: 1.215681 | Likelihood -6560.236373 | KL fp 1.9352 | FP STD 0.1419|
Epoch 0053 [Test seq (cond on sampled tp)] | Loss 452.844116 | RMSE 20.812417 | RMSE 9.681032 | MAPE: 0.289847 | Likelihood -505.243805 | KL fp 2.5517 | FP STD 0.0859|
KL coef: 0.0
Epoch 0054 [Train seq (cond on sampled tp)] | Loss 8229.589134 | RMSE_NINO 59.385184  | RMSE 43.279810 | MAPE: 1.348994 | Likelihood -8533.968217 | KL fp 1.9354 | FP STD 0.1420|
Epoch 0054 [Test seq (cond on sampled tp)] | Loss 545.393799 | RMSE 22.510810 | RMSE 9.663078 | MAPE: 0.286291 | Likelihood -571.223145 | KL fp 2.5512 | FP STD 0.0860|
KL coef: 0.0
Epoch 0055 [Train seq (cond on sampled tp)] | Loss 10565.240323 | RMSE_NINO 65.970497  | RMSE 49.231342 | MAPE: 1.509668 | Likelihood -10950.439009 | KL fp 1.9310 | FP STD 0.1421|
Epoch 0055 [Test seq (cond on sampled tp)] | Loss 697.258087 | RMSE 25.392404 | RMSE 10.973468 | MAPE: 0.322229 | Likelihood -784.615173 | KL fp 2.5510 | FP STD 0.0860|
KL coef: 0.0
Epoch 0056 [Train seq (cond on sampled tp)] | Loss 13451.387340 | RMSE_NINO 77.632345  | RMSE 54.803878 | MAPE: 1.788292 | Likelihood -13925.519265 | KL fp 1.9313 | FP STD 0.1421|
Epoch 0056 [Test seq (cond on sampled tp)] | Loss 774.339844 | RMSE 24.422438 | RMSE 12.369938 | MAPE: 0.355003 | Likelihood -830.243347 | KL fp 2.5511 | FP STD 0.0860|
KL coef: 0.0
Epoch 0057 [Train seq (cond on sampled tp)] | Loss 17001.090643 | RMSE_NINO 89.273704  | RMSE 61.592358 | MAPE: 2.010821 | Likelihood -17525.826882 | KL fp 1.9308 | FP STD 0.1424|
Epoch 0057 [Test seq (cond on sampled tp)] | Loss 1134.839783 | RMSE 32.035416 | RMSE 15.965868 | MAPE: 0.465333 | Likelihood -1228.223633 | KL fp 2.5515 | FP STD 0.0860|
KL coef: 0.0
Epoch 0058 [Train seq (cond on sampled tp)] | Loss 20870.114524 | RMSE_NINO 100.131262  | RMSE 69.052573 | MAPE: 2.197392 | Likelihood -22119.085760 | KL fp 1.9308 | FP STD 0.1423|
Epoch 0058 [Test seq (cond on sampled tp)] | Loss 1473.661621 | RMSE 36.459467 | RMSE 17.509885 | MAPE: 0.489448 | Likelihood -1605.095581 | KL fp 2.5516 | FP STD 0.0860|
KL coef: 0.0
Epoch 0059 [Train seq (cond on sampled tp)] | Loss 26421.179865 | RMSE_NINO 105.513670  | RMSE 76.454734 | MAPE: 2.433905 | Likelihood -27029.734197 | KL fp 1.9325 | FP STD 0.1420|
Epoch 0059 [Test seq (cond on sampled tp)] | Loss 1675.400696 | RMSE 39.425338 | RMSE 23.327913 | MAPE: 0.682584 | Likelihood -1916.346802 | KL fp 2.5518 | FP STD 0.0860|
KL coef: 0.0
Epoch 0060 [Train seq (cond on sampled tp)] | Loss 33165.900746 | RMSE_NINO 119.175861  | RMSE 86.046175 | MAPE: 2.695923 | Likelihood -34616.961115 | KL fp 1.9305 | FP STD 0.1423|
Epoch 0060 [Test seq (cond on sampled tp)] | Loss 2228.351074 | RMSE 46.784834 | RMSE 20.796878 | MAPE: 0.631959 | Likelihood -2518.243774 | KL fp 2.5519 | FP STD 0.0860|
KL coef: 0.0
Epoch 0061 [Train seq (cond on sampled tp)] | Loss 40443.395597 | RMSE_NINO 133.633835  | RMSE 95.039508 | MAPE: 3.002903 | Likelihood -42393.824219 | KL fp 1.9347 | FP STD 0.1417|
Epoch 0061 [Test seq (cond on sampled tp)] | Loss 2435.351074 | RMSE 45.342020 | RMSE 24.918111 | MAPE: 0.750719 | Likelihood -2648.000610 | KL fp 2.5524 | FP STD 0.0860|
KL coef: 0.0
Epoch 0062 [Train seq (cond on sampled tp)] | Loss 49957.638494 | RMSE_NINO 151.560498  | RMSE 103.785817 | MAPE: 3.367181 | Likelihood -51447.697798 | KL fp 1.9315 | FP STD 0.1422|
Epoch 0062 [Test seq (cond on sampled tp)] | Loss 3061.149170 | RMSE 53.879703 | RMSE 29.125258 | MAPE: 0.865306 | Likelihood -3386.774902 | KL fp 2.5528 | FP STD 0.0860|
KL coef: 0.0
Epoch 0063 [Train seq (cond on sampled tp)] | Loss 60440.677912 | RMSE_NINO 160.691961  | RMSE 114.956832 | MAPE: 3.580446 | Likelihood -62770.935014 | KL fp 1.9310 | FP STD 0.1421|
Epoch 0063 [Test seq (cond on sampled tp)] | Loss 3882.185303 | RMSE 60.681676 | RMSE 36.516034 | MAPE: 1.090265 | Likelihood -4439.105957 | KL fp 2.5536 | FP STD 0.0860|
KL coef: 0.0
Epoch 0064 [Train seq (cond on sampled tp)] | Loss 74186.643466 | RMSE_NINO 183.156843  | RMSE 126.848753 | MAPE: 4.005833 | Likelihood -77688.279119 | KL fp 1.9302 | FP STD 0.1422|
Epoch 0064 [Test seq (cond on sampled tp)] | Loss 5466.764404 | RMSE 72.047346 | RMSE 32.393472 | MAPE: 0.971166 | Likelihood -5888.954346 | KL fp 2.5536 | FP STD 0.0860|
KL coef: 0.0
Epoch 0065 [Train seq (cond on sampled tp)] | Loss 89295.460938 | RMSE_NINO 199.013691  | RMSE 139.231757 | MAPE: 4.430664 | Likelihood -92612.729403 | KL fp 1.9341 | FP STD 0.1420|
Epoch 0065 [Test seq (cond on sampled tp)] | Loss 6443.171631 | RMSE 74.530007 | RMSE 50.784523 | MAPE: 1.477548 | Likelihood -7420.530518 | KL fp 2.5541 | FP STD 0.0860|
KL coef: 0.0
Epoch 0066 [Train seq (cond on sampled tp)] | Loss 109462.884233 | RMSE_NINO 215.968347  | RMSE 154.487884 | MAPE: 4.860801 | Likelihood -112695.181108 | KL fp 1.9327 | FP STD 0.1420|
Epoch 0066 [Test seq (cond on sampled tp)] | Loss 8332.494141 | RMSE 85.741112 | RMSE 38.619735 | MAPE: 1.174229 | Likelihood -8854.958008 | KL fp 2.5540 | FP STD 0.0860|
KL coef: 0.0
Epoch 0067 [Train seq (cond on sampled tp)] | Loss 133971.512784 | RMSE_NINO 241.828135  | RMSE 171.255966 | MAPE: 5.408795 | Likelihood -138190.438210 | KL fp 1.9341 | FP STD 0.1420|
Epoch 0067 [Test seq (cond on sampled tp)] | Loss 10447.732422 | RMSE 94.958618 | RMSE 53.037545 | MAPE: 1.595736 | Likelihood -10682.442383 | KL fp 2.5540 | FP STD 0.0860|
KL coef: 0.0
Epoch 0068 [Train seq (cond on sampled tp)] | Loss 160536.846591 | RMSE_NINO 269.556398  | RMSE 187.079709 | MAPE: 6.079147 | Likelihood -165965.551136 | KL fp 1.9336 | FP STD 0.1421|
Epoch 0068 [Test seq (cond on sampled tp)] | Loss 11061.459473 | RMSE 103.489004 | RMSE 49.621600 | MAPE: 1.455979 | Likelihood -12770.205078 | KL fp 2.5547 | FP STD 0.0860|
KL coef: 0.0
Epoch 0069 [Train seq (cond on sampled tp)] | Loss 189801.832386 | RMSE_NINO 299.130472  | RMSE 205.136418 | MAPE: 6.627740 | Likelihood -195512.876420 | KL fp 1.9325 | FP STD 0.1421|
Epoch 0069 [Test seq (cond on sampled tp)] | Loss 14096.183105 | RMSE 103.642191 | RMSE 74.529920 | MAPE: 2.157342 | Likelihood -15486.701172 | KL fp 2.5549 | FP STD 0.0860|
KL coef: 0.0
Epoch 0070 [Train seq (cond on sampled tp)] | Loss 223294.616477 | RMSE_NINO 318.328643  | RMSE 223.827880 | MAPE: 7.148802 | Likelihood -233109.517045 | KL fp 1.9325 | FP STD 0.1421|
Epoch 0070 [Test seq (cond on sampled tp)] | Loss 13947.645996 | RMSE 110.792110 | RMSE 52.497132 | MAPE: 1.550805 | Likelihood -15124.077637 | KL fp 2.5550 | FP STD 0.0860|
KL coef: 0.0
Epoch 0071 [Train seq (cond on sampled tp)] | Loss 265552.004261 | RMSE_NINO 350.701603  | RMSE 241.370479 | MAPE: 7.845083 | Likelihood -276403.055398 | KL fp 1.9350 | FP STD 0.1418|
Epoch 0071 [Test seq (cond on sampled tp)] | Loss 19050.402344 | RMSE 127.270270 | RMSE 66.358443 | MAPE: 1.863611 | Likelihood -22427.509766 | KL fp 2.5552 | FP STD 0.0860|
KL coef: 0.0
Epoch 0072 [Train seq (cond on sampled tp)] | Loss 318573.519886 | RMSE_NINO 376.404246  | RMSE 265.986151 | MAPE: 8.460228 | Likelihood -328072.355114 | KL fp 1.9325 | FP STD 0.1420|
Epoch 0072 [Test seq (cond on sampled tp)] | Loss 25394.250000 | RMSE 147.311268 | RMSE 103.527446 | MAPE: 3.046048 | Likelihood -27355.598633 | KL fp 2.5555 | FP STD 0.0859|
KL coef: 0.0
Epoch 0073 [Train seq (cond on sampled tp)] | Loss 376766.434659 | RMSE_NINO 407.687168  | RMSE 289.369573 | MAPE: 9.096615 | Likelihood -389355.846591 | KL fp 1.9349 | FP STD 0.1418|
Epoch 0073 [Test seq (cond on sampled tp)] | Loss 34970.308594 | RMSE 147.909042 | RMSE 79.481155 | MAPE: 2.108763 | Likelihood -35661.146484 | KL fp 2.5555 | FP STD 0.0859|
KL coef: 0.0
Epoch 0074 [Train seq (cond on sampled tp)] | Loss 432396.411932 | RMSE_NINO 441.884897  | RMSE 313.110189 | MAPE: 9.930768 | Likelihood -457477.096591 | KL fp 1.9335 | FP STD 0.1419|
Epoch 0074 [Test seq (cond on sampled tp)] | Loss 34209.305664 | RMSE 171.116660 | RMSE 100.549098 | MAPE: 2.912550 | Likelihood -38353.960938 | KL fp 2.5559 | FP STD 0.0859|
KL coef: 0.0
Epoch 0075 [Train seq (cond on sampled tp)] | Loss 509630.514205 | RMSE_NINO 458.747832  | RMSE 339.714847 | MAPE: 10.745634 | Likelihood -528477.576705 | KL fp 1.9324 | FP STD 0.1418|
Epoch 0075 [Test seq (cond on sampled tp)] | Loss 37970.433594 | RMSE 187.191941 | RMSE 138.606477 | MAPE: 4.106017 | Likelihood -41881.824219 | KL fp 2.5567 | FP STD 0.0859|
KL coef: 0.0
Epoch 0076 [Train seq (cond on sampled tp)] | Loss 588568.568182 | RMSE_NINO 499.045787  | RMSE 363.753481 | MAPE: 11.484418 | Likelihood -607947.829545 | KL fp 1.9365 | FP STD 0.1418|
Epoch 0076 [Test seq (cond on sampled tp)] | Loss 45172.318359 | RMSE 206.634540 | RMSE 109.705543 | MAPE: 3.266248 | Likelihood -48531.298828 | KL fp 2.5572 | FP STD 0.0859|
KL coef: 0.0
Epoch 0077 [Train seq (cond on sampled tp)] | Loss 673913.375000 | RMSE_NINO 536.986882  | RMSE 394.483481 | MAPE: 12.397284 | Likelihood -705527.125000 | KL fp 1.9328 | FP STD 0.1417|
Epoch 0077 [Test seq (cond on sampled tp)] | Loss 52130.181641 | RMSE 227.522616 | RMSE 114.892692 | MAPE: 3.606640 | Likelihood -55984.708984 | KL fp 2.5577 | FP STD 0.0859|
KL coef: 0.0
Epoch 0078 [Train seq (cond on sampled tp)] | Loss 806055.806818 | RMSE_NINO 604.651299  | RMSE 429.785350 | MAPE: 13.662015 | Likelihood -832660.363636 | KL fp 1.9343 | FP STD 0.1419|
Epoch 0078 [Test seq (cond on sampled tp)] | Loss 58251.585938 | RMSE 259.247414 | RMSE 121.927433 | MAPE: 3.764999 | Likelihood -68737.214844 | KL fp 2.5577 | FP STD 0.0859|
KL coef: 0.0
Epoch 0079 [Train seq (cond on sampled tp)] | Loss 937265.943182 | RMSE_NINO 661.762023  | RMSE 465.574320 | MAPE: 14.917576 | Likelihood -964219.119318 | KL fp 1.9322 | FP STD 0.1419|
Epoch 0079 [Test seq (cond on sampled tp)] | Loss 86796.113281 | RMSE 247.479460 | RMSE 221.373517 | MAPE: 6.332204 | Likelihood -93946.089844 | KL fp 2.5580 | FP STD 0.0858|
KL coef: 0.0
Epoch 0080 [Train seq (cond on sampled tp)] | Loss 1062297.323864 | RMSE_NINO 681.131107  | RMSE 504.346645 | MAPE: 15.797601 | Likelihood -1096433.755682 | KL fp 1.9348 | FP STD 0.1416|
Epoch 0080 [Test seq (cond on sampled tp)] | Loss 78071.292969 | RMSE 268.864546 | RMSE 158.652279 | MAPE: 4.908345 | Likelihood -83703.066406 | KL fp 2.5582 | FP STD 0.0858|
KL coef: 0.0
Epoch 0081 [Train seq (cond on sampled tp)] | Loss 1190283.579545 | RMSE_NINO 740.315016  | RMSE 538.603358 | MAPE: 17.222050 | Likelihood -1240066.761364 | KL fp 1.9345 | FP STD 0.1419|
Epoch 0081 [Test seq (cond on sampled tp)] | Loss 95347.402344 | RMSE 287.381526 | RMSE 207.931988 | MAPE: 6.139627 | Likelihood -101771.277344 | KL fp 2.5588 | FP STD 0.0858|
KL coef: 0.0
Epoch 0082 [Train seq (cond on sampled tp)] | Loss 1404795.829545 | RMSE_NINO 782.336471  | RMSE 572.446451 | MAPE: 18.334102 | Likelihood -1439892.318182 | KL fp 1.9368 | FP STD 0.1415|
Epoch 0082 [Test seq (cond on sampled tp)] | Loss 121643.398438 | RMSE 308.600579 | RMSE 166.743497 | MAPE: 4.904607 | Likelihood -131063.523438 | KL fp 2.5590 | FP STD 0.0858|
KL coef: 0.0
Epoch 0083 [Train seq (cond on sampled tp)] | Loss 1612506.886364 | RMSE_NINO 834.695245  | RMSE 618.816281 | MAPE: 19.739612 | Likelihood -1662297.000000 | KL fp 1.9332 | FP STD 0.1418|
Epoch 0083 [Test seq (cond on sampled tp)] | Loss 122028.746094 | RMSE 372.652137 | RMSE 169.110240 | MAPE: 5.188183 | Likelihood -152804.921875 | KL fp 2.5592 | FP STD 0.0858|
KL coef: 0.0
Epoch 0084 [Train seq (cond on sampled tp)] | Loss 1847431.545455 | RMSE_NINO 911.163470  | RMSE 669.415337 | MAPE: 21.255033 | Likelihood -1901172.829545 | KL fp 1.9354 | FP STD 0.1417|
Epoch 0084 [Test seq (cond on sampled tp)] | Loss 148270.000000 | RMSE 353.093275 | RMSE 265.934616 | MAPE: 7.677579 | Likelihood -158974.320312 | KL fp 2.5596 | FP STD 0.0858|
KL coef: 0.0
Epoch 0085 [Train seq (cond on sampled tp)] | Loss 2009542.556818 | RMSE_NINO 945.093782  | RMSE 711.813007 | MAPE: 22.318126 | Likelihood -2093151.272727 | KL fp 1.9368 | FP STD 0.1417|
Epoch 0085 [Test seq (cond on sampled tp)] | Loss 158223.875000 | RMSE 362.226160 | RMSE 270.379621 | MAPE: 7.549341 | Likelihood -177552.187500 | KL fp 2.5596 | FP STD 0.0858|
KL coef: 0.0
Epoch 0086 [Train seq (cond on sampled tp)] | Loss 2230514.068182 | RMSE_NINO 1033.527656  | RMSE 745.971188 | MAPE: 24.449559 | Likelihood -2328825.840909 | KL fp 1.9343 | FP STD 0.1419|
Epoch 0086 [Test seq (cond on sampled tp)] | Loss 180641.257812 | RMSE 415.274651 | RMSE 269.459516 | MAPE: 8.476953 | Likelihood -197918.656250 | KL fp 2.5596 | FP STD 0.0858|
KL coef: 0.0
Epoch 0087 [Train seq (cond on sampled tp)] | Loss 2549533.954545 | RMSE_NINO 1109.064378  | RMSE 798.176824 | MAPE: 26.095031 | Likelihood -2652756.954545 | KL fp 1.9343 | FP STD 0.1419|
Epoch 0087 [Test seq (cond on sampled tp)] | Loss 196259.031250 | RMSE 483.680496 | RMSE 275.534982 | MAPE: 8.607342 | Likelihood -237693.421875 | KL fp 2.5599 | FP STD 0.0857|
KL coef: 0.0
Epoch 0088 [Train seq (cond on sampled tp)] | Loss 2882019.272727 | RMSE_NINO 1126.531949  | RMSE 844.179188 | MAPE: 26.978802 | Likelihood -3003823.590909 | KL fp 1.9321 | FP STD 0.1418|
Epoch 0088 [Test seq (cond on sampled tp)] | Loss 204491.148438 | RMSE 432.725601 | RMSE 247.631578 | MAPE: 7.411409 | Likelihood -234205.007812 | KL fp 2.5602 | FP STD 0.0857|
KL coef: 0.0
Epoch 0089 [Train seq (cond on sampled tp)] | Loss 3296599.272727 | RMSE_NINO 1188.559202  | RMSE 901.560346 | MAPE: 28.471352 | Likelihood -3404362.022727 | KL fp 1.9332 | FP STD 0.1418|
Epoch 0089 [Test seq (cond on sampled tp)] | Loss 254506.117188 | RMSE 484.457826 | RMSE 336.574999 | MAPE: 10.166086 | Likelihood -294223.937500 | KL fp 2.5603 | FP STD 0.0857|
KL coef: 0.0
Epoch 0090 [Train seq (cond on sampled tp)] | Loss 3712181.340909 | RMSE_NINO 1294.109844  | RMSE 968.870539 | MAPE: 30.902053 | Likelihood -3825069.568182 | KL fp 1.9367 | FP STD 0.1416|
Epoch 0090 [Test seq (cond on sampled tp)] | Loss 269730.500000 | RMSE 534.172526 | RMSE 342.146453 | MAPE: 11.014019 | Likelihood -323882.703125 | KL fp 2.5602 | FP STD 0.0857|
KL coef: 0.0
Epoch 0091 [Train seq (cond on sampled tp)] | Loss 4034903.863636 | RMSE_NINO 1392.866686  | RMSE 1010.149608 | MAPE: 32.810042 | Likelihood -4182247.022727 | KL fp 1.9377 | FP STD 0.1416|
Epoch 0091 [Test seq (cond on sampled tp)] | Loss 274699.062500 | RMSE 479.366172 | RMSE 256.291894 | MAPE: 7.858944 | Likelihood -307166.656250 | KL fp 2.5602 | FP STD 0.0857|
KL coef: 0.0
Epoch 0092 [Train seq (cond on sampled tp)] | Loss 4450093.340909 | RMSE_NINO 1426.717370  | RMSE 1069.857531 | MAPE: 34.188199 | Likelihood -4597374.909091 | KL fp 1.9365 | FP STD 0.1413|
Epoch 0092 [Test seq (cond on sampled tp)] | Loss 330037.296875 | RMSE 479.662427 | RMSE 240.344636 | MAPE: 6.732604 | Likelihood -364400.265625 | KL fp 2.5605 | FP STD 0.0857|
KL coef: 0.0
Epoch 0093 [Train seq (cond on sampled tp)] | Loss 5025814.954545 | RMSE_NINO 1488.307836  | RMSE 1132.789975 | MAPE: 35.953925 | Likelihood -5219300.500000 | KL fp 1.9364 | FP STD 0.1414|
Epoch 0093 [Test seq (cond on sampled tp)] | Loss 322677.765625 | RMSE 685.784658 | RMSE 329.766717 | MAPE: 10.589860 | Likelihood -400684.406250 | KL fp 2.5608 | FP STD 0.0857|
KL coef: 0.0
Epoch 0094 [Train seq (cond on sampled tp)] | Loss 5540718.136364 | RMSE_NINO 1560.668212  | RMSE 1185.884283 | MAPE: 37.275931 | Likelihood -5712975.454545 | KL fp 1.9349 | FP STD 0.1417|
Epoch 0094 [Test seq (cond on sampled tp)] | Loss 391274.625000 | RMSE 527.875990 | RMSE 359.360924 | MAPE: 10.540700 | Likelihood -446471.093750 | KL fp 2.5609 | FP STD 0.0857|
KL coef: 0.0
Epoch 0095 [Train seq (cond on sampled tp)] | Loss 6102910.090909 | RMSE_NINO 1704.790671  | RMSE 1266.275209 | MAPE: 40.200674 | Likelihood -6297539.318182 | KL fp 1.9326 | FP STD 0.1417|
Epoch 0095 [Test seq (cond on sampled tp)] | Loss 482635.546875 | RMSE 582.077043 | RMSE 566.369022 | MAPE: 16.397633 | Likelihood -520453.093750 | KL fp 2.5611 | FP STD 0.0857|
KL coef: 0.0
Epoch 0096 [Train seq (cond on sampled tp)] | Loss 6723139.727273 | RMSE_NINO 1679.111202  | RMSE 1326.043246 | MAPE: 41.411196 | Likelihood -6930912.681818 | KL fp 1.9364 | FP STD 0.1416|
Epoch 0096 [Test seq (cond on sampled tp)] | Loss 470861.921875 | RMSE 535.870554 | RMSE 366.712102 | MAPE: 10.392008 | Likelihood -512249.171875 | KL fp 2.5613 | FP STD 0.0857|
KL coef: 0.0
Epoch 0097 [Train seq (cond on sampled tp)] | Loss 7354666.590909 | RMSE_NINO 1803.221227  | RMSE 1382.260426 | MAPE: 43.608816 | Likelihood -7608425.409091 | KL fp 1.9358 | FP STD 0.1415|
Epoch 0097 [Test seq (cond on sampled tp)] | Loss 466228.765625 | RMSE 515.363116 | RMSE 355.429533 | MAPE: 10.186477 | Likelihood -516891.890625 | KL fp 2.5614 | FP STD 0.0857|
KL coef: 0.0
Epoch 0098 [Train seq (cond on sampled tp)] | Loss 8143075.909091 | RMSE_NINO 1938.235552  | RMSE 1446.786738 | MAPE: 46.942867 | Likelihood -8395195.409091 | KL fp 1.9337 | FP STD 0.1417|
Epoch 0098 [Test seq (cond on sampled tp)] | Loss 489706.687500 | RMSE 508.602996 | RMSE 449.937277 | MAPE: 12.538173 | Likelihood -594440.281250 | KL fp 2.5614 | FP STD 0.0857|
KL coef: 0.0
Epoch 0099 [Train seq (cond on sampled tp)] | Loss 8924303.727273 | RMSE_NINO 2005.020456  | RMSE 1519.862085 | MAPE: 48.845327 | Likelihood -9200527.272727 | KL fp 1.9339 | FP STD 0.1416|
Epoch 0099 [Test seq (cond on sampled tp)] | Loss 539896.234375 | RMSE 499.138303 | RMSE 360.769289 | MAPE: 10.016332 | Likelihood -634473.937500 | KL fp 2.5615 | FP STD 0.0857|
KL coef: 0.0
Epoch 0100 [Train seq (cond on sampled tp)] | Loss 9638959.727273 | RMSE_NINO 2069.052609  | RMSE 1570.947360 | MAPE: 50.615102 | Likelihood -9972270.909091 | KL fp 1.9354 | FP STD 0.1416|
Epoch 0100 [Test seq (cond on sampled tp)] | Loss 559549.859375 | RMSE 666.508489 | RMSE 285.785588 | MAPE: 8.577425 | Likelihood -721389.218750 | KL fp 2.5619 | FP STD 0.0857|
KL coef: 0.0
Epoch 0101 [Train seq (cond on sampled tp)] | Loss 10635839.272727 | RMSE_NINO 2227.978438  | RMSE 1642.414001 | MAPE: 53.192763 | Likelihood -11001945.272727 | KL fp 1.9350 | FP STD 0.1415|
Epoch 0101 [Test seq (cond on sampled tp)] | Loss 773461.656250 | RMSE 716.487516 | RMSE 503.870285 | MAPE: 15.029682 | Likelihood -822660.125000 | KL fp 2.5617 | FP STD 0.0856|
KL coef: 0.0
Epoch 0102 [Train seq (cond on sampled tp)] | Loss 11350579.090909 | RMSE_NINO 2175.805580  | RMSE 1728.941785 | MAPE: 53.358859 | Likelihood -11809837.454545 | KL fp 1.9395 | FP STD 0.1412|
Epoch 0102 [Test seq (cond on sampled tp)] | Loss 767721.531250 | RMSE 580.744768 | RMSE 586.374455 | MAPE: 16.048596 | Likelihood -863515.843750 | KL fp 2.5617 | FP STD 0.0856|
KL coef: 0.0
Epoch 0103 [Train seq (cond on sampled tp)] | Loss 12558293.454545 | RMSE_NINO 2421.004051  | RMSE 1797.176433 | MAPE: 59.404543 | Likelihood -13057730.000000 | KL fp 1.9348 | FP STD 0.1415|
Epoch 0103 [Test seq (cond on sampled tp)] | Loss 724925.187500 | RMSE 592.555472 | RMSE 478.201935 | MAPE: 13.234602 | Likelihood -909112.625000 | KL fp 2.5619 | FP STD 0.0856|
KL coef: 0.0
Epoch 0104 [Train seq (cond on sampled tp)] | Loss 13637872.363636 | RMSE_NINO 2520.058138  | RMSE 1873.944224 | MAPE: 60.298280 | Likelihood -13967903.363636 | KL fp 1.9352 | FP STD 0.1414|
Epoch 0104 [Test seq (cond on sampled tp)] | Loss 955598.000000 | RMSE 973.356077 | RMSE 548.864546 | MAPE: 17.858509 | Likelihood -1124653.687500 | KL fp 2.5619 | FP STD 0.0856|
KL coef: 0.0
Epoch 0105 [Train seq (cond on sampled tp)] | Loss 14575018.545455 | RMSE_NINO 2541.309496  | RMSE 1920.855659 | MAPE: 62.233587 | Likelihood -15036845.727273 | KL fp 1.9352 | FP STD 0.1414|
Epoch 0105 [Test seq (cond on sampled tp)] | Loss 924999.437500 | RMSE 847.676202 | RMSE 488.387619 | MAPE: 15.306877 | Likelihood -1150525.062500 | KL fp 2.5620 | FP STD 0.0856|
KL coef: 0.0
Epoch 0106 [Train seq (cond on sampled tp)] | Loss 15587906.818182 | RMSE_NINO 2630.979651  | RMSE 2009.828984 | MAPE: 63.723938 | Likelihood -16167059.909091 | KL fp 1.9393 | FP STD 0.1412|
Epoch 0106 [Test seq (cond on sampled tp)] | Loss 1136839.062500 | RMSE 774.526408 | RMSE 475.288149 | MAPE: 13.780149 | Likelihood -1209668.625000 | KL fp 2.5618 | FP STD 0.0856|
KL coef: 0.0
Epoch 0107 [Train seq (cond on sampled tp)] | Loss 16539251.454545 | RMSE_NINO 2712.235040  | RMSE 2080.599663 | MAPE: 65.883882 | Likelihood -17102595.545455 | KL fp 1.9378 | FP STD 0.1413|
Epoch 0107 [Test seq (cond on sampled tp)] | Loss 1016581.187500 | RMSE 792.698898 | RMSE 426.453871 | MAPE: 11.772224 | Likelihood -1273556.937500 | KL fp 2.5618 | FP STD 0.0856|
KL coef: 0.0
Epoch 0108 [Train seq (cond on sampled tp)] | Loss 17761143.545455 | RMSE_NINO 2812.830520  | RMSE 2156.116416 | MAPE: 68.484336 | Likelihood -18683608.363636 | KL fp 1.9352 | FP STD 0.1413|
Epoch 0108 [Test seq (cond on sampled tp)] | Loss 1226505.937500 | RMSE 898.370105 | RMSE 679.220743 | MAPE: 19.747951 | Likelihood -1471827.312500 | KL fp 2.5619 | FP STD 0.0856|
KL coef: 0.0
Epoch 0109 [Train seq (cond on sampled tp)] | Loss 19293048.909091 | RMSE_NINO 2940.552284  | RMSE 2225.019559 | MAPE: 71.563899 | Likelihood -20133281.272727 | KL fp 1.9389 | FP STD 0.1413|
Epoch 0109 [Test seq (cond on sampled tp)] | Loss 1162644.000000 | RMSE 1060.857333 | RMSE 486.560080 | MAPE: 15.519319 | Likelihood -1349572.562500 | KL fp 2.5621 | FP STD 0.0856|
KL coef: 0.0
Epoch 0110 [Train seq (cond on sampled tp)] | Loss 20941884.545455 | RMSE_NINO 2977.653933  | RMSE 2322.068803 | MAPE: 72.115876 | Likelihood -21504438.363636 | KL fp 1.9341 | FP STD 0.1416|
Epoch 0110 [Test seq (cond on sampled tp)] | Loss 1352239.562500 | RMSE 905.761339 | RMSE 541.924380 | MAPE: 15.386427 | Likelihood -1490694.937500 | KL fp 2.5620 | FP STD 0.0856|
KL coef: 0.0
Epoch 0111 [Train seq (cond on sampled tp)] | Loss 22456929.090909 | RMSE_NINO 3196.254245  | RMSE 2412.935933 | MAPE: 76.510530 | Likelihood -23249423.818182 | KL fp 1.9366 | FP STD 0.1414|
Epoch 0111 [Test seq (cond on sampled tp)] | Loss 1428045.312500 | RMSE 1041.032920 | RMSE 815.991051 | MAPE: 24.346946 | Likelihood -1635053.875000 | KL fp 2.5618 | FP STD 0.0856|
KL coef: 0.0
Epoch 0112 [Train seq (cond on sampled tp)] | Loss 24125455.818182 | RMSE_NINO 3319.759808  | RMSE 2486.157103 | MAPE: 79.354138 | Likelihood -25066708.181818 | KL fp 1.9355 | FP STD 0.1416|
Epoch 0112 [Test seq (cond on sampled tp)] | Loss 1414639.625000 | RMSE 882.727447 | RMSE 715.806657 | MAPE: 20.795798 | Likelihood -1745003.375000 | KL fp 2.5619 | FP STD 0.0856|
KL coef: 0.0
Epoch 0113 [Train seq (cond on sampled tp)] | Loss 25347125.090909 | RMSE_NINO 3377.322601  | RMSE 2555.357718 | MAPE: 82.047155 | Likelihood -26278330.545455 | KL fp 1.9373 | FP STD 0.1414|
Epoch 0113 [Test seq (cond on sampled tp)] | Loss 1386636.875000 | RMSE 945.737431 | RMSE 489.187032 | MAPE: 15.629092 | Likelihood -1691472.375000 | KL fp 2.5618 | FP STD 0.0856|
KL coef: 0.0
Epoch 0114 [Train seq (cond on sampled tp)] | Loss 27635297.454545 | RMSE_NINO 3523.456659  | RMSE 2675.132071 | MAPE: 85.692739 | Likelihood -28222686.545455 | KL fp 1.9366 | FP STD 0.1412|
Epoch 0114 [Test seq (cond on sampled tp)] | Loss 1835455.062500 | RMSE 935.723076 | RMSE 520.039433 | MAPE: 14.568543 | Likelihood -2007994.687500 | KL fp 2.5620 | FP STD 0.0856|
KL coef: 0.0
Epoch 0115 [Train seq (cond on sampled tp)] | Loss 29482615.636364 | RMSE_NINO 3642.434112  | RMSE 2752.379652 | MAPE: 88.407948 | Likelihood -30436884.727273 | KL fp 1.9391 | FP STD 0.1413|
Epoch 0115 [Test seq (cond on sampled tp)] | Loss 2027435.000000 | RMSE 915.925257 | RMSE 745.359752 | MAPE: 20.852690 | Likelihood -2229469.125000 | KL fp 2.5621 | FP STD 0.0856|
KL coef: 0.0
