/local2/fredxu/Ocean_TimeSeries_Graph/src/run_pgode.py
run_pgode.py --input_file=../data/sst_pcs.mat --dataset=sst_pcs.mat --save_name=pgode_sst
Namespace(n_balls=20, niters=50, lr=0.0005, batch_size=256, save='experiments/', save_graph='plot/', load=None, random_seed=1, data='spring', z0_encoder='GTrans', latents=16, latents_global=4, rec_dims=64, ode_dims=128, rec_layers=2, n_heads=1, gen_layers=1, extrap='False', dropout=0.2, sample_percent_train=1.0, sample_percent_test=1.0, augment_dim=64, edge_types=2, odenet='NRI', solver='rk4', l2=0.001, optimizer='AdamW', clip=10, cutting_edge=True, condition_num=12, extrap_num=12, rec_attention='attention', alias='run', moe_level='node_level', expert_num=5, use_bn=0, num_sys_paras=4, MI_coef=0.01, save_traj=0, disen_coef=0.01, gate_use_global=1, wo_local=0, cond_len=12, pred_len=24, test=0, patience=50, save_name='pgode_sst', input_file='../data/sst_pcs.mat', eval_criterion='all', train_loss='all', dataset='sst_pcs.mat', single_target=False, fourier_coeff=0.0, period=12, feature_set=1, total_ode_step=24, total_ode_step_train=24, mode='interp', std=0.26557302086981666)
run
cost_time: 229.689195 s
Experiment 89168
Epoch 0001 [Train seq (cond on sampled tp)] | Loss 1976.677612 | Loss_disen -0.0022 | MSE 0.397803 | Likelihood -1989.015706 | KL fp 1.0806 | FP STD 0.4918| | RMSE 12.037292 | MAPE -0.124044 | 
Epoch 0001 [Test seq (cond on sampled tp)] | Loss 882.376160 | MSE 0.178040 | Likelihood -890.198242 | KL fp 1.4519 | FP STD 0.4531| | RMSE 8.085203 | MAPE -0.247364 | 
KL coef: 0.0
Epoch 0001 [Test seq (cond on sampled tp)] | Best mse 8.085203|
cost_time: 219.512957 s
Experiment 89168
Epoch 0002 [Train seq (cond on sampled tp)] | Loss 767.590515 | Loss_disen -0.0037 | MSE 0.154654 | Likelihood -773.271688 | KL fp 1.1662 | FP STD 0.4765| | RMSE 7.077627 | MAPE -0.134278 | 
Epoch 0002 [Test seq (cond on sampled tp)] | Loss 607.865479 | MSE 0.121911 | Likelihood -609.554382 | KL fp 1.5220 | FP STD 0.4308| | RMSE 6.621341 | MAPE 0.029726 | 
KL coef: 0.0
Epoch 0002 [Test seq (cond on sampled tp)] | Best mse 6.621341|
cost_time: 234.091654 s
Experiment 89168
Epoch 0003 [Train seq (cond on sampled tp)] | Loss 553.156209 | Loss_disen -0.0045 | MSE 0.111129 | Likelihood -555.643270 | KL fp 1.2904 | FP STD 0.4519| | RMSE 6.113685 | MAPE -0.228999 | 
Epoch 0003 [Test seq (cond on sampled tp)] | Loss 454.140137 | MSE 0.091148 | Likelihood -455.739502 | KL fp 1.4723 | FP STD 0.4220| | RMSE 5.926994 | MAPE -0.011575 | 
KL coef: 0.0
Epoch 0003 [Test seq (cond on sampled tp)] | Best mse 5.926994|
