/local2/fredxu/Ocean_TimeSeries_Graph/src/run_lgode.py
run_lgode.py --feature_set=1 --save_name=cat1
Namespace(n_balls=4, niters=100000, lr=5e-05, batch_size=64, save='experiments/', load=None, random_seed=1991, data='ocean', z0_encoder='GTrans', latents=32, rec_dims=64, ode_dims=128, rec_layers=2, n_heads=1, gen_layers=1, extrap='True', dropout=0.2, sample_percent_train=1, sample_percent_test=1, augment_dim=64, edge_types=2, odenet='NRI', solver='rk4', l2=0.0001, optimizer='AdamW', clip=10, cutting_edge=True, extrap_num=40, rec_attention='attention', cond_len=12, pred_len=24, test=0, patience=100, save_name='cat1', input_file='../data/ocean_timeseries.csv', eval_criterion='all', train_loss='all', feature_set=1, dataset='../data/ocean_timeseries.csv', total_ode_step=73, suffix='', mode='extrap', std=0.1577647657182722)
Epoch 0001 [Train seq (cond on sampled tp)] | Loss 62.883472 | RMSE_NINO 4.412344  | RMSE 4.530865 | MAPE: 0.123241 | Likelihood -68.393606 | KL fp 0.8076 | FP STD 0.4628|
Epoch 0001 [Test seq (cond on sampled tp)] | Loss 41.114832 | RMSE 3.012644 | RMSE 2.664167 | MAPE: 0.085021 | Likelihood -43.097012 | KL fp 1.0386 | FP STD 0.3544|
KL coef: 0.0
Epoch 0001 [Test seq (cond on sampled tp)] | Best mse 2.664167|
Epoch 0002 [Train seq (cond on sampled tp)] | Loss 28.530155 | RMSE_NINO 2.449632  | RMSE 2.568492 | MAPE: 0.068742 | Likelihood -30.773350 | KL fp 0.8284 | FP STD 0.4621|
Epoch 0002 [Test seq (cond on sampled tp)] | Loss 20.690109 | RMSE 2.493888 | RMSE 2.311525 | MAPE: 0.067823 | Likelihood -21.912384 | KL fp 1.0368 | FP STD 0.3544|
KL coef: 0.0
Epoch 0002 [Test seq (cond on sampled tp)] | Best mse 2.311525|
Epoch 0003 [Train seq (cond on sampled tp)] | Loss 16.973249 | RMSE_NINO 1.937782  | RMSE 2.034998 | MAPE: 0.054819 | Likelihood -18.613857 | KL fp 0.8623 | FP STD 0.4549|
Epoch 0003 [Test seq (cond on sampled tp)] | Loss 12.064990 | RMSE 1.752331 | RMSE 1.754460 | MAPE: 0.050389 | Likelihood -13.383554 | KL fp 1.0770 | FP STD 0.3498|
KL coef: 0.0
Epoch 0003 [Test seq (cond on sampled tp)] | Best mse 1.754460|
Epoch 0004 [Train seq (cond on sampled tp)] | Loss 11.801815 | RMSE_NINO 1.627798  | RMSE 1.749134 | MAPE: 0.046989 | Likelihood -13.077013 | KL fp 0.8967 | FP STD 0.4516|
Epoch 0004 [Test seq (cond on sampled tp)] | Loss 7.806585 | RMSE 1.355845 | RMSE 1.551592 | MAPE: 0.039673 | Likelihood -9.255536 | KL fp 1.0923 | FP STD 0.3511|
KL coef: 0.0
Epoch 0004 [Test seq (cond on sampled tp)] | Best mse 1.551592|
Epoch 0005 [Train seq (cond on sampled tp)] | Loss 8.385935 | RMSE_NINO 1.495686  | RMSE 1.580331 | MAPE: 0.043083 | Likelihood -9.642460 | KL fp 0.9366 | FP STD 0.4426|
Epoch 0005 [Test seq (cond on sampled tp)] | Loss 5.321744 | RMSE 1.367500 | RMSE 1.434588 | MAPE: 0.040418 | Likelihood -6.452831 | KL fp 1.1221 | FP STD 0.3411|
KL coef: 0.0
Epoch 0005 [Test seq (cond on sampled tp)] | Best mse 1.434588|
Epoch 0006 [Train seq (cond on sampled tp)] | Loss 6.167943 | RMSE_NINO 1.284871  | RMSE 1.430383 | MAPE: 0.037855 | Likelihood -7.337484 | KL fp 0.9872 | FP STD 0.4269|
Epoch 0006 [Test seq (cond on sampled tp)] | Loss 3.634096 | RMSE 1.126735 | RMSE 1.290593 | MAPE: 0.033442 | Likelihood -4.765390 | KL fp 1.1826 | FP STD 0.3246|
KL coef: 0.0
Epoch 0006 [Test seq (cond on sampled tp)] | Best mse 1.290593|
Epoch 0007 [Train seq (cond on sampled tp)] | Loss 4.677293 | RMSE_NINO 1.222201  | RMSE 1.332752 | MAPE: 0.035963 | Likelihood -5.814574 | KL fp 1.0495 | FP STD 0.4023|
Epoch 0007 [Test seq (cond on sampled tp)] | Loss 2.460564 | RMSE 1.076928 | RMSE 1.192111 | MAPE: 0.032444 | Likelihood -3.560912 | KL fp 1.2811 | FP STD 0.2991|
KL coef: 0.0
Epoch 0007 [Test seq (cond on sampled tp)] | Best mse 1.192111|
Epoch 0008 [Train seq (cond on sampled tp)] | Loss 3.694773 | RMSE_NINO 1.153550  | RMSE 1.280465 | MAPE: 0.034311 | Likelihood -4.819577 | KL fp 1.1165 | FP STD 0.3766|
Epoch 0008 [Test seq (cond on sampled tp)] | Loss 1.879700 | RMSE 1.013242 | RMSE 1.154836 | MAPE: 0.030842 | Likelihood -2.980093 | KL fp 1.4147 | FP STD 0.2753|
KL coef: 0.0
Epoch 0008 [Test seq (cond on sampled tp)] | Best mse 1.154836|
Epoch 0009 [Train seq (cond on sampled tp)] | Loss 3.039112 | RMSE_NINO 1.110182  | RMSE 1.236757 | MAPE: 0.033035 | Likelihood -4.148592 | KL fp 1.1815 | FP STD 0.3515|
Epoch 0009 [Test seq (cond on sampled tp)] | Loss 1.400691 | RMSE 0.963993 | RMSE 1.122147 | MAPE: 0.029443 | Likelihood -2.507934 | KL fp 1.4913 | FP STD 0.2520|
KL coef: 0.0
Epoch 0009 [Test seq (cond on sampled tp)] | Best mse 1.122147|
Epoch 0010 [Train seq (cond on sampled tp)] | Loss 2.670533 | RMSE_NINO 1.096995  | RMSE 1.214780 | MAPE: 0.032950 | Likelihood -3.786541 | KL fp 1.2397 | FP STD 0.3281|
Epoch 0010 [Test seq (cond on sampled tp)] | Loss 1.280766 | RMSE 0.985831 | RMSE 1.116047 | MAPE: 0.030126 | Likelihood -2.381949 | KL fp 1.5505 | FP STD 0.2305|
KL coef: 0.0
Epoch 0010 [Test seq (cond on sampled tp)] | Best mse 1.116047|
Epoch 0011 [Train seq (cond on sampled tp)] | Loss 2.477771 | RMSE_NINO 1.079221  | RMSE 1.192788 | MAPE: 0.032408 | Likelihood -3.585795 | KL fp 1.2951 | FP STD 0.3055|
Epoch 0011 [Test seq (cond on sampled tp)] | Loss 1.171573 | RMSE 0.972368 | RMSE 1.107729 | MAPE: 0.029728 | Likelihood -2.270519 | KL fp 1.6442 | FP STD 0.2084|
KL coef: 0.0
Epoch 0011 [Test seq (cond on sampled tp)] | Best mse 1.107729|
Epoch 0012 [Train seq (cond on sampled tp)] | Loss 2.245530 | RMSE_NINO 1.046291  | RMSE 1.172331 | MAPE: 0.031410 | Likelihood -3.356419 | KL fp 1.3596 | FP STD 0.2839|
Epoch 0012 [Test seq (cond on sampled tp)] | Loss 1.189463 | RMSE 0.981794 | RMSE 1.119215 | MAPE: 0.030105 | Likelihood -2.288557 | KL fp 1.7259 | FP STD 0.1912|
KL coef: 0.0
Epoch 0013 [Train seq (cond on sampled tp)] | Loss 2.217466 | RMSE_NINO 1.061820  | RMSE 1.176480 | MAPE: 0.032026 | Likelihood -3.326183 | KL fp 1.3983 | FP STD 0.2707|
Epoch 0013 [Test seq (cond on sampled tp)] | Loss 1.158587 | RMSE 0.967700 | RMSE 1.111775 | MAPE: 0.029653 | Likelihood -2.257938 | KL fp 1.7701 | FP STD 0.1800|
KL coef: 0.0
Epoch 0014 [Train seq (cond on sampled tp)] | Loss 2.166448 | RMSE_NINO 1.063234  | RMSE 1.170295 | MAPE: 0.031871 | Likelihood -3.269627 | KL fp 1.4322 | FP STD 0.2578|
Epoch 0014 [Test seq (cond on sampled tp)] | Loss 1.049294 | RMSE 0.953139 | RMSE 1.105092 | MAPE: 0.029378 | Likelihood -2.149042 | KL fp 1.8201 | FP STD 0.1704|
KL coef: 0.0
Epoch 0014 [Test seq (cond on sampled tp)] | Best mse 1.105092|
Epoch 0015 [Train seq (cond on sampled tp)] | Loss 2.029103 | RMSE_NINO 1.045119  | RMSE 1.161956 | MAPE: 0.031426 | Likelihood -3.133408 | KL fp 1.4756 | FP STD 0.2462|
Epoch 0015 [Test seq (cond on sampled tp)] | Loss 0.890285 | RMSE 0.934383 | RMSE 1.084029 | MAPE: 0.028770 | Likelihood -1.989282 | KL fp 1.8607 | FP STD 0.1621|
KL coef: 0.0
Epoch 0015 [Test seq (cond on sampled tp)] | Best mse 1.084029|
Epoch 0016 [Train seq (cond on sampled tp)] | Loss 2.024892 | RMSE_NINO 1.019504  | RMSE 1.167376 | MAPE: 0.030926 | Likelihood -3.127739 | KL fp 1.5095 | FP STD 0.2357|
Epoch 0016 [Test seq (cond on sampled tp)] | Loss 1.091288 | RMSE 0.985955 | RMSE 1.112579 | MAPE: 0.030276 | Likelihood -2.191026 | KL fp 1.8898 | FP STD 0.1528|
KL coef: 0.0
Epoch 0017 [Train seq (cond on sampled tp)] | Loss 1.918779 | RMSE_NINO 1.031750  | RMSE 1.149433 | MAPE: 0.031324 | Likelihood -3.021206 | KL fp 1.5531 | FP STD 0.2239|
Epoch 0017 [Test seq (cond on sampled tp)] | Loss 1.211054 | RMSE 0.999336 | RMSE 1.136303 | MAPE: 0.030750 | Likelihood -2.310045 | KL fp 1.9168 | FP STD 0.1455|
KL coef: 0.0
Epoch 0018 [Train seq (cond on sampled tp)] | Loss 1.968244 | RMSE_NINO 1.060431  | RMSE 1.174869 | MAPE: 0.031734 | Likelihood -3.074718 | KL fp 1.5791 | FP STD 0.2170|
Epoch 0018 [Test seq (cond on sampled tp)] | Loss 0.940453 | RMSE 0.960606 | RMSE 1.093846 | MAPE: 0.029574 | Likelihood -2.040792 | KL fp 1.9444 | FP STD 0.1409|
KL coef: 0.0
Epoch 0019 [Train seq (cond on sampled tp)] | Loss 1.931926 | RMSE_NINO 1.046373  | RMSE 1.157926 | MAPE: 0.031405 | Likelihood -3.034516 | KL fp 1.6104 | FP STD 0.2090|
Epoch 0019 [Test seq (cond on sampled tp)] | Loss 0.828918 | RMSE 0.915926 | RMSE 1.078086 | MAPE: 0.028397 | Likelihood -1.927660 | KL fp 1.9746 | FP STD 0.1358|
KL coef: 0.0
Epoch 0019 [Test seq (cond on sampled tp)] | Best mse 1.078086|
Epoch 0020 [Train seq (cond on sampled tp)] | Loss 1.835562 | RMSE_NINO 1.024982  | RMSE 1.155416 | MAPE: 0.030890 | Likelihood -2.939759 | KL fp 1.6349 | FP STD 0.2036|
Epoch 0020 [Test seq (cond on sampled tp)] | Loss 0.972467 | RMSE 0.962504 | RMSE 1.097455 | MAPE: 0.029529 | Likelihood -2.071592 | KL fp 2.0077 | FP STD 0.1304|
KL coef: 0.0
Epoch 0021 [Train seq (cond on sampled tp)] | Loss 1.814531 | RMSE_NINO 1.025067  | RMSE 1.147399 | MAPE: 0.031102 | Likelihood -2.916723 | KL fp 1.6729 | FP STD 0.1955|
Epoch 0021 [Test seq (cond on sampled tp)] | Loss 1.271516 | RMSE 1.023155 | RMSE 1.151069 | MAPE: 0.031370 | Likelihood -2.371327 | KL fp 2.0644 | FP STD 0.1232|
KL coef: 0.0
Epoch 0022 [Train seq (cond on sampled tp)] | Loss 1.811732 | RMSE_NINO 1.024136  | RMSE 1.153290 | MAPE: 0.030866 | Likelihood -2.914662 | KL fp 1.7168 | FP STD 0.1870|
Epoch 0022 [Test seq (cond on sampled tp)] | Loss 0.982161 | RMSE 0.958294 | RMSE 1.101445 | MAPE: 0.029551 | Likelihood -2.081498 | KL fp 2.1122 | FP STD 0.1181|
KL coef: 0.0
Epoch 0023 [Train seq (cond on sampled tp)] | Loss 1.741889 | RMSE_NINO 1.009769  | RMSE 1.141302 | MAPE: 0.030590 | Likelihood -2.845201 | KL fp 1.7513 | FP STD 0.1802|
Epoch 0023 [Test seq (cond on sampled tp)] | Loss 0.908433 | RMSE 0.949711 | RMSE 1.088712 | MAPE: 0.029410 | Likelihood -2.007151 | KL fp 2.1568 | FP STD 0.1135|
KL coef: 0.0
Epoch 0024 [Train seq (cond on sampled tp)] | Loss 1.693618 | RMSE_NINO 1.013165  | RMSE 1.136640 | MAPE: 0.030770 | Likelihood -2.794870 | KL fp 1.7703 | FP STD 0.1757|
Epoch 0024 [Test seq (cond on sampled tp)] | Loss 1.137915 | RMSE 1.000274 | RMSE 1.126598 | MAPE: 0.030678 | Likelihood -2.237052 | KL fp 2.1958 | FP STD 0.1100|
KL coef: 0.0
Epoch 0025 [Train seq (cond on sampled tp)] | Loss 1.682388 | RMSE_NINO 1.000120  | RMSE 1.135630 | MAPE: 0.030458 | Likelihood -2.785278 | KL fp 1.8009 | FP STD 0.1708|
Epoch 0025 [Test seq (cond on sampled tp)] | Loss 1.467810 | RMSE 1.071695 | RMSE 1.187045 | MAPE: 0.032510 | Likelihood -2.566816 | KL fp 2.2328 | FP STD 0.1064|
KL coef: 0.0
Epoch 0026 [Train seq (cond on sampled tp)] | Loss 1.714748 | RMSE_NINO 1.017995  | RMSE 1.144800 | MAPE: 0.030624 | Likelihood -2.816724 | KL fp 1.8302 | FP STD 0.1659|
Epoch 0026 [Test seq (cond on sampled tp)] | Loss 1.500623 | RMSE 1.081254 | RMSE 1.195271 | MAPE: 0.032808 | Likelihood -2.600514 | KL fp 2.2581 | FP STD 0.1040|
KL coef: 0.0
Epoch 0027 [Train seq (cond on sampled tp)] | Loss 1.691239 | RMSE_NINO 1.004039  | RMSE 1.140893 | MAPE: 0.030337 | Likelihood -2.795571 | KL fp 1.8511 | FP STD 0.1625|
Epoch 0027 [Test seq (cond on sampled tp)] | Loss 1.346170 | RMSE 1.043702 | RMSE 1.166579 | MAPE: 0.031960 | Likelihood -2.444999 | KL fp 2.2863 | FP STD 0.1015|
KL coef: 0.0
Epoch 0028 [Train seq (cond on sampled tp)] | Loss 1.684401 | RMSE_NINO 1.013118  | RMSE 1.143941 | MAPE: 0.030614 | Likelihood -2.785729 | KL fp 1.8774 | FP STD 0.1589|
Epoch 0028 [Test seq (cond on sampled tp)] | Loss 1.242491 | RMSE 1.027149 | RMSE 1.151245 | MAPE: 0.031522 | Likelihood -2.341456 | KL fp 2.3176 | FP STD 0.0991|
KL coef: 0.0
Epoch 0029 [Train seq (cond on sampled tp)] | Loss 1.619629 | RMSE_NINO 0.995388  | RMSE 1.129948 | MAPE: 0.030146 | Likelihood -2.721671 | KL fp 1.8895 | FP STD 0.1559|
Epoch 0029 [Test seq (cond on sampled tp)] | Loss 1.661947 | RMSE 1.127298 | RMSE 1.226790 | MAPE: 0.033969 | Likelihood -2.762224 | KL fp 2.3405 | FP STD 0.0970|
KL coef: 0.0
Epoch 0030 [Train seq (cond on sampled tp)] | Loss 1.694860 | RMSE_NINO 1.005019  | RMSE 1.155227 | MAPE: 0.030433 | Likelihood -2.795869 | KL fp 1.9075 | FP STD 0.1526|
Epoch 0030 [Test seq (cond on sampled tp)] | Loss 1.288299 | RMSE 1.026657 | RMSE 1.155678 | MAPE: 0.031373 | Likelihood -2.387761 | KL fp 2.3649 | FP STD 0.0952|
KL coef: 0.0
Epoch 0031 [Train seq (cond on sampled tp)] | Loss 1.644786 | RMSE_NINO 1.017967  | RMSE 1.137820 | MAPE: 0.030484 | Likelihood -2.746594 | KL fp 1.9292 | FP STD 0.1490|
Epoch 0031 [Test seq (cond on sampled tp)] | Loss 0.988858 | RMSE 0.972675 | RMSE 1.105218 | MAPE: 0.029974 | Likelihood -2.087577 | KL fp 2.3880 | FP STD 0.0936|
KL coef: 0.0
Epoch 0032 [Train seq (cond on sampled tp)] | Loss 1.622812 | RMSE_NINO 1.000838  | RMSE 1.133446 | MAPE: 0.030441 | Likelihood -2.723850 | KL fp 1.9440 | FP STD 0.1467|
Epoch 0032 [Test seq (cond on sampled tp)] | Loss 1.055615 | RMSE 0.977533 | RMSE 1.113920 | MAPE: 0.029946 | Likelihood -2.154634 | KL fp 2.4063 | FP STD 0.0926|
KL coef: 0.0
Epoch 0033 [Train seq (cond on sampled tp)] | Loss 1.598629 | RMSE_NINO 0.986035  | RMSE 1.125566 | MAPE: 0.029929 | Likelihood -2.700199 | KL fp 1.9612 | FP STD 0.1448|
Epoch 0033 [Test seq (cond on sampled tp)] | Loss 0.963058 | RMSE 0.962953 | RMSE 1.106411 | MAPE: 0.029890 | Likelihood -2.061763 | KL fp 2.4198 | FP STD 0.0918|
KL coef: 0.0
Epoch 0034 [Train seq (cond on sampled tp)] | Loss 1.685441 | RMSE_NINO 1.009737  | RMSE 1.151409 | MAPE: 0.030730 | Likelihood -2.789032 | KL fp 1.9705 | FP STD 0.1432|
Epoch 0034 [Test seq (cond on sampled tp)] | Loss 1.410644 | RMSE 1.062210 | RMSE 1.182048 | MAPE: 0.032309 | Likelihood -2.509614 | KL fp 2.4394 | FP STD 0.0903|
KL coef: 0.0
Epoch 0035 [Train seq (cond on sampled tp)] | Loss 1.620751 | RMSE_NINO 0.999471  | RMSE 1.134178 | MAPE: 0.030241 | Likelihood -2.721337 | KL fp 1.9903 | FP STD 0.1408|
Epoch 0035 [Test seq (cond on sampled tp)] | Loss 1.349747 | RMSE 1.058859 | RMSE 1.170565 | MAPE: 0.032064 | Likelihood -2.448921 | KL fp 2.4582 | FP STD 0.0886|
KL coef: 0.0
Epoch 0036 [Train seq (cond on sampled tp)] | Loss 1.612473 | RMSE_NINO 1.003248  | RMSE 1.129103 | MAPE: 0.030394 | Likelihood -2.715045 | KL fp 2.0112 | FP STD 0.1377|
Epoch 0036 [Test seq (cond on sampled tp)] | Loss 1.636066 | RMSE 1.127273 | RMSE 1.224801 | MAPE: 0.033833 | Likelihood -2.734955 | KL fp 2.4799 | FP STD 0.0869|
KL coef: 0.0
Epoch 0037 [Train seq (cond on sampled tp)] | Loss 1.627375 | RMSE_NINO 0.997881  | RMSE 1.135221 | MAPE: 0.030297 | Likelihood -2.728053 | KL fp 2.0300 | FP STD 0.1358|
Epoch 0037 [Test seq (cond on sampled tp)] | Loss 2.134878 | RMSE 1.224375 | RMSE 1.312710 | MAPE: 0.036416 | Likelihood -3.237282 | KL fp 2.5068 | FP STD 0.0862|
KL coef: 0.0
Epoch 0038 [Train seq (cond on sampled tp)] | Loss 1.695283 | RMSE_NINO 1.016697  | RMSE 1.143820 | MAPE: 0.030858 | Likelihood -2.796898 | KL fp 2.0365 | FP STD 0.1348|
Epoch 0038 [Test seq (cond on sampled tp)] | Loss 2.887578 | RMSE 1.375991 | RMSE 1.463127 | MAPE: 0.041044 | Likelihood -3.989366 | KL fp 2.5251 | FP STD 0.0853|
KL coef: 0.0
Epoch 0039 [Train seq (cond on sampled tp)] | Loss 1.809476 | RMSE_NINO 1.050091  | RMSE 1.180056 | MAPE: 0.031431 | Likelihood -2.910798 | KL fp 2.0578 | FP STD 0.1330|
Epoch 0039 [Test seq (cond on sampled tp)] | Loss 1.377796 | RMSE 1.058975 | RMSE 1.176904 | MAPE: 0.032131 | Likelihood -2.476747 | KL fp 2.5368 | FP STD 0.0846|
KL coef: 0.0
Epoch 0040 [Train seq (cond on sampled tp)] | Loss 1.679107 | RMSE_NINO 0.998285  | RMSE 1.135237 | MAPE: 0.030199 | Likelihood -2.779708 | KL fp 2.0734 | FP STD 0.1305|
Epoch 0040 [Test seq (cond on sampled tp)] | Loss 0.872149 | RMSE 0.950691 | RMSE 1.093046 | MAPE: 0.029372 | Likelihood -1.971011 | KL fp 2.5507 | FP STD 0.0840|
KL coef: 0.0
Epoch 0041 [Train seq (cond on sampled tp)] | Loss 1.686978 | RMSE_NINO 0.994047  | RMSE 1.130498 | MAPE: 0.030145 | Likelihood -2.787773 | KL fp 2.0832 | FP STD 0.1296|
Epoch 0041 [Test seq (cond on sampled tp)] | Loss 0.739639 | RMSE 0.907373 | RMSE 1.073205 | MAPE: 0.028439 | Likelihood -1.838410 | KL fp 2.5551 | FP STD 0.0845|
KL coef: 0.0
Epoch 0041 [Test seq (cond on sampled tp)] | Best mse 1.073205|
Epoch 0042 [Train seq (cond on sampled tp)] | Loss 1.733099 | RMSE_NINO 1.005912  | RMSE 1.139220 | MAPE: 0.030491 | Likelihood -2.836700 | KL fp 2.0909 | FP STD 0.1295|
Epoch 0042 [Test seq (cond on sampled tp)] | Loss 0.830438 | RMSE 0.934867 | RMSE 1.086174 | MAPE: 0.029087 | Likelihood -1.929204 | KL fp 2.5620 | FP STD 0.0844|
KL coef: 0.0
Epoch 0043 [Train seq (cond on sampled tp)] | Loss 1.948977 | RMSE_NINO 1.034224  | RMSE 1.163360 | MAPE: 0.031226 | Likelihood -3.051281 | KL fp 2.0979 | FP STD 0.1285|
Epoch 0043 [Test seq (cond on sampled tp)] | Loss 1.532173 | RMSE 1.087074 | RMSE 1.208293 | MAPE: 0.032821 | Likelihood -2.631229 | KL fp 2.5738 | FP STD 0.0837|
KL coef: 0.0
Epoch 0044 [Train seq (cond on sampled tp)] | Loss 1.825952 | RMSE_NINO 1.009311  | RMSE 1.143206 | MAPE: 0.030618 | Likelihood -2.930908 | KL fp 2.1127 | FP STD 0.1273|
Epoch 0044 [Test seq (cond on sampled tp)] | Loss 0.903722 | RMSE 0.953251 | RMSE 1.098412 | MAPE: 0.029718 | Likelihood -2.002862 | KL fp 2.5857 | FP STD 0.0831|
KL coef: 0.0
Epoch 0045 [Train seq (cond on sampled tp)] | Loss 1.851129 | RMSE_NINO 1.012611  | RMSE 1.146168 | MAPE: 0.030753 | Likelihood -2.952258 | KL fp 2.1204 | FP STD 0.1260|
Epoch 0045 [Test seq (cond on sampled tp)] | Loss 0.706441 | RMSE 0.898653 | RMSE 1.067240 | MAPE: 0.028055 | Likelihood -1.805334 | KL fp 2.5952 | FP STD 0.0832|
KL coef: 0.0
Epoch 0045 [Test seq (cond on sampled tp)] | Best mse 1.067240|
Epoch 0046 [Train seq (cond on sampled tp)] | Loss 2.126518 | RMSE_NINO 1.052359  | RMSE 1.181616 | MAPE: 0.031531 | Likelihood -3.230025 | KL fp 2.1275 | FP STD 0.1256|
Epoch 0046 [Test seq (cond on sampled tp)] | Loss 1.407121 | RMSE 1.062516 | RMSE 1.186872 | MAPE: 0.032317 | Likelihood -2.505936 | KL fp 2.6130 | FP STD 0.0827|
KL coef: 0.0
Epoch 0047 [Train seq (cond on sampled tp)] | Loss 2.067977 | RMSE_NINO 1.014989  | RMSE 1.162456 | MAPE: 0.030519 | Likelihood -3.171675 | KL fp 2.1413 | FP STD 0.1246|
Epoch 0047 [Test seq (cond on sampled tp)] | Loss 0.726810 | RMSE 0.914332 | RMSE 1.067949 | MAPE: 0.028443 | Likelihood -1.825726 | KL fp 2.6321 | FP STD 0.0822|
KL coef: 0.0
Epoch 0048 [Train seq (cond on sampled tp)] | Loss 2.253353 | RMSE_NINO 1.041992  | RMSE 1.177675 | MAPE: 0.031407 | Likelihood -3.358515 | KL fp 2.1498 | FP STD 0.1235|
Epoch 0048 [Test seq (cond on sampled tp)] | Loss 0.690274 | RMSE 0.896661 | RMSE 1.067061 | MAPE: 0.027932 | Likelihood -1.788990 | KL fp 2.6609 | FP STD 0.0819|
KL coef: 0.0
Epoch 0048 [Test seq (cond on sampled tp)] | Best mse 1.067061|
Epoch 0049 [Train seq (cond on sampled tp)] | Loss 2.513804 | RMSE_NINO 1.051114  | RMSE 1.187859 | MAPE: 0.031523 | Likelihood -3.618098 | KL fp 2.1519 | FP STD 0.1239|
Epoch 0049 [Test seq (cond on sampled tp)] | Loss 0.730262 | RMSE 0.900489 | RMSE 1.074595 | MAPE: 0.027848 | Likelihood -1.829135 | KL fp 2.6602 | FP STD 0.0829|
KL coef: 0.0
Epoch 0050 [Train seq (cond on sampled tp)] | Loss 3.041483 | RMSE_NINO 1.113513  | RMSE 1.227011 | MAPE: 0.032938 | Likelihood -4.152066 | KL fp 2.1567 | FP STD 0.1239|
Epoch 0050 [Test seq (cond on sampled tp)] | Loss 0.835258 | RMSE 0.931714 | RMSE 1.089577 | MAPE: 0.028618 | Likelihood -1.934205 | KL fp 2.6376 | FP STD 0.0842|
KL coef: 0.0
Epoch 0051 [Train seq (cond on sampled tp)] | Loss 4.051352 | RMSE_NINO 1.164516  | RMSE 1.277820 | MAPE: 0.033998 | Likelihood -5.173931 | KL fp 2.1677 | FP STD 0.1242|
Epoch 0051 [Test seq (cond on sampled tp)] | Loss 1.168830 | RMSE 1.014571 | RMSE 1.172138 | MAPE: 0.030832 | Likelihood -2.268142 | KL fp 2.6103 | FP STD 0.0856|
KL coef: 0.0
Epoch 0052 [Train seq (cond on sampled tp)] | Loss 5.974019 | RMSE_NINO 1.308255  | RMSE 1.382883 | MAPE: 0.037319 | Likelihood -7.112689 | KL fp 2.1629 | FP STD 0.1260|
Epoch 0052 [Test seq (cond on sampled tp)] | Loss 1.325723 | RMSE 1.038046 | RMSE 1.187884 | MAPE: 0.031480 | Likelihood -2.427395 | KL fp 2.5848 | FP STD 0.0887|
KL coef: 0.0
Epoch 0053 [Train seq (cond on sampled tp)] | Loss 9.273206 | RMSE_NINO 1.516778  | RMSE 1.551271 | MAPE: 0.041691 | Likelihood -10.502984 | KL fp 2.1530 | FP STD 0.1284|
Epoch 0053 [Test seq (cond on sampled tp)] | Loss 1.696653 | RMSE 1.100895 | RMSE 1.201609 | MAPE: 0.032074 | Likelihood -2.832279 | KL fp 2.5615 | FP STD 0.0927|
KL coef: 0.0
Epoch 0054 [Train seq (cond on sampled tp)] | Loss 13.895942 | RMSE_NINO 1.742370  | RMSE 1.725333 | MAPE: 0.047241 | Likelihood -15.243250 | KL fp 2.1380 | FP STD 0.1313|
Epoch 0054 [Test seq (cond on sampled tp)] | Loss 1.801028 | RMSE 1.091883 | RMSE 1.219181 | MAPE: 0.032296 | Likelihood -2.905538 | KL fp 2.5154 | FP STD 0.0968|
KL coef: 0.0
Epoch 0055 [Train seq (cond on sampled tp)] | Loss 22.030093 | RMSE_NINO 2.116956  | RMSE 2.036368 | MAPE: 0.055727 | Likelihood -23.581633 | KL fp 2.1182 | FP STD 0.1350|
Epoch 0055 [Test seq (cond on sampled tp)] | Loss 2.662544 | RMSE 1.220404 | RMSE 1.275022 | MAPE: 0.034431 | Likelihood -3.880432 | KL fp 2.4542 | FP STD 0.1024|
KL coef: 0.0
Epoch 0056 [Train seq (cond on sampled tp)] | Loss 33.876209 | RMSE_NINO 2.577302  | RMSE 2.359081 | MAPE: 0.065037 | Likelihood -36.064110 | KL fp 2.0950 | FP STD 0.1395|
Epoch 0056 [Test seq (cond on sampled tp)] | Loss 3.560273 | RMSE 1.307075 | RMSE 1.315893 | MAPE: 0.035448 | Likelihood -5.021879 | KL fp 2.4062 | FP STD 0.1082|
KL coef: 0.0
Epoch 0057 [Train seq (cond on sampled tp)] | Loss 55.789637 | RMSE_NINO 3.041725  | RMSE 2.886756 | MAPE: 0.077354 | Likelihood -58.796783 | KL fp 2.0736 | FP STD 0.1432|
Epoch 0057 [Test seq (cond on sampled tp)] | Loss 6.767564 | RMSE 1.747898 | RMSE 1.886611 | MAPE: 0.052085 | Likelihood -8.140719 | KL fp 2.3388 | FP STD 0.1137|
KL coef: 0.0
Epoch 0058 [Train seq (cond on sampled tp)] | Loss 85.528306 | RMSE_NINO 3.793942  | RMSE 3.512289 | MAPE: 0.093306 | Likelihood -90.000469 | KL fp 2.0508 | FP STD 0.1475|
Epoch 0058 [Test seq (cond on sampled tp)] | Loss 7.810530 | RMSE 1.740224 | RMSE 1.852897 | MAPE: 0.051389 | Likelihood -8.983718 | KL fp 2.2907 | FP STD 0.1184|
KL coef: 0.0
Epoch 0059 [Train seq (cond on sampled tp)] | Loss 131.112158 | RMSE_NINO 4.893232  | RMSE 4.332211 | MAPE: 0.116871 | Likelihood -141.593511 | KL fp 2.0346 | FP STD 0.1508|
Epoch 0059 [Test seq (cond on sampled tp)] | Loss 11.650051 | RMSE 2.003608 | RMSE 1.991128 | MAPE: 0.055296 | Likelihood -14.990600 | KL fp 2.2533 | FP STD 0.1229|
KL coef: 0.0
Epoch 0060 [Train seq (cond on sampled tp)] | Loss 198.951079 | RMSE_NINO 5.730328  | RMSE 5.234394 | MAPE: 0.139116 | Likelihood -210.256946 | KL fp 2.0208 | FP STD 0.1529|
Epoch 0060 [Test seq (cond on sampled tp)] | Loss 10.694147 | RMSE 2.459220 | RMSE 1.821135 | MAPE: 0.052160 | Likelihood -18.424358 | KL fp 2.2256 | FP STD 0.1261|
KL coef: 0.0
Epoch 0061 [Train seq (cond on sampled tp)] | Loss 288.607735 | RMSE_NINO 6.909375  | RMSE 6.262231 | MAPE: 0.167425 | Likelihood -310.833194 | KL fp 2.0083 | FP STD 0.1551|
Epoch 0061 [Test seq (cond on sampled tp)] | Loss 11.657971 | RMSE 1.804058 | RMSE 1.824003 | MAPE: 0.047754 | Likelihood -18.567081 | KL fp 2.2041 | FP STD 0.1283|
KL coef: 0.0
Epoch 0062 [Train seq (cond on sampled tp)] | Loss 418.645150 | RMSE_NINO 8.397466  | RMSE 7.395860 | MAPE: 0.202749 | Likelihood -446.586878 | KL fp 1.9984 | FP STD 0.1571|
Epoch 0062 [Test seq (cond on sampled tp)] | Loss 14.256853 | RMSE 2.256066 | RMSE 1.869458 | MAPE: 0.049439 | Likelihood -31.066765 | KL fp 2.1872 | FP STD 0.1303|
KL coef: 0.0
Epoch 0063 [Train seq (cond on sampled tp)] | Loss 566.087583 | RMSE_NINO 10.113611  | RMSE 8.676344 | MAPE: 0.239237 | Likelihood -606.896287 | KL fp 1.9920 | FP STD 0.1579|
Epoch 0063 [Test seq (cond on sampled tp)] | Loss 25.769227 | RMSE 3.029338 | RMSE 2.423535 | MAPE: 0.068754 | Likelihood -29.998182 | KL fp 2.1788 | FP STD 0.1314|
KL coef: 0.0
Epoch 0064 [Train seq (cond on sampled tp)] | Loss 782.733765 | RMSE_NINO 11.720412  | RMSE 10.109185 | MAPE: 0.273033 | Likelihood -839.564020 | KL fp 1.9860 | FP STD 0.1589|
Epoch 0064 [Test seq (cond on sampled tp)] | Loss 32.866734 | RMSE 3.436776 | RMSE 2.757824 | MAPE: 0.077590 | Likelihood -58.022762 | KL fp 2.1710 | FP STD 0.1324|
KL coef: 0.0
Epoch 0065 [Train seq (cond on sampled tp)] | Loss 1081.358493 | RMSE_NINO 13.685747  | RMSE 11.386753 | MAPE: 0.310643 | Likelihood -1149.269653 | KL fp 1.9869 | FP STD 0.1592|
Epoch 0065 [Test seq (cond on sampled tp)] | Loss 40.342667 | RMSE 3.684974 | RMSE 2.817246 | MAPE: 0.082282 | Likelihood -51.625216 | KL fp 2.1662 | FP STD 0.1328|
KL coef: 0.0
Epoch 0066 [Train seq (cond on sampled tp)] | Loss 1422.326227 | RMSE_NINO 15.346679  | RMSE 13.295309 | MAPE: 0.362265 | Likelihood -1495.826782 | KL fp 1.9834 | FP STD 0.1594|
Epoch 0066 [Test seq (cond on sampled tp)] | Loss 69.229689 | RMSE 3.756139 | RMSE 2.716555 | MAPE: 0.072005 | Likelihood -94.023865 | KL fp 2.1635 | FP STD 0.1328|
KL coef: 0.0
Epoch 0067 [Train seq (cond on sampled tp)] | Loss 1910.347079 | RMSE_NINO 18.243125  | RMSE 15.313760 | MAPE: 0.415627 | Likelihood -2028.141424 | KL fp 1.9760 | FP STD 0.1601|
Epoch 0067 [Test seq (cond on sampled tp)] | Loss 60.758863 | RMSE 4.621382 | RMSE 2.867926 | MAPE: 0.079274 | Likelihood -120.370239 | KL fp 2.1606 | FP STD 0.1330|
KL coef: 0.0
Epoch 0068 [Train seq (cond on sampled tp)] | Loss 2502.769065 | RMSE_NINO 20.476215  | RMSE 17.318453 | MAPE: 0.469892 | Likelihood -2660.498957 | KL fp 1.9841 | FP STD 0.1596|
Epoch 0068 [Test seq (cond on sampled tp)] | Loss 81.062733 | RMSE 5.216882 | RMSE 3.390937 | MAPE: 0.096135 | Likelihood -148.802155 | KL fp 2.1610 | FP STD 0.1327|
KL coef: 0.0
Epoch 0069 [Train seq (cond on sampled tp)] | Loss 3059.581232 | RMSE_NINO 22.242143  | RMSE 19.446292 | MAPE: 0.522378 | Likelihood -3219.715421 | KL fp 1.9854 | FP STD 0.1596|
Epoch 0069 [Test seq (cond on sampled tp)] | Loss 120.416454 | RMSE 5.560117 | RMSE 3.865195 | MAPE: 0.105734 | Likelihood -133.038155 | KL fp 2.1640 | FP STD 0.1323|
KL coef: 0.0
Epoch 0070 [Train seq (cond on sampled tp)] | Loss 3885.396507 | RMSE_NINO 26.078880  | RMSE 21.723904 | MAPE: 0.579759 | Likelihood -4117.415106 | KL fp 1.9820 | FP STD 0.1597|
Epoch 0070 [Test seq (cond on sampled tp)] | Loss 163.883675 | RMSE 6.519669 | RMSE 6.363437 | MAPE: 0.174328 | Likelihood -170.884201 | KL fp 2.1671 | FP STD 0.1320|
KL coef: 0.0
Epoch 0071 [Train seq (cond on sampled tp)] | Loss 4963.701571 | RMSE_NINO 28.511321  | RMSE 24.270297 | MAPE: 0.654490 | Likelihood -5251.630371 | KL fp 1.9897 | FP STD 0.1589|
Epoch 0071 [Test seq (cond on sampled tp)] | Loss 205.689331 | RMSE 6.851420 | RMSE 6.633115 | MAPE: 0.183046 | Likelihood -257.726830 | KL fp 2.1691 | FP STD 0.1318|
KL coef: 0.0
Epoch 0072 [Train seq (cond on sampled tp)] | Loss 6092.147150 | RMSE_NINO 32.053048  | RMSE 27.415470 | MAPE: 0.740966 | Likelihood -6542.551669 | KL fp 1.9874 | FP STD 0.1586|
Epoch 0072 [Test seq (cond on sampled tp)] | Loss 193.034950 | RMSE 5.883397 | RMSE 3.677133 | MAPE: 0.093658 | Likelihood -276.739166 | KL fp 2.1712 | FP STD 0.1314|
KL coef: 0.0
Epoch 0073 [Train seq (cond on sampled tp)] | Loss 7591.550426 | RMSE_NINO 36.282079  | RMSE 29.450954 | MAPE: 0.795754 | Likelihood -8064.909402 | KL fp 1.9856 | FP STD 0.1586|
Epoch 0073 [Test seq (cond on sampled tp)] | Loss 282.370193 | RMSE 9.148630 | RMSE 4.425805 | MAPE: 0.120646 | Likelihood -334.861053 | KL fp 2.1736 | FP STD 0.1309|
KL coef: 0.0
Epoch 0074 [Train seq (cond on sampled tp)] | Loss 9329.245739 | RMSE_NINO 38.948804  | RMSE 32.775455 | MAPE: 0.881742 | Likelihood -9873.757457 | KL fp 1.9990 | FP STD 0.1579|
Epoch 0074 [Test seq (cond on sampled tp)] | Loss 325.790161 | RMSE 8.974963 | RMSE 6.864030 | MAPE: 0.187067 | Likelihood -441.463593 | KL fp 2.1749 | FP STD 0.1306|
KL coef: 0.0
Epoch 0075 [Train seq (cond on sampled tp)] | Loss 11741.054954 | RMSE_NINO 43.291359  | RMSE 36.580211 | MAPE: 0.964187 | Likelihood -12550.263938 | KL fp 1.9861 | FP STD 0.1586|
Epoch 0075 [Test seq (cond on sampled tp)] | Loss 359.306030 | RMSE 8.915614 | RMSE 4.360787 | MAPE: 0.125540 | Likelihood -438.698334 | KL fp 2.1768 | FP STD 0.1304|
KL coef: 0.0
Epoch 0076 [Train seq (cond on sampled tp)] | Loss 13790.110263 | RMSE_NINO 48.538182  | RMSE 40.032198 | MAPE: 1.060925 | Likelihood -14699.803089 | KL fp 1.9944 | FP STD 0.1576|
Epoch 0076 [Test seq (cond on sampled tp)] | Loss 526.704834 | RMSE 11.853936 | RMSE 6.775019 | MAPE: 0.184519 | Likelihood -579.306091 | KL fp 2.1795 | FP STD 0.1300|
KL coef: 0.0
Epoch 0077 [Train seq (cond on sampled tp)] | Loss 17387.943182 | RMSE_NINO 54.545148  | RMSE 44.532659 | MAPE: 1.198717 | Likelihood -18291.817827 | KL fp 2.0030 | FP STD 0.1565|
Epoch 0077 [Test seq (cond on sampled tp)] | Loss 780.776978 | RMSE 15.663987 | RMSE 12.335525 | MAPE: 0.345195 | Likelihood -976.755676 | KL fp 2.1806 | FP STD 0.1296|
KL coef: 0.0
Epoch 0078 [Train seq (cond on sampled tp)] | Loss 21495.142223 | RMSE_NINO 59.807526  | RMSE 49.398614 | MAPE: 1.326062 | Likelihood -22863.087003 | KL fp 1.9963 | FP STD 0.1573|
Epoch 0078 [Test seq (cond on sampled tp)] | Loss 813.643768 | RMSE 15.883888 | RMSE 12.778285 | MAPE: 0.343215 | Likelihood -1134.413025 | KL fp 2.1820 | FP STD 0.1294|
KL coef: 0.0
Epoch 0079 [Train seq (cond on sampled tp)] | Loss 25153.394531 | RMSE_NINO 64.886898  | RMSE 54.511494 | MAPE: 1.444278 | Likelihood -27108.604936 | KL fp 1.9932 | FP STD 0.1573|
Epoch 0079 [Test seq (cond on sampled tp)] | Loss 1086.917419 | RMSE 18.265811 | RMSE 16.763488 | MAPE: 0.461085 | Likelihood -1762.119324 | KL fp 2.1850 | FP STD 0.1291|
KL coef: 0.0
Epoch 0080 [Train seq (cond on sampled tp)] | Loss 31065.601562 | RMSE_NINO 72.593587  | RMSE 58.199235 | MAPE: 1.575413 | Likelihood -32868.867365 | KL fp 1.9921 | FP STD 0.1572|
Epoch 0080 [Test seq (cond on sampled tp)] | Loss 1097.501587 | RMSE 17.742733 | RMSE 8.640733 | MAPE: 0.246824 | Likelihood -1358.329102 | KL fp 2.1877 | FP STD 0.1288|
KL coef: 0.0
Epoch 0081 [Train seq (cond on sampled tp)] | Loss 35384.381570 | RMSE_NINO 79.872020  | RMSE 63.291147 | MAPE: 1.700897 | Likelihood -38313.372869 | KL fp 2.0037 | FP STD 0.1556|
Epoch 0081 [Test seq (cond on sampled tp)] | Loss 1365.539368 | RMSE 18.445741 | RMSE 10.645216 | MAPE: 0.288880 | Likelihood -1494.831726 | KL fp 2.1898 | FP STD 0.1284|
KL coef: 0.0
Epoch 0082 [Train seq (cond on sampled tp)] | Loss 41629.369673 | RMSE_NINO 85.049519  | RMSE 69.934010 | MAPE: 1.875291 | Likelihood -45178.235085 | KL fp 2.0030 | FP STD 0.1560|
Epoch 0082 [Test seq (cond on sampled tp)] | Loss 1601.020447 | RMSE 23.757221 | RMSE 10.140442 | MAPE: 0.289328 | Likelihood -2002.822998 | KL fp 2.1923 | FP STD 0.1282|
KL coef: 0.0
Epoch 0083 [Train seq (cond on sampled tp)] | Loss 49109.725852 | RMSE_NINO 92.006919  | RMSE 75.055027 | MAPE: 2.031136 | Likelihood -53562.370384 | KL fp 2.0063 | FP STD 0.1559|
Epoch 0083 [Test seq (cond on sampled tp)] | Loss 2008.438721 | RMSE 22.674768 | RMSE 19.545143 | MAPE: 0.524790 | Likelihood -2529.329956 | KL fp 2.1942 | FP STD 0.1279|
KL coef: 0.0
Epoch 0084 [Train seq (cond on sampled tp)] | Loss 56927.421165 | RMSE_NINO 98.126382  | RMSE 79.763183 | MAPE: 2.143849 | Likelihood -60333.468395 | KL fp 1.9995 | FP STD 0.1559|
Epoch 0084 [Test seq (cond on sampled tp)] | Loss 2211.678040 | RMSE 23.015184 | RMSE 16.680048 | MAPE: 0.466033 | Likelihood -2310.446777 | KL fp 2.1960 | FP STD 0.1276|
KL coef: 0.0
Epoch 0085 [Train seq (cond on sampled tp)] | Loss 65745.606889 | RMSE_NINO 108.486283  | RMSE 85.197942 | MAPE: 2.327753 | Likelihood -70365.362216 | KL fp 2.0023 | FP STD 0.1554|
Epoch 0085 [Test seq (cond on sampled tp)] | Loss 2548.946533 | RMSE 24.534263 | RMSE 11.178876 | MAPE: 0.288642 | Likelihood -2757.711670 | KL fp 2.1987 | FP STD 0.1273|
KL coef: 0.0
Epoch 0086 [Train seq (cond on sampled tp)] | Loss 79055.842330 | RMSE_NINO 113.881792  | RMSE 92.007477 | MAPE: 2.472861 | Likelihood -84566.571733 | KL fp 2.0058 | FP STD 0.1555|
Epoch 0086 [Test seq (cond on sampled tp)] | Loss 3063.934082 | RMSE 43.675715 | RMSE 25.453030 | MAPE: 0.756575 | Likelihood -5392.365723 | KL fp 2.2009 | FP STD 0.1271|
KL coef: 0.0
Epoch 0087 [Train seq (cond on sampled tp)] | Loss 89831.367898 | RMSE_NINO 119.829201  | RMSE 97.826269 | MAPE: 2.581520 | Likelihood -94207.605114 | KL fp 2.0053 | FP STD 0.1549|
Epoch 0087 [Test seq (cond on sampled tp)] | Loss 3637.737061 | RMSE 28.700600 | RMSE 18.829840 | MAPE: 0.516232 | Likelihood -4951.607422 | KL fp 2.2022 | FP STD 0.1268|
KL coef: 0.0
Epoch 0088 [Train seq (cond on sampled tp)] | Loss 102027.689631 | RMSE_NINO 138.102019  | RMSE 106.648756 | MAPE: 2.895249 | Likelihood -109702.029119 | KL fp 2.0117 | FP STD 0.1545|
Epoch 0088 [Test seq (cond on sampled tp)] | Loss 3955.525269 | RMSE 33.491161 | RMSE 13.886607 | MAPE: 0.373102 | Likelihood -5650.487305 | KL fp 2.2044 | FP STD 0.1265|
KL coef: 0.0
Epoch 0089 [Train seq (cond on sampled tp)] | Loss 119873.355824 | RMSE_NINO 150.610521  | RMSE 114.628460 | MAPE: 3.125749 | Likelihood -128701.306818 | KL fp 2.0178 | FP STD 0.1541|
Epoch 0089 [Test seq (cond on sampled tp)] | Loss 4793.178467 | RMSE 32.233769 | RMSE 14.132142 | MAPE: 0.390291 | Likelihood -5234.116455 | KL fp 2.2069 | FP STD 0.1262|
KL coef: 0.0
Epoch 0090 [Train seq (cond on sampled tp)] | Loss 136380.137784 | RMSE_NINO 159.286955  | RMSE 121.405718 | MAPE: 3.346208 | Likelihood -148838.059659 | KL fp 2.0090 | FP STD 0.1545|
Epoch 0090 [Test seq (cond on sampled tp)] | Loss 7038.908447 | RMSE 42.797010 | RMSE 46.784415 | MAPE: 1.268443 | Likelihood -7296.588623 | KL fp 2.2095 | FP STD 0.1260|
KL coef: 0.0
Epoch 0091 [Train seq (cond on sampled tp)] | Loss 157585.500000 | RMSE_NINO 168.873105  | RMSE 130.262081 | MAPE: 3.550993 | Likelihood -170069.487216 | KL fp 2.0096 | FP STD 0.1538|
Epoch 0091 [Test seq (cond on sampled tp)] | Loss 7044.832275 | RMSE 47.955848 | RMSE 32.243413 | MAPE: 0.934820 | Likelihood -9253.773926 | KL fp 2.2107 | FP STD 0.1258|
KL coef: 0.0
Epoch 0092 [Train seq (cond on sampled tp)] | Loss 178591.799716 | RMSE_NINO 172.775135  | RMSE 137.985376 | MAPE: 3.719267 | Likelihood -193761.997159 | KL fp 2.0082 | FP STD 0.1548|
Epoch 0092 [Test seq (cond on sampled tp)] | Loss 7677.582275 | RMSE 40.338817 | RMSE 35.977899 | MAPE: 0.948365 | Likelihood -7999.870605 | KL fp 2.2120 | FP STD 0.1255|
KL coef: 0.0
Epoch 0093 [Train seq (cond on sampled tp)] | Loss 212153.022727 | RMSE_NINO 192.296672  | RMSE 149.354707 | MAPE: 4.092969 | Likelihood -227767.875000 | KL fp 2.0146 | FP STD 0.1541|
Epoch 0093 [Test seq (cond on sampled tp)] | Loss 8907.059082 | RMSE 51.023084 | RMSE 31.270514 | MAPE: 0.878359 | Likelihood -11664.496094 | KL fp 2.2132 | FP STD 0.1253|
KL coef: 0.0
Epoch 0094 [Train seq (cond on sampled tp)] | Loss 233233.110795 | RMSE_NINO 195.186639  | RMSE 158.201173 | MAPE: 4.241854 | Likelihood -248652.526989 | KL fp 2.0115 | FP STD 0.1538|
Epoch 0094 [Test seq (cond on sampled tp)] | Loss 11137.242676 | RMSE 55.951701 | RMSE 37.950187 | MAPE: 1.091274 | Likelihood -12583.365234 | KL fp 2.2145 | FP STD 0.1250|
KL coef: 0.0
Epoch 0095 [Train seq (cond on sampled tp)] | Loss 268548.024148 | RMSE_NINO 216.092094  | RMSE 168.156627 | MAPE: 4.495831 | Likelihood -289723.029830 | KL fp 2.0204 | FP STD 0.1535|
Epoch 0095 [Test seq (cond on sampled tp)] | Loss 10332.613770 | RMSE 57.437977 | RMSE 45.448489 | MAPE: 1.285682 | Likelihood -15120.159180 | KL fp 2.2160 | FP STD 0.1249|
KL coef: 0.0
Epoch 0096 [Train seq (cond on sampled tp)] | Loss 300072.090909 | RMSE_NINO 222.180746  | RMSE 180.972335 | MAPE: 4.797446 | Likelihood -326171.806818 | KL fp 2.0155 | FP STD 0.1531|
Epoch 0096 [Test seq (cond on sampled tp)] | Loss 14170.222656 | RMSE 71.806290 | RMSE 50.181039 | MAPE: 1.444941 | Likelihood -19056.141602 | KL fp 2.2173 | FP STD 0.1247|
KL coef: 0.0
Epoch 0097 [Train seq (cond on sampled tp)] | Loss 353505.627841 | RMSE_NINO 251.189257  | RMSE 193.663481 | MAPE: 5.304069 | Likelihood -379024.701705 | KL fp 2.0131 | FP STD 0.1537|
Epoch 0097 [Test seq (cond on sampled tp)] | Loss 16352.270508 | RMSE 67.040905 | RMSE 40.016554 | MAPE: 1.071275 | Likelihood -19555.289062 | KL fp 2.2184 | FP STD 0.1244|
KL coef: 0.0
Epoch 0098 [Train seq (cond on sampled tp)] | Loss 391871.588068 | RMSE_NINO 265.832078  | RMSE 205.046312 | MAPE: 5.630312 | Likelihood -417853.727273 | KL fp 2.0167 | FP STD 0.1530|
Epoch 0098 [Test seq (cond on sampled tp)] | Loss 26956.375977 | RMSE 64.694478 | RMSE 29.856171 | MAPE: 0.717318 | Likelihood -28279.668945 | KL fp 2.2202 | FP STD 0.1243|
KL coef: 0.0
Epoch 0099 [Train seq (cond on sampled tp)] | Loss 446156.403409 | RMSE_NINO 265.624930  | RMSE 215.945168 | MAPE: 5.645664 | Likelihood -470431.133523 | KL fp 2.0153 | FP STD 0.1529|
Epoch 0099 [Test seq (cond on sampled tp)] | Loss 19818.261719 | RMSE 74.003246 | RMSE 59.395668 | MAPE: 1.649409 | Likelihood -25599.163086 | KL fp 2.2210 | FP STD 0.1241|
KL coef: 0.0
Epoch 0100 [Train seq (cond on sampled tp)] | Loss 481338.701705 | RMSE_NINO 278.348281  | RMSE 227.651145 | MAPE: 6.112215 | Likelihood -513949.593750 | KL fp 2.0274 | FP STD 0.1521|
Epoch 0100 [Test seq (cond on sampled tp)] | Loss 20265.144531 | RMSE 73.256963 | RMSE 38.968981 | MAPE: 1.100125 | Likelihood -22976.081055 | KL fp 2.2217 | FP STD 0.1239|
KL coef: 0.0
Epoch 0101 [Train seq (cond on sampled tp)] | Loss 560372.102273 | RMSE_NINO 304.998757  | RMSE 242.882928 | MAPE: 6.549767 | Likelihood -593127.133523 | KL fp 2.0232 | FP STD 0.1519|
Epoch 0101 [Test seq (cond on sampled tp)] | Loss 28173.576172 | RMSE 88.901711 | RMSE 67.041726 | MAPE: 1.883741 | Likelihood -31029.349609 | KL fp 2.2225 | FP STD 0.1238|
KL coef: 0.0
Epoch 0102 [Train seq (cond on sampled tp)] | Loss 625768.130682 | RMSE_NINO 325.598260  | RMSE 258.839503 | MAPE: 6.950921 | Likelihood -670002.659091 | KL fp 2.0252 | FP STD 0.1527|
Epoch 0102 [Test seq (cond on sampled tp)] | Loss 24345.169922 | RMSE 66.483973 | RMSE 51.013158 | MAPE: 1.313136 | Likelihood -30725.569336 | KL fp 2.2231 | FP STD 0.1236|
KL coef: 0.0
Epoch 0103 [Train seq (cond on sampled tp)] | Loss 677581.755682 | RMSE_NINO 343.758469  | RMSE 272.690661 | MAPE: 7.403888 | Likelihood -726045.875000 | KL fp 2.0177 | FP STD 0.1525|
Epoch 0103 [Test seq (cond on sampled tp)] | Loss 29195.834961 | RMSE 95.803677 | RMSE 67.434521 | MAPE: 1.947626 | Likelihood -35573.914062 | KL fp 2.2241 | FP STD 0.1235|
KL coef: 0.0
Epoch 0104 [Train seq (cond on sampled tp)] | Loss 795751.102273 | RMSE_NINO 377.266373  | RMSE 290.616913 | MAPE: 8.096544 | Likelihood -847467.795455 | KL fp 2.0238 | FP STD 0.1520|
Epoch 0104 [Test seq (cond on sampled tp)] | Loss 37926.990234 | RMSE 144.987936 | RMSE 105.809701 | MAPE: 3.099522 | Likelihood -50718.039062 | KL fp 2.2254 | FP STD 0.1233|
KL coef: 0.0
Epoch 0105 [Train seq (cond on sampled tp)] | Loss 870296.454545 | RMSE_NINO 394.293362  | RMSE 310.112438 | MAPE: 8.526209 | Likelihood -930150.039773 | KL fp 2.0272 | FP STD 0.1521|
Epoch 0105 [Test seq (cond on sampled tp)] | Loss 37872.458984 | RMSE 115.673709 | RMSE 44.163587 | MAPE: 1.277208 | Likelihood -53347.746094 | KL fp 2.2258 | FP STD 0.1232|
KL coef: 0.0
Epoch 0106 [Train seq (cond on sampled tp)] | Loss 954980.630682 | RMSE_NINO 415.295376  | RMSE 322.097122 | MAPE: 8.921273 | Likelihood -1027426.715909 | KL fp 2.0277 | FP STD 0.1515|
Epoch 0106 [Test seq (cond on sampled tp)] | Loss 41990.306641 | RMSE 115.794230 | RMSE 55.020474 | MAPE: 1.567128 | Likelihood -50151.031250 | KL fp 2.2264 | FP STD 0.1231|
KL coef: 0.0
Epoch 0107 [Train seq (cond on sampled tp)] | Loss 1073184.727273 | RMSE_NINO 432.853473  | RMSE 345.413380 | MAPE: 9.395227 | Likelihood -1165019.204545 | KL fp 2.0245 | FP STD 0.1520|
Epoch 0107 [Test seq (cond on sampled tp)] | Loss 66008.267578 | RMSE 149.042779 | RMSE 152.738964 | MAPE: 4.209614 | Likelihood -68440.972656 | KL fp 2.2269 | FP STD 0.1230|
KL coef: 0.0
Epoch 0108 [Train seq (cond on sampled tp)] | Loss 1203659.500000 | RMSE_NINO 438.960385  | RMSE 365.271363 | MAPE: 9.674177 | Likelihood -1283151.931818 | KL fp 2.0303 | FP STD 0.1512|
Epoch 0108 [Test seq (cond on sampled tp)] | Loss 46898.494141 | RMSE 138.678203 | RMSE 47.883653 | MAPE: 1.393022 | Likelihood -66782.515625 | KL fp 2.2278 | FP STD 0.1229|
KL coef: 0.0
Epoch 0109 [Train seq (cond on sampled tp)] | Loss 1299696.500000 | RMSE_NINO 467.007326  | RMSE 382.272965 | MAPE: 10.140636 | Likelihood -1378911.761364 | KL fp 2.0275 | FP STD 0.1513|
Epoch 0109 [Test seq (cond on sampled tp)] | Loss 50289.488281 | RMSE 119.126680 | RMSE 61.411620 | MAPE: 1.655417 | Likelihood -62678.773438 | KL fp 2.2289 | FP STD 0.1228|
KL coef: 0.0
Epoch 0110 [Train seq (cond on sampled tp)] | Loss 1393062.477273 | RMSE_NINO 510.690074  | RMSE 404.523305 | MAPE: 10.978785 | Likelihood -1507968.352273 | KL fp 2.0284 | FP STD 0.1515|
Epoch 0110 [Test seq (cond on sampled tp)] | Loss 81667.644531 | RMSE 172.675790 | RMSE 131.794209 | MAPE: 3.693075 | Likelihood -93260.015625 | KL fp 2.2298 | FP STD 0.1226|
KL coef: 0.0
Epoch 0111 [Train seq (cond on sampled tp)] | Loss 1594227.511364 | RMSE_NINO 527.778481  | RMSE 430.212046 | MAPE: 11.665508 | Likelihood -1723067.318182 | KL fp 2.0311 | FP STD 0.1509|
Epoch 0111 [Test seq (cond on sampled tp)] | Loss 82710.160156 | RMSE 168.463872 | RMSE 136.773881 | MAPE: 3.585706 | Likelihood -132692.843750 | KL fp 2.2306 | FP STD 0.1225|
KL coef: 0.0
Epoch 0112 [Train seq (cond on sampled tp)] | Loss 1832023.693182 | RMSE_NINO 540.481387  | RMSE 447.377992 | MAPE: 12.140592 | Likelihood -1928571.545455 | KL fp 2.0273 | FP STD 0.1512|
Epoch 0112 [Test seq (cond on sampled tp)] | Loss 75020.699219 | RMSE 159.645472 | RMSE 64.504197 | MAPE: 1.868338 | Likelihood -86041.093750 | KL fp 2.2316 | FP STD 0.1224|
KL coef: 0.0
Epoch 0113 [Train seq (cond on sampled tp)] | Loss 1955696.409091 | RMSE_NINO 602.229795  | RMSE 469.817051 | MAPE: 13.000820 | Likelihood -2076332.386364 | KL fp 2.0263 | FP STD 0.1520|
Epoch 0113 [Test seq (cond on sampled tp)] | Loss 83462.296875 | RMSE 154.467092 | RMSE 128.731651 | MAPE: 3.453815 | Likelihood -128523.375000 | KL fp 2.2314 | FP STD 0.1224|
KL coef: 0.0
Epoch 0114 [Train seq (cond on sampled tp)] | Loss 2218691.579545 | RMSE_NINO 608.376156  | RMSE 501.489275 | MAPE: 13.558611 | Likelihood -2325624.863636 | KL fp 2.0334 | FP STD 0.1510|
Epoch 0114 [Test seq (cond on sampled tp)] | Loss 190663.859375 | RMSE 259.596062 | RMSE 288.208000 | MAPE: 7.982146 | Likelihood -227590.453125 | KL fp 2.2316 | FP STD 0.1223|
KL coef: 0.0
Epoch 0115 [Train seq (cond on sampled tp)] | Loss 2471839.454545 | RMSE_NINO 660.996751  | RMSE 527.753829 | MAPE: 14.510216 | Likelihood -2596833.590909 | KL fp 2.0255 | FP STD 0.1514|
Epoch 0115 [Test seq (cond on sampled tp)] | Loss 104829.234375 | RMSE 155.958145 | RMSE 121.080667 | MAPE: 3.149430 | Likelihood -165382.203125 | KL fp 2.2319 | FP STD 0.1222|
KL coef: 0.0
Epoch 0116 [Train seq (cond on sampled tp)] | Loss 2625316.909091 | RMSE_NINO 672.912831  | RMSE 560.986889 | MAPE: 15.075025 | Likelihood -2827225.954545 | KL fp 2.0347 | FP STD 0.1509|
Epoch 0116 [Test seq (cond on sampled tp)] | Loss 130991.847656 | RMSE 242.615917 | RMSE 124.945706 | MAPE: 3.517443 | Likelihood -210275.929688 | KL fp 2.2322 | FP STD 0.1221|
KL coef: 0.0
Epoch 0117 [Train seq (cond on sampled tp)] | Loss 2869861.068182 | RMSE_NINO 710.232298  | RMSE 589.450130 | MAPE: 15.824700 | Likelihood -3139821.409091 | KL fp 2.0304 | FP STD 0.1502|
Epoch 0117 [Test seq (cond on sampled tp)] | Loss 217675.109375 | RMSE 315.663927 | RMSE 333.752853 | MAPE: 9.339287 | Likelihood -286541.718750 | KL fp 2.2325 | FP STD 0.1220|
KL coef: 0.0
Epoch 0118 [Train seq (cond on sampled tp)] | Loss 3259112.681818 | RMSE_NINO 745.889674  | RMSE 614.351723 | MAPE: 16.728296 | Likelihood -3426280.795455 | KL fp 2.0229 | FP STD 0.1514|
Epoch 0118 [Test seq (cond on sampled tp)] | Loss 230067.312500 | RMSE 340.797109 | RMSE 327.620093 | MAPE: 9.260722 | Likelihood -351885.406250 | KL fp 2.2330 | FP STD 0.1220|
KL coef: 0.0
Epoch 0119 [Train seq (cond on sampled tp)] | Loss 3342664.159091 | RMSE_NINO 738.460203  | RMSE 632.845628 | MAPE: 16.748369 | Likelihood -3511364.045455 | KL fp 2.0270 | FP STD 0.1512|
Epoch 0119 [Test seq (cond on sampled tp)] | Loss 150728.484375 | RMSE 219.151599 | RMSE 147.746080 | MAPE: 4.049594 | Likelihood -200445.046875 | KL fp 2.2335 | FP STD 0.1219|
KL coef: 0.0
Epoch 0120 [Train seq (cond on sampled tp)] | Loss 3691307.681818 | RMSE_NINO 763.284409  | RMSE 670.486357 | MAPE: 17.727233 | Likelihood -3889719.318182 | KL fp 2.0309 | FP STD 0.1511|
Epoch 0120 [Test seq (cond on sampled tp)] | Loss 152445.554688 | RMSE 256.919700 | RMSE 175.654673 | MAPE: 5.045949 | Likelihood -194528.445312 | KL fp 2.2342 | FP STD 0.1218|
KL coef: 0.0
Epoch 0121 [Train seq (cond on sampled tp)] | Loss 3930258.340909 | RMSE_NINO 811.106775  | RMSE 681.618709 | MAPE: 18.290320 | Likelihood -4257412.454545 | KL fp 2.0373 | FP STD 0.1505|
Epoch 0121 [Test seq (cond on sampled tp)] | Loss 481355.468750 | RMSE 452.853318 | RMSE 547.611075 | MAPE: 14.968034 | Likelihood -570936.593750 | KL fp 2.2347 | FP STD 0.1218|
KL coef: 0.0
Epoch 0122 [Train seq (cond on sampled tp)] | Loss 4229832.000000 | RMSE_NINO 864.668398  | RMSE 723.484154 | MAPE: 19.656524 | Likelihood -4547337.136364 | KL fp 2.0350 | FP STD 0.1503|
Epoch 0122 [Test seq (cond on sampled tp)] | Loss 278660.921875 | RMSE 324.961491 | RMSE 245.469415 | MAPE: 6.989061 | Likelihood -370484.593750 | KL fp 2.2345 | FP STD 0.1217|
KL coef: 0.0
Epoch 0123 [Train seq (cond on sampled tp)] | Loss 4531793.136364 | RMSE_NINO 872.422967  | RMSE 742.377143 | MAPE: 19.821268 | Likelihood -4805679.590909 | KL fp 2.0338 | FP STD 0.1503|
Epoch 0123 [Test seq (cond on sampled tp)] | Loss 351545.531250 | RMSE 357.278951 | RMSE 383.741541 | MAPE: 10.634957 | Likelihood -475630.687500 | KL fp 2.2347 | FP STD 0.1217|
KL coef: 0.0
Epoch 0124 [Train seq (cond on sampled tp)] | Loss 4697181.500000 | RMSE_NINO 920.330895  | RMSE 759.407377 | MAPE: 20.960020 | Likelihood -5143075.636364 | KL fp 2.0322 | FP STD 0.1509|
Epoch 0124 [Test seq (cond on sampled tp)] | Loss 418563.140625 | RMSE 318.383986 | RMSE 304.687909 | MAPE: 8.399328 | Likelihood -440744.281250 | KL fp 2.2352 | FP STD 0.1216|
KL coef: 0.0
Epoch 0125 [Train seq (cond on sampled tp)] | Loss 5209751.863636 | RMSE_NINO 908.750189  | RMSE 791.736711 | MAPE: 20.953711 | Likelihood -5585781.454545 | KL fp 2.0397 | FP STD 0.1500|
Epoch 0125 [Test seq (cond on sampled tp)] | Loss 231165.867188 | RMSE 274.313125 | RMSE 112.834878 | MAPE: 3.394383 | Likelihood -326812.546875 | KL fp 2.2355 | FP STD 0.1216|
KL coef: 0.0
Epoch 0126 [Train seq (cond on sampled tp)] | Loss 5584322.045455 | RMSE_NINO 973.242634  | RMSE 826.977917 | MAPE: 22.302713 | Likelihood -6017316.181818 | KL fp 2.0346 | FP STD 0.1503|
Epoch 0126 [Test seq (cond on sampled tp)] | Loss 329981.195312 | RMSE 328.117567 | RMSE 312.028433 | MAPE: 8.691281 | Likelihood -454122.187500 | KL fp 2.2358 | FP STD 0.1215|
KL coef: 0.0
Epoch 0127 [Train seq (cond on sampled tp)] | Loss 6248889.954545 | RMSE_NINO 1028.612359  | RMSE 870.998766 | MAPE: 23.261790 | Likelihood -6721803.818182 | KL fp 2.0308 | FP STD 0.1505|
Epoch 0127 [Test seq (cond on sampled tp)] | Loss 567282.937500 | RMSE 440.223046 | RMSE 487.241057 | MAPE: 13.419037 | Likelihood -787631.093750 | KL fp 2.2357 | FP STD 0.1215|
KL coef: 0.0
Epoch 0128 [Train seq (cond on sampled tp)] | Loss 6591276.090909 | RMSE_NINO 1078.175853  | RMSE 897.184761 | MAPE: 24.501601 | Likelihood -6949162.727273 | KL fp 2.0352 | FP STD 0.1501|
Epoch 0128 [Test seq (cond on sampled tp)] | Loss 295941.148438 | RMSE 352.324479 | RMSE 336.132827 | MAPE: 9.406107 | Likelihood -549602.000000 | KL fp 2.2358 | FP STD 0.1214|
KL coef: 0.0
Epoch 0129 [Train seq (cond on sampled tp)] | Loss 7191797.590909 | RMSE_NINO 1138.864972  | RMSE 933.764977 | MAPE: 25.804230 | Likelihood -7645711.454545 | KL fp 2.0300 | FP STD 0.1505|
Epoch 0129 [Test seq (cond on sampled tp)] | Loss 490879.000000 | RMSE 421.158316 | RMSE 428.689638 | MAPE: 12.012116 | Likelihood -578651.875000 | KL fp 2.2361 | FP STD 0.1214|
KL coef: 0.0
Epoch 0130 [Train seq (cond on sampled tp)] | Loss 7900022.818182 | RMSE_NINO 1153.397079  | RMSE 965.851337 | MAPE: 26.152704 | Likelihood -8325181.272727 | KL fp 2.0305 | FP STD 0.1503|
Epoch 0130 [Test seq (cond on sampled tp)] | Loss 696476.343750 | RMSE 501.753570 | RMSE 577.373138 | MAPE: 15.947687 | Likelihood -844126.843750 | KL fp 2.2361 | FP STD 0.1213|
KL coef: 0.0
Epoch 0131 [Train seq (cond on sampled tp)] | Loss 8228553.727273 | RMSE_NINO 1137.635604  | RMSE 1003.008916 | MAPE: 26.530304 | Likelihood -8580280.727273 | KL fp 2.0367 | FP STD 0.1503|
Epoch 0131 [Test seq (cond on sampled tp)] | Loss 516532.203125 | RMSE 379.080811 | RMSE 389.075301 | MAPE: 10.660063 | Likelihood -727447.859375 | KL fp 2.2363 | FP STD 0.1213|
KL coef: 0.0
Epoch 0132 [Train seq (cond on sampled tp)] | Loss 8800881.681818 | RMSE_NINO 1217.524745  | RMSE 1033.326855 | MAPE: 27.936126 | Likelihood -9340913.090909 | KL fp 2.0341 | FP STD 0.1506|
Epoch 0132 [Test seq (cond on sampled tp)] | Loss 692824.500000 | RMSE 532.518599 | RMSE 521.584341 | MAPE: 14.627931 | Likelihood -917394.843750 | KL fp 2.2367 | FP STD 0.1212|
KL coef: 0.0
Epoch 0133 [Train seq (cond on sampled tp)] | Loss 8901606.090909 | RMSE_NINO 1249.777262  | RMSE 1052.858647 | MAPE: 28.918519 | Likelihood -9728210.363636 | KL fp 2.0350 | FP STD 0.1503|
Epoch 0133 [Test seq (cond on sampled tp)] | Loss 819577.187500 | RMSE 461.051030 | RMSE 453.027813 | MAPE: 12.444753 | Likelihood -960139.937500 | KL fp 2.2371 | FP STD 0.1212|
KL coef: 0.0
Epoch 0134 [Train seq (cond on sampled tp)] | Loss 9880144.363636 | RMSE_NINO 1327.833433  | RMSE 1094.304462 | MAPE: 29.772941 | Likelihood -10508906.909091 | KL fp 2.0350 | FP STD 0.1497|
Epoch 0134 [Test seq (cond on sampled tp)] | Loss 590952.484375 | RMSE 493.910607 | RMSE 468.693556 | MAPE: 13.140760 | Likelihood -914863.593750 | KL fp 2.2383 | FP STD 0.1212|
KL coef: 0.0
Epoch 0135 [Train seq (cond on sampled tp)] | Loss 10430495.818182 | RMSE_NINO 1328.252714  | RMSE 1120.319872 | MAPE: 30.357193 | Likelihood -11142278.818182 | KL fp 2.0325 | FP STD 0.1506|
Epoch 0135 [Test seq (cond on sampled tp)] | Loss 1130413.406250 | RMSE 666.341973 | RMSE 653.017996 | MAPE: 18.349469 | Likelihood -1415862.062500 | KL fp 2.2381 | FP STD 0.1211|
KL coef: 0.0
Epoch 0136 [Train seq (cond on sampled tp)] | Loss 11516541.454545 | RMSE_NINO 1409.124333  | RMSE 1164.105054 | MAPE: 32.340671 | Likelihood -12007891.000000 | KL fp 2.0308 | FP STD 0.1504|
Epoch 0136 [Test seq (cond on sampled tp)] | Loss 943314.156250 | RMSE 463.677422 | RMSE 516.711895 | MAPE: 13.912887 | Likelihood -1152915.750000 | KL fp 2.2386 | FP STD 0.1211|
KL coef: 0.0
Epoch 0137 [Train seq (cond on sampled tp)] | Loss 12021945.727273 | RMSE_NINO 1434.426999  | RMSE 1206.642789 | MAPE: 32.836119 | Likelihood -12805791.636364 | KL fp 2.0366 | FP STD 0.1495|
Epoch 0137 [Test seq (cond on sampled tp)] | Loss 1247140.562500 | RMSE 720.023620 | RMSE 763.579865 | MAPE: 21.256752 | Likelihood -1684139.687500 | KL fp 2.2388 | FP STD 0.1210|
KL coef: 0.0
Epoch 0138 [Train seq (cond on sampled tp)] | Loss 12913527.363636 | RMSE_NINO 1424.646453  | RMSE 1246.995672 | MAPE: 32.898390 | Likelihood -13613400.363636 | KL fp 2.0337 | FP STD 0.1502|
Epoch 0138 [Test seq (cond on sampled tp)] | Loss 783041.468750 | RMSE 442.330851 | RMSE 539.003146 | MAPE: 14.391966 | Likelihood -1102118.187500 | KL fp 2.2390 | FP STD 0.1210|
KL coef: 0.0
Epoch 0139 [Train seq (cond on sampled tp)] | Loss 13581767.727273 | RMSE_NINO 1534.747599  | RMSE 1255.946375 | MAPE: 34.162763 | Likelihood -14358477.636364 | KL fp 2.0345 | FP STD 0.1503|
Epoch 0139 [Test seq (cond on sampled tp)] | Loss 901565.031250 | RMSE 632.181259 | RMSE 625.230201 | MAPE: 17.859515 | Likelihood -1340611.875000 | KL fp 2.2394 | FP STD 0.1210|
KL coef: 0.0
Epoch 0140 [Train seq (cond on sampled tp)] | Loss 14037187.818182 | RMSE_NINO 1591.916590  | RMSE 1292.790425 | MAPE: 35.377723 | Likelihood -14825271.727273 | KL fp 2.0391 | FP STD 0.1495|
Epoch 0140 [Test seq (cond on sampled tp)] | Loss 1563518.062500 | RMSE 539.368481 | RMSE 454.257370 | MAPE: 12.424872 | Likelihood -1860844.375000 | KL fp 2.2398 | FP STD 0.1209|
KL coef: 0.0
Epoch 0141 [Train seq (cond on sampled tp)] | Loss 15390353.545455 | RMSE_NINO 1687.777115  | RMSE 1345.035302 | MAPE: 37.321367 | Likelihood -16222875.181818 | KL fp 2.0359 | FP STD 0.1502|
Epoch 0141 [Test seq (cond on sampled tp)] | Loss 755599.781250 | RMSE 624.629534 | RMSE 477.531667 | MAPE: 13.830223 | Likelihood -1269908.500000 | KL fp 2.2400 | FP STD 0.1209|
KL coef: 0.0
Epoch 0142 [Train seq (cond on sampled tp)] | Loss 15131317.636364 | RMSE_NINO 1658.093966  | RMSE 1346.657571 | MAPE: 36.483786 | Likelihood -16361958.272727 | KL fp 2.0409 | FP STD 0.1494|
Epoch 0142 [Test seq (cond on sampled tp)] | Loss 2463689.375000 | RMSE 948.327305 | RMSE 993.527084 | MAPE: 28.061756 | Likelihood -2942190.125000 | KL fp 2.2402 | FP STD 0.1209|
KL coef: 0.0
Epoch 0143 [Train seq (cond on sampled tp)] | Loss 16495142.727273 | RMSE_NINO 1740.696870  | RMSE 1438.349640 | MAPE: 38.781632 | Likelihood -17864573.454545 | KL fp 2.0387 | FP STD 0.1493|
Epoch 0143 [Test seq (cond on sampled tp)] | Loss 1811680.812500 | RMSE 895.179752 | RMSE 1056.890797 | MAPE: 29.439745 | Likelihood -2297406.875000 | KL fp 2.2403 | FP STD 0.1208|
KL coef: 0.0
Epoch 0144 [Train seq (cond on sampled tp)] | Loss 17278925.363636 | RMSE_NINO 1640.705036  | RMSE 1419.084942 | MAPE: 37.963824 | Likelihood -18345212.363636 | KL fp 2.0384 | FP STD 0.1502|
Epoch 0144 [Test seq (cond on sampled tp)] | Loss 1684993.187500 | RMSE 534.707132 | RMSE 248.238021 | MAPE: 7.077774 | Likelihood -2151223.187500 | KL fp 2.2404 | FP STD 0.1208|
KL coef: 0.0
Epoch 0145 [Train seq (cond on sampled tp)] | Loss 17901099.363636 | RMSE_NINO 1792.437275  | RMSE 1455.261789 | MAPE: 40.314082 | Likelihood -19257193.090909 | KL fp 2.0377 | FP STD 0.1496|
Epoch 0145 [Test seq (cond on sampled tp)] | Loss 1846662.562500 | RMSE 884.089649 | RMSE 886.562643 | MAPE: 25.008474 | Likelihood -2217013.375000 | KL fp 2.2407 | FP STD 0.1208|
KL coef: 0.0
Epoch 0146 [Train seq (cond on sampled tp)] | Loss 18797906.909091 | RMSE_NINO 1826.461070  | RMSE 1488.395927 | MAPE: 40.821577 | Likelihood -19810748.909091 | KL fp 2.0370 | FP STD 0.1502|
Epoch 0146 [Test seq (cond on sampled tp)] | Loss 1191115.218750 | RMSE 695.566672 | RMSE 572.345270 | MAPE: 16.410261 | Likelihood -1984151.875000 | KL fp 2.2407 | FP STD 0.1207|
KL coef: 0.0
Epoch 0147 [Train seq (cond on sampled tp)] | Loss 19584286.909091 | RMSE_NINO 1893.113057  | RMSE 1512.342706 | MAPE: 41.437593 | Likelihood -21125352.545455 | KL fp 2.0394 | FP STD 0.1497|
Epoch 0147 [Test seq (cond on sampled tp)] | Loss 2275875.750000 | RMSE 880.536886 | RMSE 984.958597 | MAPE: 27.276844 | Likelihood -2676233.750000 | KL fp 2.2409 | FP STD 0.1207|
KL coef: 0.0
